Log file open, 03/05/20 23:48:42
LogWindows: Failed to load 'aqProf.dll' (GetLastError=126)
LogWindows: File 'aqProf.dll' does not exist
LogWindows: Failed to load 'VtuneApi.dll' (GetLastError=126)
LogWindows: File 'VtuneApi.dll' does not exist
LogWindows: Failed to load 'VtuneApi32e.dll' (GetLastError=126)
LogWindows: File 'VtuneApi32e.dll' does not exist
LogConsoleResponse: Display: Failed to find resolution value strings in scalability ini. Falling back to default.
LogInit: Display: Running engine for game: InventorySystem_V1
LogPakFile: Registered encryption key '00000000000000000000000000000000': 0 pak files mounted, 0 remain pending
LogPlatformFile: Not using cached read wrapper
LogTaskGraph: Started task graph with 5 named threads and 11 total threads with 3 sets of task threads.
LogStats: Stats thread started at 0.244852
LogD3D11RHI: Loaded GFSDK_Aftermath_Lib.x64.dll
LogICUInternationalization: ICU TimeZone Detection - Raw Offset: +1:00, Platform Override: ''
LogPluginManager: Mounting plugin Paper2D
LogPluginManager: Mounting plugin AISupport
LogPluginManager: Mounting plugin LightPropagationVolume
LogPluginManager: Mounting plugin ActorLayerUtilities
LogPluginManager: Mounting plugin AnimationSharing
LogPluginManager: Mounting plugin CLionSourceCodeAccess
LogPluginManager: Mounting plugin CodeLiteSourceCodeAccess
LogPluginManager: Mounting plugin GitSourceControl
LogPluginManager: Mounting plugin KDevelopSourceCodeAccess
LogPluginManager: Mounting plugin NullSourceCodeAccess
LogPluginManager: Mounting plugin PerforceSourceControl
LogPluginManager: Mounting plugin SubversionSourceControl
LogPluginManager: Mounting plugin UObjectPlugin
LogPluginManager: Mounting plugin VisualStudioCodeSourceCodeAccess
LogPluginManager: Mounting plugin VisualStudioSourceCodeAccess
LogPluginManager: Mounting plugin XCodeSourceCodeAccess
LogPluginManager: Mounting plugin AssetManagerEditor
LogPluginManager: Mounting plugin CryptoKeys
LogPluginManager: Mounting plugin DataValidation
LogPluginManager: Mounting plugin FacialAnimation
LogPluginManager: Mounting plugin GameplayTagsEditor
LogPluginManager: Mounting plugin MacGraphicsSwitching
LogPluginManager: Mounting plugin MaterialAnalyzer
LogPluginManager: Mounting plugin MobileLauncherProfileWizard
LogPluginManager: Mounting plugin PluginBrowser
LogPluginManager: Mounting plugin SpeedTreeImporter
LogPluginManager: Mounting plugin DatasmithContent
LogPluginManager: Mounting plugin VariantManagerContent
LogPluginManager: Mounting plugin AlembicImporter
LogPluginManager: Mounting plugin AppleImageUtils
LogPluginManager: Mounting plugin AppleVision
LogPluginManager: Mounting plugin BackChannel
LogPluginManager: Mounting plugin CharacterAI
LogPluginManager: Mounting plugin GeometryCache
LogPluginManager: Mounting plugin HTML5Networking
LogPluginManager: Mounting plugin ProxyLODPlugin
LogPluginManager: Mounting plugin SkeletalReduction
LogPluginManager: Mounting plugin MagicLeap
LogPluginManager: Mounting plugin MagicLeapMedia
LogPluginManager: Mounting plugin AndroidMedia
LogPluginManager: Mounting plugin AvfMedia
LogPluginManager: Mounting plugin ImgMedia
LogPluginManager: Mounting plugin LinearTimecode
LogPluginManager: Mounting plugin MediaCompositing
LogPluginManager: Mounting plugin MediaPlayerEditor
LogPluginManager: Mounting plugin WebMMedia
LogPluginManager: Mounting plugin WmfMedia
LogPluginManager: Mounting plugin TcpMessaging
LogPluginManager: Mounting plugin UdpMessaging
LogPluginManager: Mounting plugin ActorSequence
LogPluginManager: Mounting plugin LevelSequenceEditor
LogPluginManager: Mounting plugin MatineeToLevelSequence
LogPluginManager: Mounting plugin NetcodeUnitTest
LogPluginManager: Mounting plugin NUTUnrealEngine4
LogPluginManager: Mounting plugin OnlineSubsystemGooglePlay
LogPluginManager: Mounting plugin OnlineSubsystemIOS
LogPluginManager: Mounting plugin OnlineSubsystem
LogPluginManager: Mounting plugin OnlineSubsystemNull
LogPluginManager: Mounting plugin OnlineSubsystemUtils
LogPluginManager: Mounting plugin LauncherChunkInstaller
LogPluginManager: Mounting plugin AndroidDeviceProfileSelector
LogPluginManager: Mounting plugin AndroidMoviePlayer
LogPluginManager: Mounting plugin AndroidPermission
LogPluginManager: Mounting plugin AppleMoviePlayer
LogPluginManager: Mounting plugin ArchVisCharacter
LogPluginManager: Mounting plugin AudioCapture
LogPluginManager: Mounting plugin CableComponent
LogPluginManager: Mounting plugin CustomMeshComponent
LogPluginManager: Mounting plugin EditableMesh
LogPluginManager: Mounting plugin ExampleDeviceProfileSelector
LogPluginManager: Mounting plugin Firebase
LogPluginManager: Mounting plugin GoogleCloudMessaging
LogPluginManager: Mounting plugin IOSDeviceProfileSelector
LogPluginManager: Mounting plugin LinuxDeviceProfileSelector
LogPluginManager: Mounting plugin LocationServicesBPLibrary
LogPluginManager: Mounting plugin MobilePatchingUtils
LogPluginManager: Mounting plugin OculusVR
LogPluginManager: Mounting plugin PhysXVehicles
LogPluginManager: Mounting plugin ProceduralMeshComponent
LogPluginManager: Mounting plugin RuntimePhysXCooking
LogPluginManager: Mounting plugin SignificanceManager
LogPluginManager: Mounting plugin SteamVR
LogPluginManager: Mounting plugin WebMMoviePlayer
LogPluginManager: Mounting plugin WindowsMoviePlayer
LogInit: Using libcurl 7.55.1-DEV
LogInit:  - built for x86_64-pc-win32
LogInit:  - supports SSL with OpenSSL/1.1.1
LogInit:  - supports HTTP deflate (compression) using libz 1.2.8
LogInit:  - other features:
LogInit:      CURL_VERSION_SSL
LogInit:      CURL_VERSION_LIBZ
LogInit:      CURL_VERSION_IPV6
LogInit:      CURL_VERSION_ASYNCHDNS
LogInit:      CURL_VERSION_LARGEFILE
LogInit:      CURL_VERSION_IDN
LogInit:  CurlRequestOptions (configurable via config and command line):
LogInit:  - bVerifyPeer = true  - Libcurl will verify peer certificate
LogInit:  - bUseHttpProxy = false  - Libcurl will NOT use HTTP proxy
LogInit:  - bDontReuseConnections = false  - Libcurl will reuse connections
LogInit:  - MaxHostConnections = 16  - Libcurl will limit the number of connections to a host
LogInit:  - LocalHostAddr = Default
LogInit:  - BufferSize = 65536
LogInit: WinSock: version 1.1 (2.2), MaxSocks=32767, MaxUdp=65467
LogInit: Build: ++UE4+Release-4.22-CL-6063286
LogInit: Engine Version: 4.22.1-6063286+++UE4+Release-4.22
LogInit: Compatible Engine Version: 4.22.0-5660361+++UE4+Release-4.22
LogInit: Net CL: 5660361
LogInit: OS: Windows 10 (Release 1903) (), CPU: Intel(R) Core(TM) i7-6500U CPU @ 2.50GHz, GPU: Intel(R) HD Graphics 520
LogInit: Compiled (64-bit): Apr 24 2019 04:36:48
LogInit: Compiled with Visual C++: 19.16.27025.01
LogInit: Build Configuration: Development
LogInit: Branch Name: ++UE4+Release-4.22
LogInit: Command Line:  -skipcompile
LogInit: Base Directory: C:/Program Files/Epic Games/UE_4.22/Engine/Binaries/Win64/
LogInit: Installed Engine Build: 1
LogDevObjectVersion: Number of dev versions registered: 23
LogDevObjectVersion:   Dev-Blueprints (B0D832E4-1F89-4F0D-ACCF-7EB736FD4AA2): 10
LogDevObjectVersion:   Dev-Build (E1C64328-A22C-4D53-A36C-8E866417BD8C): 0
LogDevObjectVersion:   Dev-Core (375EC13C-06E4-48FB-B500-84F0262A717E): 3
LogDevObjectVersion:   Dev-Editor (E4B068ED-F494-42E9-A231-DA0B2E46BB41): 30
LogDevObjectVersion:   Dev-Framework (CFFC743F-43B0-4480-9391-14DF171D2073): 35
LogDevObjectVersion:   Dev-Mobile (B02B49B5-BB20-44E9-A304-32B752E40360): 2
LogDevObjectVersion:   Dev-Networking (A4E4105C-59A1-49B5-A7C5-40C4547EDFEE): 0
LogDevObjectVersion:   Dev-Online (39C831C9-5AE6-47DC-9A44-9C173E1C8E7C): 0
LogDevObjectVersion:   Dev-Physics (78F01B33-EBEA-4F98-B9B4-84EACCB95AA2): 0
LogDevObjectVersion:   Dev-Platform (6631380F-2D4D-43E0-8009-CF276956A95A): 0
LogDevObjectVersion:   Dev-Rendering (12F88B9F-8875-4AFC-A67C-D90C383ABD29): 28
LogDevObjectVersion:   Dev-Sequencer (7B5AE74C-D270-4C10-A958-57980B212A5A): 11
LogDevObjectVersion:   Dev-VR (D7296918-1DD6-4BDD-9DE2-64A83CC13884): 2
LogDevObjectVersion:   Dev-LoadTimes (C2A15278-BFE7-4AFE-6C17-90FF531DF755): 1
LogDevObjectVersion:   Private-Geometry (6EACA3D4-40EC-4CC1-B786-8BED09428FC5): 3
LogDevObjectVersion:   Dev-AnimPhys (29E575DD-E0A3-4627-9D10-D276232CDCEA): 17
LogDevObjectVersion:   Dev-Anim (AF43A65D-7FD3-4947-9873-3E8ED9C1BB05): 2
LogDevObjectVersion:   Dev-ReflectionCapture (6B266CEC-1EC7-4B8F-A30B-E4D90942FC07): 1
LogDevObjectVersion:   Dev-Automation (0DF73D61-A23F-47EA-B727-89E90C41499A): 1
LogDevObjectVersion:   FortniteMain (601D1886-AC64-4F84-AA16-D3DE0DEAC7D6): 25
LogDevObjectVersion:   Dev-Enterprise (9DFFBCD6-494F-0158-E221-12823C92A888): 6
LogDevObjectVersion:   Dev-Niagara (F2AED0AC-9AFE-416F-8664-AA7FFA26D6FC): 1
LogDevObjectVersion:   Dev-Destruction (174F1F0B-B4C6-45A5-B13F-2EE8D0FB917D): 2
LogInit: Presizing for max 16777216 objects, including 0 objects not considered by GC, pre-allocating 0 bytes for permanent pool.
LogInit: Object subsystem initialized
LogConfig: Setting CVar [[con.DebugEarlyDefault:1]]
LogConfig: Setting CVar [[r.setres:1280x720]]
[2020.03.05-22.48.43:635][  0]LogConfig: Setting CVar [[r.VSync:0]]
[2020.03.05-22.48.43:635][  0]LogConfig: Setting CVar [[r.RHICmdBypass:0]]
[2020.03.05-22.48.43:635][  0]LogConfig: Applying CVar settings from Section [/Script/Engine.RendererSettings] File [C:/Users/Felipe L/Desktop/Games/TankGame/InventorySystem_V1/Saved/Config/Windows/Engine.ini]
[2020.03.05-22.48.43:635][  0]LogConfig: Setting CVar [[r.GPUCrashDebugging:0]]
[2020.03.05-22.48.43:635][  0]LogConfig: Applying CVar settings from Section [/Script/Engine.RendererOverrideSettings] File [C:/Users/Felipe L/Desktop/Games/TankGame/InventorySystem_V1/Saved/Config/Windows/Engine.ini]
[2020.03.05-22.48.43:635][  0]LogConfig: Applying CVar settings from Section [/Script/Engine.StreamingSettings] File [C:/Users/Felipe L/Desktop/Games/TankGame/InventorySystem_V1/Saved/Config/Windows/Engine.ini]
[2020.03.05-22.48.43:636][  0]LogConfig: Setting CVar [[s.MinBulkDataSizeForAsyncLoading:131072]]
[2020.03.05-22.48.43:636][  0]LogConfig: Setting CVar [[s.AsyncLoadingThreadEnabled:0]]
[2020.03.05-22.48.43:636][  0]LogConfig: Setting CVar [[s.EventDrivenLoaderEnabled:1]]
[2020.03.05-22.48.43:636][  0]LogConfig: Setting CVar [[s.WarnIfTimeLimitExceeded:0]]
[2020.03.05-22.48.43:636][  0]LogConfig: Setting CVar [[s.TimeLimitExceededMultiplier:1.5]]
[2020.03.05-22.48.43:636][  0]LogConfig: Setting CVar [[s.TimeLimitExceededMinTime:0.005]]
[2020.03.05-22.48.43:636][  0]LogConfig: Setting CVar [[s.UseBackgroundLevelStreaming:1]]
[2020.03.05-22.48.43:636][  0]LogConfig: Setting CVar [[s.PriorityAsyncLoadingExtraTime:15.0]]
[2020.03.05-22.48.43:636][  0]LogConfig: Setting CVar [[s.LevelStreamingActorsUpdateTimeLimit:5.0]]
[2020.03.05-22.48.43:636][  0]LogConfig: Setting CVar [[s.PriorityLevelStreamingActorsUpdateExtraTime:5.0]]
[2020.03.05-22.48.43:636][  0]LogConfig: Setting CVar [[s.LevelStreamingComponentsRegistrationGranularity:10]]
[2020.03.05-22.48.43:636][  0]LogConfig: Setting CVar [[s.UnregisterComponentsTimeLimit:1.0]]
[2020.03.05-22.48.43:636][  0]LogConfig: Setting CVar [[s.LevelStreamingComponentsUnregistrationGranularity:5]]
[2020.03.05-22.48.43:636][  0]LogConfig: Applying CVar settings from Section [/Script/Engine.GarbageCollectionSettings] File [C:/Users/Felipe L/Desktop/Games/TankGame/InventorySystem_V1/Saved/Config/Windows/Engine.ini]
[2020.03.05-22.48.43:637][  0]LogConfig: Setting CVar [[gc.MaxObjectsNotConsideredByGC:1]]
[2020.03.05-22.48.43:637][  0]LogConfig: Setting CVar [[gc.SizeOfPermanentObjectPool:0]]
[2020.03.05-22.48.43:637][  0]LogConfig: Setting CVar [[gc.FlushStreamingOnGC:0]]
[2020.03.05-22.48.43:637][  0]LogConfig: Setting CVar [[gc.NumRetriesBeforeForcingGC:10]]
[2020.03.05-22.48.43:637][  0]LogConfig: Setting CVar [[gc.AllowParallelGC:1]]
[2020.03.05-22.48.43:637][  0]LogConfig: Setting CVar [[gc.TimeBetweenPurgingPendingKillObjects:61.1]]
[2020.03.05-22.48.43:637][  0]LogConfig: Setting CVar [[gc.MaxObjectsInEditor:16777216]]
[2020.03.05-22.48.43:637][  0]LogConfig: Setting CVar [[gc.IncrementalBeginDestroyEnabled:1]]
[2020.03.05-22.48.43:637][  0]LogConfig: Setting CVar [[gc.CreateGCClusters:1]]
[2020.03.05-22.48.43:637][  0]LogConfig: Setting CVar [[gc.MinGCClusterSize:5]]
[2020.03.05-22.48.43:637][  0]LogConfig: Setting CVar [[gc.ActorClusteringEnabled:0]]
[2020.03.05-22.48.43:637][  0]LogConfig: Setting CVar [[gc.BlueprintClusteringEnabled:0]]
[2020.03.05-22.48.43:637][  0]LogConfig: Setting CVar [[gc.UseDisregardForGCOnDedicatedServers:0]]
[2020.03.05-22.48.43:637][  0]LogConfig: Applying CVar settings from Section [/Script/Engine.NetworkSettings] File [C:/Users/Felipe L/Desktop/Games/TankGame/InventorySystem_V1/Saved/Config/Windows/Engine.ini]
[2020.03.05-22.48.43:637][  0]LogConfig: Applying CVar settings from Section [/Script/UnrealEd.CookerSettings] File [C:/Users/Felipe L/Desktop/Games/TankGame/InventorySystem_V1/Saved/Config/Windows/Engine.ini]
[2020.03.05-22.48.43:649][  0]LogConfig: Applying CVar settings from Section [ViewDistanceQuality@3] File [C:/Users/Felipe L/Desktop/Games/TankGame/InventorySystem_V1/Saved/Config/Windows/Scalability.ini]
[2020.03.05-22.48.43:649][  0]LogConfig: Setting CVar [[r.SkeletalMeshLODBias:0]]
[2020.03.05-22.48.43:649][  0]LogConfig: Setting CVar [[r.ViewDistanceScale:1.0]]
[2020.03.05-22.48.43:649][  0]LogConfig: Applying CVar settings from Section [AntiAliasingQuality@3] File [C:/Users/Felipe L/Desktop/Games/TankGame/InventorySystem_V1/Saved/Config/Windows/Scalability.ini]
[2020.03.05-22.48.43:649][  0]LogConfig: Setting CVar [[r.PostProcessAAQuality:4]]
[2020.03.05-22.48.43:649][  0]LogConfig: Applying CVar settings from Section [ShadowQuality@3] File [C:/Users/Felipe L/Desktop/Games/TankGame/InventorySystem_V1/Saved/Config/Windows/Scalability.ini]
[2020.03.05-22.48.43:649][  0]LogConfig: Setting CVar [[r.LightFunctionQuality:1]]
[2020.03.05-22.48.43:649][  0]LogConfig: Setting CVar [[r.ShadowQuality:5]]
[2020.03.05-22.48.43:649][  0]LogConfig: Setting CVar [[r.Shadow.CSM.MaxCascades:10]]
[2020.03.05-22.48.43:649][  0]LogConfig: Setting CVar [[r.Shadow.MaxResolution:2048]]
[2020.03.05-22.48.43:649][  0]LogConfig: Setting CVar [[r.Shadow.MaxCSMResolution:2048]]
[2020.03.05-22.48.43:649][  0]LogConfig: Setting CVar [[r.Shadow.RadiusThreshold:0.01]]
[2020.03.05-22.48.43:649][  0]LogConfig: Setting CVar [[r.Shadow.DistanceScale:1.0]]
[2020.03.05-22.48.43:649][  0]LogConfig: Setting CVar [[r.Shadow.CSM.TransitionScale:1.0]]
[2020.03.05-22.48.43:650][  0]LogConfig: Setting CVar [[r.Shadow.PreShadowResolutionFactor:1.0]]
[2020.03.05-22.48.43:650][  0]LogConfig: Setting CVar [[r.DistanceFieldShadowing:1]]
[2020.03.05-22.48.43:650][  0]LogConfig: Setting CVar [[r.DistanceFieldAO:1]]
[2020.03.05-22.48.43:650][  0]LogConfig: Setting CVar [[r.AOQuality:2]]
[2020.03.05-22.48.43:650][  0]LogConfig: Setting CVar [[r.VolumetricFog:1]]
[2020.03.05-22.48.43:650][  0]LogConfig: Setting CVar [[r.VolumetricFog.GridPixelSize:8]]
[2020.03.05-22.48.43:650][  0]LogConfig: Setting CVar [[r.VolumetricFog.GridSizeZ:128]]
[2020.03.05-22.48.43:650][  0]LogConfig: Setting CVar [[r.VolumetricFog.HistoryMissSupersampleCount:4]]
[2020.03.05-22.48.43:650][  0]LogConfig: Setting CVar [[r.LightMaxDrawDistanceScale:1]]
[2020.03.05-22.48.43:650][  0]LogConfig: Setting CVar [[r.CapsuleShadows:1]]
[2020.03.05-22.48.43:650][  0]LogConfig: Applying CVar settings from Section [PostProcessQuality@3] File [C:/Users/Felipe L/Desktop/Games/TankGame/InventorySystem_V1/Saved/Config/Windows/Scalability.ini]
[2020.03.05-22.48.43:650][  0]LogConfig: Setting CVar [[r.MotionBlurQuality:4]]
[2020.03.05-22.48.43:650][  0]LogConfig: Setting CVar [[r.AmbientOcclusionMipLevelFactor:0.4]]
[2020.03.05-22.48.43:650][  0]LogConfig: Setting CVar [[r.AmbientOcclusionMaxQuality:100]]
[2020.03.05-22.48.43:650][  0]LogConfig: Setting CVar [[r.AmbientOcclusionLevels:-1]]
[2020.03.05-22.48.43:650][  0]LogConfig: Setting CVar [[r.AmbientOcclusionRadiusScale:1.0]]
[2020.03.05-22.48.43:651][  0]LogConfig: Setting CVar [[r.DepthOfFieldQuality:2]]
[2020.03.05-22.48.43:651][  0]LogConfig: Setting CVar [[r.RenderTargetPoolMin:400]]
[2020.03.05-22.48.43:651][  0]LogConfig: Setting CVar [[r.LensFlareQuality:2]]
[2020.03.05-22.48.43:651][  0]LogConfig: Setting CVar [[r.SceneColorFringeQuality:1]]
[2020.03.05-22.48.43:651][  0]LogConfig: Setting CVar [[r.EyeAdaptationQuality:2]]
[2020.03.05-22.48.43:651][  0]LogConfig: Setting CVar [[r.BloomQuality:5]]
[2020.03.05-22.48.43:651][  0]LogConfig: Setting CVar [[r.FastBlurThreshold:100]]
[2020.03.05-22.48.43:651][  0]LogConfig: Setting CVar [[r.Upscale.Quality:3]]
[2020.03.05-22.48.43:651][  0]LogConfig: Setting CVar [[r.Tonemapper.GrainQuantization:1]]
[2020.03.05-22.48.43:651][  0]LogConfig: Setting CVar [[r.LightShaftQuality:1]]
[2020.03.05-22.48.43:651][  0]LogConfig: Setting CVar [[r.Filter.SizeScale:1]]
[2020.03.05-22.48.43:651][  0]LogConfig: Setting CVar [[r.Tonemapper.Quality:5]]
[2020.03.05-22.48.43:651][  0]LogConfig: Setting CVar [[r.DOF.Gather.AccumulatorQuality:1        ; higher gathering accumulator quality]]
[2020.03.05-22.48.43:651][  0]LogConfig: Setting CVar [[r.DOF.Gather.PostfilterMethod:1          ; Median3x3 postfilering method]]
[2020.03.05-22.48.43:651][  0]LogConfig: Setting CVar [[r.DOF.Gather.EnableBokehSettings:0       ; no bokeh simulation when gathering]]
[2020.03.05-22.48.43:651][  0]LogConfig: Setting CVar [[r.DOF.Gather.RingCount:4                 ; medium number of samples when gathering]]
[2020.03.05-22.48.43:652][  0]LogConfig: Setting CVar [[r.DOF.Scatter.ForegroundCompositing:1    ; additive foreground scattering]]
[2020.03.05-22.48.43:652][  0]LogConfig: Setting CVar [[r.DOF.Scatter.BackgroundCompositing:2    ; additive background scattering]]
[2020.03.05-22.48.43:652][  0]LogConfig: Setting CVar [[r.DOF.Scatter.EnableBokehSettings:1      ; bokeh simulation when scattering]]
[2020.03.05-22.48.43:652][  0]LogConfig: Setting CVar [[r.DOF.Scatter.MaxSpriteRatio:0.1         ; only a maximum of 10% of scattered bokeh]]
[2020.03.05-22.48.43:652][  0]LogConfig: Setting CVar [[r.DOF.Recombine.Quality:1                ; cheap slight out of focus]]
[2020.03.05-22.48.43:652][  0]LogConfig: Setting CVar [[r.DOF.Recombine.EnableBokehSettings:0    ; no bokeh simulation on slight out of focus]]
[2020.03.05-22.48.43:653][  0]LogConfig: Setting CVar [[r.DOF.TemporalAAQuality:1                ; more stable temporal accumulation]]
[2020.03.05-22.48.43:653][  0]LogConfig: Setting CVar [[r.DOF.Kernel.MaxForegroundRadius:0.025]]
[2020.03.05-22.48.43:653][  0]LogConfig: Setting CVar [[r.DOF.Kernel.MaxBackgroundRadius:0.025]]
[2020.03.05-22.48.43:653][  0]LogConfig: Applying CVar settings from Section [TextureQuality@3] File [C:/Users/Felipe L/Desktop/Games/TankGame/InventorySystem_V1/Saved/Config/Windows/Scalability.ini]
[2020.03.05-22.48.43:653][  0]LogConfig: Setting CVar [[r.Streaming.MipBias:0]]
[2020.03.05-22.48.43:653][  0]LogConfig: Setting CVar [[r.Streaming.AmortizeCPUToGPUCopy:0]]
[2020.03.05-22.48.43:653][  0]LogConfig: Setting CVar [[r.Streaming.MaxNumTexturesToStreamPerFrame:0]]
[2020.03.05-22.48.43:653][  0]LogConfig: Setting CVar [[r.Streaming.Boost:1]]
[2020.03.05-22.48.43:653][  0]LogConfig: Setting CVar [[r.MaxAnisotropy:8]]
[2020.03.05-22.48.43:653][  0]LogConfig: Setting CVar [[r.Streaming.LimitPoolSizeToVRAM:0]]
[2020.03.05-22.48.43:654][  0]LogConfig: Setting CVar [[r.Streaming.PoolSize:1000]]
[2020.03.05-22.48.43:654][  0]LogConfig: Setting CVar [[r.Streaming.MaxEffectiveScreenSize:0]]
[2020.03.05-22.48.43:654][  0]LogConfig: Applying CVar settings from Section [EffectsQuality@3] File [C:/Users/Felipe L/Desktop/Games/TankGame/InventorySystem_V1/Saved/Config/Windows/Scalability.ini]
[2020.03.05-22.48.43:654][  0]LogConfig: Setting CVar [[r.TranslucencyLightingVolumeDim:64]]
[2020.03.05-22.48.43:654][  0]LogConfig: Setting CVar [[r.RefractionQuality:2]]
[2020.03.05-22.48.43:654][  0]LogConfig: Setting CVar [[r.SSR.Quality:3]]
[2020.03.05-22.48.43:654][  0]LogConfig: Setting CVar [[r.SceneColorFormat:4]]
[2020.03.05-22.48.43:654][  0]LogConfig: Setting CVar [[r.DetailMode:2]]
[2020.03.05-22.48.43:654][  0]LogConfig: Setting CVar [[r.TranslucencyVolumeBlur:1]]
[2020.03.05-22.48.43:654][  0]LogConfig: Setting CVar [[r.MaterialQualityLevel:1 ; High quality]]
[2020.03.05-22.48.43:654][  0]LogConfig: Setting CVar [[r.SSS.Scale:1]]
[2020.03.05-22.48.43:654][  0]LogConfig: Setting CVar [[r.SSS.SampleSet:2]]
[2020.03.05-22.48.43:654][  0]LogConfig: Setting CVar [[r.SSS.Quality:1]]
[2020.03.05-22.48.43:654][  0]LogConfig: Setting CVar [[r.SSS.HalfRes:1]]
[2020.03.05-22.48.43:654][  0]LogConfig: Setting CVar [[r.EmitterSpawnRateScale:1.0]]
[2020.03.05-22.48.43:655][  0]LogConfig: Setting CVar [[r.ParticleLightQuality:2]]
[2020.03.05-22.48.43:655][  0]LogConfig: Applying CVar settings from Section [FoliageQuality@3] File [C:/Users/Felipe L/Desktop/Games/TankGame/InventorySystem_V1/Saved/Config/Windows/Scalability.ini]
[2020.03.05-22.48.43:655][  0]LogConfig: Setting CVar [[foliage.DensityScale:1.0]]
[2020.03.05-22.48.43:655][  0]LogConfig: Setting CVar [[grass.DensityScale:1.0]]
[2020.03.05-22.48.43:655][  0]LogInit: Selected Device Profile: [Windows]
[2020.03.05-22.48.43:655][  0]LogInit: Applying CVar settings loaded from the selected device profile: [Windows]
[2020.03.05-22.48.43:683][  0]LogHAL: Display: Platform has ~ 8 GB [8441831424 / 8589934592 / 8], which maps to Default [LargestMinGB=32, LargerMinGB=12, DefaultMinGB=8, SmallerMinGB=6, SmallestMinGB=0)
[2020.03.05-22.48.43:684][  0]LogConfig: Setting CVar [[r.Vulkan.UseRealUBs:0		; Required until we fix HLR fall-out]]
[2020.03.05-22.48.43:684][  0]LogInit: Going up to parent DeviceProfile []
[2020.03.05-22.48.43:684][  0]LogConfig: Applying CVar settings from Section [ViewDistanceQuality@0] File [C:/Users/Felipe L/Desktop/Games/TankGame/InventorySystem_V1/Saved/Config/Windows/Scalability.ini]
[2020.03.05-22.48.43:684][  0]LogConfig: Setting CVar [[r.SkeletalMeshLODBias:2]]
[2020.03.05-22.48.43:685][  0]LogConfig: Setting CVar [[r.ViewDistanceScale:0.4]]
[2020.03.05-22.48.43:687][  0]LogConfig: Applying CVar settings from Section [AntiAliasingQuality@0] File [C:/Users/Felipe L/Desktop/Games/TankGame/InventorySystem_V1/Saved/Config/Windows/Scalability.ini]
[2020.03.05-22.48.43:687][  0]LogConfig: Setting CVar [[r.PostProcessAAQuality:0]]
[2020.03.05-22.48.43:688][  0]LogConfig: Applying CVar settings from Section [ShadowQuality@0] File [C:/Users/Felipe L/Desktop/Games/TankGame/InventorySystem_V1/Saved/Config/Windows/Scalability.ini]
[2020.03.05-22.48.43:688][  0]LogConfig: Setting CVar [[r.LightFunctionQuality:0]]
[2020.03.05-22.48.43:688][  0]LogConfig: Setting CVar [[r.ShadowQuality:0]]
[2020.03.05-22.48.43:689][  0]LogConfig: Setting CVar [[r.Shadow.CSM.MaxCascades:1]]
[2020.03.05-22.48.43:689][  0]LogConfig: Setting CVar [[r.Shadow.MaxResolution:512]]
[2020.03.05-22.48.43:690][  0]LogConfig: Setting CVar [[r.Shadow.MaxCSMResolution:512]]
[2020.03.05-22.48.43:690][  0]LogConfig: Setting CVar [[r.Shadow.RadiusThreshold:0.06]]
[2020.03.05-22.48.43:690][  0]LogConfig: Setting CVar [[r.Shadow.DistanceScale:0.6]]
[2020.03.05-22.48.43:691][  0]LogConfig: Setting CVar [[r.Shadow.CSM.TransitionScale:0]]
[2020.03.05-22.48.43:691][  0]LogConfig: Setting CVar [[r.Shadow.PreShadowResolutionFactor:0.5]]
[2020.03.05-22.48.43:691][  0]LogConfig: Setting CVar [[r.DistanceFieldShadowing:0]]
[2020.03.05-22.48.43:691][  0]LogConfig: Setting CVar [[r.DistanceFieldAO:0]]
[2020.03.05-22.48.43:692][  0]LogConfig: Setting CVar [[r.VolumetricFog:0]]
[2020.03.05-22.48.43:693][  0]LogConfig: Setting CVar [[r.LightMaxDrawDistanceScale:0]]
[2020.03.05-22.48.43:693][  0]LogConfig: Setting CVar [[r.CapsuleShadows:0]]
[2020.03.05-22.48.43:693][  0]LogConfig: Applying CVar settings from Section [PostProcessQuality@0] File [C:/Users/Felipe L/Desktop/Games/TankGame/InventorySystem_V1/Saved/Config/Windows/Scalability.ini]
[2020.03.05-22.48.43:693][  0]LogConfig: Setting CVar [[r.MotionBlurQuality:0]]
[2020.03.05-22.48.43:694][  0]LogConfig: Setting CVar [[r.AmbientOcclusionMipLevelFactor:1.0]]
[2020.03.05-22.48.43:694][  0]LogConfig: Setting CVar [[r.AmbientOcclusionMaxQuality:0]]
[2020.03.05-22.48.43:694][  0]LogConfig: Setting CVar [[r.AmbientOcclusionLevels:0]]
[2020.03.05-22.48.43:695][  0]LogConfig: Setting CVar [[r.AmbientOcclusionRadiusScale:1.2]]
[2020.03.05-22.48.43:695][  0]LogConfig: Setting CVar [[r.DepthOfFieldQuality:0]]
[2020.03.05-22.48.43:695][  0]LogConfig: Setting CVar [[r.RenderTargetPoolMin:300]]
[2020.03.05-22.48.43:695][  0]LogConfig: Setting CVar [[r.LensFlareQuality:0]]
[2020.03.05-22.48.43:695][  0]LogConfig: Setting CVar [[r.SceneColorFringeQuality:0]]
[2020.03.05-22.48.43:695][  0]LogConfig: Setting CVar [[r.EyeAdaptationQuality:0]]
[2020.03.05-22.48.43:695][  0]LogConfig: Setting CVar [[r.BloomQuality:4]]
[2020.03.05-22.48.43:696][  0]LogConfig: Setting CVar [[r.FastBlurThreshold:0]]
[2020.03.05-22.48.43:696][  0]LogConfig: Setting CVar [[r.Upscale.Quality:1]]
[2020.03.05-22.48.43:696][  0]LogConfig: Setting CVar [[r.Tonemapper.GrainQuantization:0]]
[2020.03.05-22.48.43:696][  0]LogConfig: Setting CVar [[r.LightShaftQuality:0]]
[2020.03.05-22.48.43:696][  0]LogConfig: Setting CVar [[r.Filter.SizeScale:0.6]]
[2020.03.05-22.48.43:696][  0]LogConfig: Setting CVar [[r.Tonemapper.Quality:0]]
[2020.03.05-22.48.43:696][  0]LogConfig: Applying CVar settings from Section [TextureQuality@0] File [C:/Users/Felipe L/Desktop/Games/TankGame/InventorySystem_V1/Saved/Config/Windows/Scalability.ini]
[2020.03.05-22.48.43:696][  0]LogConfig: Setting CVar [[r.Streaming.MipBias:16]]
[2020.03.05-22.48.43:696][  0]LogConfig: Setting CVar [[r.Streaming.AmortizeCPUToGPUCopy:1]]
[2020.03.05-22.48.43:696][  0]LogConfig: Setting CVar [[r.Streaming.MaxNumTexturesToStreamPerFrame:1]]
[2020.03.05-22.48.43:696][  0]LogConfig: Setting CVar [[r.Streaming.Boost:0.3]]
[2020.03.05-22.48.43:697][  0]LogConfig: Setting CVar [[r.MaxAnisotropy:0]]
[2020.03.05-22.48.43:697][  0]LogConfig: Setting CVar [[r.Streaming.LimitPoolSizeToVRAM:1]]
[2020.03.05-22.48.43:697][  0]LogConfig: Setting CVar [[r.Streaming.PoolSize:400]]
[2020.03.05-22.48.43:697][  0]LogConfig: Setting CVar [[r.Streaming.MaxEffectiveScreenSize:0]]
[2020.03.05-22.48.43:697][  0]LogConfig: Applying CVar settings from Section [EffectsQuality@0] File [C:/Users/Felipe L/Desktop/Games/TankGame/InventorySystem_V1/Saved/Config/Windows/Scalability.ini]
[2020.03.05-22.48.43:697][  0]LogConfig: Setting CVar [[r.TranslucencyLightingVolumeDim:24]]
[2020.03.05-22.48.43:697][  0]LogConfig: Setting CVar [[r.RefractionQuality:0]]
[2020.03.05-22.48.43:697][  0]LogConfig: Setting CVar [[r.SSR.Quality:0]]
[2020.03.05-22.48.43:697][  0]LogConfig: Setting CVar [[r.SceneColorFormat:3]]
[2020.03.05-22.48.43:697][  0]LogConfig: Setting CVar [[r.DetailMode:0]]
[2020.03.05-22.48.43:698][  0]LogConfig: Setting CVar [[r.TranslucencyVolumeBlur:0]]
[2020.03.05-22.48.43:698][  0]LogConfig: Setting CVar [[r.MaterialQualityLevel:0 ; Low quality]]
[2020.03.05-22.48.43:698][  0]LogConfig: Setting CVar [[r.SSS.Scale:0]]
[2020.03.05-22.48.43:698][  0]LogConfig: Setting CVar [[r.SSS.SampleSet:0]]
[2020.03.05-22.48.43:698][  0]LogConfig: Setting CVar [[r.SSS.Quality:0]]
[2020.03.05-22.48.43:698][  0]LogConfig: Setting CVar [[r.SSS.HalfRes:1]]
[2020.03.05-22.48.43:698][  0]LogConfig: Setting CVar [[r.EmitterSpawnRateScale:0.125]]
[2020.03.05-22.48.43:698][  0]LogConfig: Setting CVar [[r.ParticleLightQuality:0]]
[2020.03.05-22.48.43:698][  0]LogConfig: Applying CVar settings from Section [FoliageQuality@0] File [C:/Users/Felipe L/Desktop/Games/TankGame/InventorySystem_V1/Saved/Config/Windows/Scalability.ini]
[2020.03.05-22.48.43:698][  0]LogConfig: Setting CVar [[foliage.DensityScale:0]]
[2020.03.05-22.48.43:698][  0]LogConfig: Setting CVar [[grass.DensityScale:0]]
[2020.03.05-22.48.43:699][  0]LogConfig: Applying CVar settings from Section [Startup] File [../../../Engine/Config/ConsoleVariables.ini]
[2020.03.05-22.48.43:699][  0]LogConfig: Setting CVar [[net.UseAdaptiveNetUpdateFrequency:0]]
[2020.03.05-22.48.43:699][  0]LogConfig: Setting CVar [[p.chaos.AllowCreatePhysxBodies:1]]
[2020.03.05-22.48.43:699][  0]LogConfig: Applying CVar settings from Section [ConsoleVariables] File [C:/Users/Felipe L/Desktop/Games/TankGame/InventorySystem_V1/Saved/Config/Windows/Engine.ini]
[2020.03.05-22.48.43:700][  0]LogInit: Computer: LAPTOP-G0QMGNUT
[2020.03.05-22.48.43:700][  0]LogInit: User: FelipeL
[2020.03.05-22.48.43:700][  0]LogInit: CPU Page size=4096, Cores=2
[2020.03.05-22.48.43:700][  0]LogInit: High frequency timer resolution =10.000000 MHz
[2020.03.05-22.48.43:701][  0]LogMemory: Memory total: Physical=7.9GB (8GB approx)
[2020.03.05-22.48.43:701][  0]LogMemory: Platform Memory Stats for Windows
[2020.03.05-22.48.43:701][  0]LogMemory: Process Physical Memory: 97.55 MB used, 97.56 MB peak
[2020.03.05-22.48.43:701][  0]LogMemory: Process Virtual Memory: 91.87 MB used, 91.87 MB peak
[2020.03.05-22.48.43:701][  0]LogMemory: Physical Memory: 4970.61 MB used,  3080.15 MB free, 8050.76 MB total
[2020.03.05-22.48.43:701][  0]LogMemory: Virtual Memory: 4628.94 MB used,  134213096.00 MB free, 134217728.00 MB total
[2020.03.05-22.48.43:961][  0]LogInit: Overriding language with editor language configuration option (en).
[2020.03.05-22.48.43:961][  0]LogInit: Overriding locale with editor locale configuration option (en).
[2020.03.05-22.48.44:243][  0]LogInit: Setting process to per monitor DPI aware
[2020.03.05-22.48.44:318][  0]LogSlate: New Slate User Created.  User Index 0, Is Virtual User: 0
[2020.03.05-22.48.44:326][  0]LogSlate: Slate User Registered.  User Index 0, Is Virtual User: 0
[2020.03.05-22.48.44:683][  0]LogHMD: Failed to initialize OpenVR with code 110
[2020.03.05-22.48.44:683][  0]LogD3D11RHI: D3D11 adapters:
[2020.03.05-22.48.45:063][  0]LogD3D11RHI:    0. 'AMD Radeon(TM) R7 M360' (Feature Level 11_0)
[2020.03.05-22.48.45:063][  0]LogD3D11RHI:       2035/0/4025 MB DedicatedVideo/DedicatedSystem/SharedSystem, Outputs:1, VendorId:0x1002
[2020.03.05-22.48.45:094][  0]LogD3D11RHI:    1. 'Intel(R) HD Graphics 520' (Feature Level 11_0)
[2020.03.05-22.48.45:094][  0]LogD3D11RHI:       128/0/4025 MB DedicatedVideo/DedicatedSystem/SharedSystem, Outputs:0, VendorId:0x8086
[2020.03.05-22.48.45:107][  0]LogD3D11RHI:    2. 'Microsoft Basic Render Driver' (Feature Level 11_0)
[2020.03.05-22.48.45:107][  0]LogD3D11RHI:       0/0/4025 MB DedicatedVideo/DedicatedSystem/SharedSystem, Outputs:0, VendorId:0x1414
[2020.03.05-22.48.45:107][  0]LogD3D11RHI: Chosen D3D11 Adapter: 0
[2020.03.05-22.48.45:200][  0]LogD3D11RHI: Creating new Direct3DDevice
[2020.03.05-22.48.45:200][  0]LogD3D11RHI:     GPU DeviceId: 0x6900 (for the marketing name, search the web for "GPU Device Id")
[2020.03.05-22.48.45:201][  0]LogWindows: EnumDisplayDevices:
[2020.03.05-22.48.45:201][  0]LogWindows:    0. 'Intel(R) HD Graphics 520' (P:1 D:1)
[2020.03.05-22.48.45:201][  0]LogWindows:    1. 'Intel(R) HD Graphics 520' (P:0 D:0)
[2020.03.05-22.48.45:202][  0]LogWindows:    2. 'Intel(R) HD Graphics 520' (P:0 D:0)
[2020.03.05-22.48.45:203][  0]LogWindows: DebugString: PrimaryIsNotTheChoosenAdapter PrimaryIsNotTheChoosenAdapter PrimaryIsNotTheChoosenAdapter FoundDriverCount:0 
[2020.03.05-22.48.45:203][  0]LogD3D11RHI:     Adapter Name: AMD Radeon(TM) R7 M360
[2020.03.05-22.48.45:203][  0]LogD3D11RHI:   Driver Version: Unknown (internal:Unknown, unified:Unknown)
[2020.03.05-22.48.45:203][  0]LogD3D11RHI:      Driver Date: Unknown
[2020.03.05-22.48.45:203][  0]LogRHI: Texture pool is 1424 MB (70% of 2035 MB)
[2020.03.05-22.48.45:322][  0]LogD3D11RHI: Async texture creation enabled
[2020.03.05-22.48.45:328][  0]LogRendererCore: FGlobalReadBuffer::InitRHI
[2020.03.05-22.48.45:329][  0]LogRendererCore: FGlobalReadBuffer::InitRHI
[2020.03.05-22.48.45:330][  0]LogRendererCore: FGlobalReadBuffer::InitRHI
[2020.03.05-22.48.45:339][  0]LogD3D11RHI: GPU Timing Frequency: 27.000000 (Debug: 2 1)
[2020.03.05-22.48.45:833][  0]LogTemp: Display: Module 'AllDesktopTargetPlatform' loaded TargetPlatform 'AllDesktop'
[2020.03.05-22.48.45:858][  0]LogTemp: Display: Module 'MacClientTargetPlatform' loaded TargetPlatform 'MacClient'
[2020.03.05-22.48.45:888][  0]LogTemp: Display: Module 'MacNoEditorTargetPlatform' loaded TargetPlatform 'MacNoEditor'
[2020.03.05-22.48.45:920][  0]LogTemp: Display: Module 'MacServerTargetPlatform' loaded TargetPlatform 'MacServer'
[2020.03.05-22.48.45:947][  0]LogTemp: Display: Module 'MacTargetPlatform' loaded TargetPlatform 'Mac'
[2020.03.05-22.48.45:974][  0]LogTemp: Display: Module 'WindowsClientTargetPlatform' loaded TargetPlatform 'WindowsClient'
[2020.03.05-22.48.46:001][  0]LogTemp: Display: Module 'WindowsNoEditorTargetPlatform' loaded TargetPlatform 'WindowsNoEditor'
[2020.03.05-22.48.46:028][  0]LogTemp: Display: Module 'WindowsServerTargetPlatform' loaded TargetPlatform 'WindowsServer'
[2020.03.05-22.48.46:044][  0]LogTemp: Display: Module 'WindowsTargetPlatform' loaded TargetPlatform 'Windows'
[2020.03.05-22.48.46:187][  0]LogTemp: Display: Module 'AndroidTargetPlatform' loaded TargetPlatform 'Android'
[2020.03.05-22.48.46:187][  0]LogTemp: Display: Module 'AndroidTargetPlatform' loaded TargetPlatform 'Android_ASTC'
[2020.03.05-22.48.46:187][  0]LogTemp: Display: Module 'AndroidTargetPlatform' loaded TargetPlatform 'Android_ATC'
[2020.03.05-22.48.46:187][  0]LogTemp: Display: Module 'AndroidTargetPlatform' loaded TargetPlatform 'Android_DXT'
[2020.03.05-22.48.46:187][  0]LogTemp: Display: Module 'AndroidTargetPlatform' loaded TargetPlatform 'Android_ETC1'
[2020.03.05-22.48.46:187][  0]LogTemp: Display: Module 'AndroidTargetPlatform' loaded TargetPlatform 'Android_ETC1a'
[2020.03.05-22.48.46:187][  0]LogTemp: Display: Module 'AndroidTargetPlatform' loaded TargetPlatform 'Android_ETC2'
[2020.03.05-22.48.46:188][  0]LogTemp: Display: Module 'AndroidTargetPlatform' loaded TargetPlatform 'Android_PVRTC'
[2020.03.05-22.48.46:188][  0]LogTemp: Display: Module 'AndroidTargetPlatform' loaded TargetPlatform 'AndroidClient'
[2020.03.05-22.48.46:188][  0]LogTemp: Display: Module 'AndroidTargetPlatform' loaded TargetPlatform 'Android_ASTCClient'
[2020.03.05-22.48.46:188][  0]LogTemp: Display: Module 'AndroidTargetPlatform' loaded TargetPlatform 'Android_ATCClient'
[2020.03.05-22.48.46:188][  0]LogTemp: Display: Module 'AndroidTargetPlatform' loaded TargetPlatform 'Android_DXTClient'
[2020.03.05-22.48.46:188][  0]LogTemp: Display: Module 'AndroidTargetPlatform' loaded TargetPlatform 'Android_ETC1Client'
[2020.03.05-22.48.46:188][  0]LogTemp: Display: Module 'AndroidTargetPlatform' loaded TargetPlatform 'Android_ETC1aClient'
[2020.03.05-22.48.46:188][  0]LogTemp: Display: Module 'AndroidTargetPlatform' loaded TargetPlatform 'Android_ETC2Client'
[2020.03.05-22.48.46:188][  0]LogTemp: Display: Module 'AndroidTargetPlatform' loaded TargetPlatform 'Android_PVRTCClient'
[2020.03.05-22.48.46:188][  0]LogTemp: Display: Module 'AndroidTargetPlatform' loaded TargetPlatform 'Android_Multi'
[2020.03.05-22.48.46:189][  0]LogTemp: Display: Module 'AndroidTargetPlatform' loaded TargetPlatform 'Android_MultiClient'
[2020.03.05-22.48.46:194][  0]LogTemp: Display: Module 'HTML5TargetPlatform' loaded TargetPlatform 'HTML5'
[2020.03.05-22.48.46:273][  0]LogTemp: Display: Module 'IOSTargetPlatform' loaded TargetPlatform 'IOSClient'
[2020.03.05-22.48.46:274][  0]LogTemp: Display: Module 'IOSTargetPlatform' loaded TargetPlatform 'IOS'
[2020.03.05-22.48.46:314][  0]LogTemp: Display: Module 'TVOSTargetPlatform' loaded TargetPlatform 'TVOSClient'
[2020.03.05-22.48.46:314][  0]LogTemp: Display: Module 'TVOSTargetPlatform' loaded TargetPlatform 'TVOS'
[2020.03.05-22.48.46:341][  0]LogTemp: Display: Module 'LinuxClientTargetPlatform' loaded TargetPlatform 'LinuxClient'
[2020.03.05-22.48.46:363][  0]LogTemp: Display: Module 'LinuxNoEditorTargetPlatform' loaded TargetPlatform 'LinuxNoEditor'
[2020.03.05-22.48.46:385][  0]LogTemp: Display: Module 'LinuxServerTargetPlatform' loaded TargetPlatform 'LinuxServer'
[2020.03.05-22.48.46:408][  0]LogTemp: Display: Module 'LinuxTargetPlatform' loaded TargetPlatform 'Linux'
[2020.03.05-22.48.46:476][  0]LogTemp: Display: Module 'LuminTargetPlatform' loaded TargetPlatform 'Lumin'
[2020.03.05-22.48.46:476][  0]LogTemp: Display: Module 'LuminTargetPlatform' loaded TargetPlatform 'LuminClient'
[2020.03.05-22.48.46:476][  0]LogTargetPlatformManager: Display: Building Assets For Windows
[2020.03.05-22.48.46:518][  0]LogAudioDebug: Display: Lib vorbis DLL was dynamically loaded.
[2020.03.05-22.48.46:680][  0]LogShaderCompilers: Guid format shader working directory is -25 characters bigger than the processId version (../../../../../../Users/Felipe L/Desktop/Games/TankGame/InventorySystem_V1/Intermediate/Shaders/WorkingDirectory/2232/).
[2020.03.05-22.48.46:681][  0]LogShaderCompilers: Cleaned the shader compiler working directory 'C:/Users/Felipe L/AppData/Local/Temp/UnrealShaderWorkingDir/3067E0E542A2D4A6CFE3BA9421FAFF97/'.
[2020.03.05-22.48.46:685][  0]LogXGEController: Cleaning working directory: C:/Users/Felipe L/AppData/Local/Temp/UnrealXGEWorkingDir/
[2020.03.05-22.48.46:686][  0]LogXGEController: Cannot use XGE Controller as Incredibuild is not installed on this machine.
[2020.03.05-22.48.46:686][  0]LogShaderCompilers: Cannot use XGE Shader Compiler as Incredibuild is not installed on this machine.
[2020.03.05-22.48.46:686][  0]LogShaderCompilers: Display: Using Local Shader Compiler.
[2020.03.05-22.48.47:499][  0]LogDerivedDataCache: Display: Max Cache Size: 512 MB
[2020.03.05-22.48.47:583][  0]LogDerivedDataCache: Loaded boot cache 0.08s 74MB C:/Users/Felipe L/AppData/Local/UnrealEngine/4.22/DerivedDataCache/Boot.ddc.
[2020.03.05-22.48.47:583][  0]LogDerivedDataCache: Display: Loaded Boot cache: C:/Users/Felipe L/AppData/Local/UnrealEngine/4.22/DerivedDataCache/Boot.ddc
[2020.03.05-22.48.47:584][  0]LogDerivedDataCache: FDerivedDataBackendGraph:  Pak pak cache file ../../../../../../Users/Felipe L/Desktop/Games/TankGame/InventorySystem_V1/DerivedDataCache/DDC.ddp not found, will not use a pak cache.
[2020.03.05-22.48.47:584][  0]LogDerivedDataCache: Unable to find inner node Pak for hierarchical cache Hierarchy.
[2020.03.05-22.48.47:584][  0]LogDerivedDataCache: FDerivedDataBackendGraph:  CompressedPak pak cache file ../../../../../../Users/Felipe L/Desktop/Games/TankGame/InventorySystem_V1/DerivedDataCache/Compressed.ddp not found, will not use a pak cache.
[2020.03.05-22.48.47:584][  0]LogDerivedDataCache: Unable to find inner node CompressedPak for hierarchical cache Hierarchy.
[2020.03.05-22.48.47:602][  0]LogDerivedDataCache: Display: Pak cache opened for reading ../../../Engine/DerivedDataCache/Compressed.ddp.
[2020.03.05-22.48.47:602][  0]LogDerivedDataCache: FDerivedDataBackendGraph:  EnterprisePak pak cache file ../../../Enterprise/DerivedDataCache/Compressed.ddp not found, will not use a pak cache.
[2020.03.05-22.48.47:602][  0]LogDerivedDataCache: Unable to find inner node EnterprisePak for hierarchical cache Hierarchy.
[2020.03.05-22.48.47:616][  0]LogDerivedDataCache: Using Local data cache path C:/Users/Felipe L/AppData/Local/UnrealEngine/Common/DerivedDataCache: Writable
[2020.03.05-22.48.47:616][  0]LogDerivedDataCache: Shared data cache path not found in *engine.ini, will not use an Shared cache.
[2020.03.05-22.48.47:616][  0]LogDerivedDataCache: Unable to find inner node Shared for hierarchical cache Hierarchy.
[2020.03.05-22.48.47:650][  0]LogMaterial: Verifying Global Shaders for PCD3D_SM5
[2020.03.05-22.48.47:652][  0]LogSlate: Using FreeType 2.6.0
[2020.03.05-22.48.47:653][  0]LogSlate: SlateFontServices - WITH_FREETYPE: 1, WITH_HARFBUZZ: 1
[2020.03.05-22.48.47:755][  0]LogAssetRegistry: FAssetRegistry took 0.0402 seconds to start up
[2020.03.05-22.48.48:301][  0]LogInit: Selected Device Profile: [Windows]
[2020.03.05-22.48.48:425][  0]LogMeshReduction: Using QuadricMeshReduction for automatic static mesh reduction
[2020.03.05-22.48.48:425][  0]LogMeshReduction: Using SimplygonMeshReduction for automatic skeletal mesh reduction
[2020.03.05-22.48.48:426][  0]LogMeshReduction: Using ProxyLODMeshReduction for automatic mesh merging
[2020.03.05-22.48.48:426][  0]LogMeshReduction: No distributed automatic mesh merging module available
[2020.03.05-22.48.48:426][  0]LogMeshMerging: No distributed automatic mesh merging module available
[2020.03.05-22.48.48:575][  0]LogNetVersion: InventorySystem_V1 1.0.0, NetCL: 5660361, EngineNetVer: 10, GameNetVer: 0 (Checksum: 3935092218)
[2020.03.05-22.48.49:192][  0]LogPackageLocalizationCache: Processed 10 localized package path(s) for 1 prioritized culture(s) in 0.072151 seconds
[2020.03.05-22.48.49:202][  0]LogUObjectArray: 42205 objects as part of root set at end of initial load.
[2020.03.05-22.48.49:202][  0]LogUObjectAllocator: 7325032 out of 0 bytes used by permanent object pool.
[2020.03.05-22.48.49:203][  0]LogUObjectArray: CloseDisregardForGC: 0/0 objects in disregard for GC pool
[2020.03.05-22.48.50:570][  0]LogTcpMessaging: Initializing TcpMessaging bridge
[2020.03.05-22.48.50:592][  0]LogUdpMessaging: Initializing bridge on interface 0.0.0.0:0 to multicast group 230.0.0.1:6666.
[2020.03.05-22.48.51:170][  0]SourceControl: Source control is disabled
[2020.03.05-22.48.51:170][  0]SourceControl: Source control is disabled
[2020.03.05-22.48.51:179][  0]SourceControl: Source control is disabled
[2020.03.05-22.48.51:190][  0]SourceControl: Source control is disabled
[2020.03.05-22.48.51:524][  0]LogAndroidPermission: UAndroidPermissionCallbackProxy::GetInstance
[2020.03.05-22.48.51:916][  0]LogOcInput: OculusInput pre-init called
[2020.03.05-22.48.52:884][  0]LogEngine: Initializing Engine...
[2020.03.05-22.48.52:885][  0]LogHMD: Failed to initialize OpenVR with code 110
[2020.03.05-22.48.52:887][  0]LogStats: UGameplayTagsManager::InitializeManager -  0.000 s
[2020.03.05-22.48.53:177][  0]LogInit: Initializing FReadOnlyCVARCache
[2020.03.05-22.48.53:204][  0]LogAIModule: Creating AISystem for world Untitled
[2020.03.05-22.48.53:247][  0]LogInit: XAudio2 using 'Altavoces (Realtek High Definition Audio)' : 2 channels at 48 kHz using 32 bits per sample (channel mask 0x3)
[2020.03.05-22.48.53:480][  0]LogInit: FAudioDevice initialized.
[2020.03.05-22.48.53:481][  0]LogNetVersion: Set ProjectVersion to 1.0.0.0. Version Checksum will be recalculated on next use.
[2020.03.05-22.48.53:928][  0]LogDerivedDataCache: Saved boot cache 0.45s 74MB C:/Users/Felipe L/AppData/Local/UnrealEngine/4.22/DerivedDataCache/Boot.ddc.
[2020.03.05-22.48.53:936][  0]LogInit: Texture streaming: Enabled
[2020.03.05-22.48.53:990][  0]LogEngineSessionManager: EngineSessionManager initialized
[2020.03.05-22.48.53:990][  0]LogEngineSessionManager: EngineSessionManager sent abnormal shutdown report. Type=Debugger, SessionId={9402342A-4FA3-D40F-3616-FBB70FCF30E1}
[2020.03.05-22.48.54:032][  0]LogInit: Transaction tracking system initialized
[2020.03.05-22.48.54:105][  0]BlueprintLog: New page: Editor Load
[2020.03.05-22.48.54:362][  0]LocalizationService: Localization service is disabled
[2020.03.05-22.48.55:465][  0]LogFileCache: Scanning file cache for directory 'C:/Users/Felipe L/Desktop/Games/TankGame/InventorySystem_V1/Content/' took 0.02s
[2020.03.05-22.48.55:465][  0]LogCook: Display: Max memory allowance for cook 16384mb min free memory 0mb
[2020.03.05-22.48.55:465][  0]LogCook: Display: Mobile HDR setting 1
[2020.03.05-22.48.55:871][  0]SourceControl: Source control is disabled
[2020.03.05-22.48.55:871][  0]Cmd: MAP LOAD FILE="../../../../../../Users/Felipe L/Desktop/Games/TankGame/InventorySystem_V1/Content/FirstPersonCPP/Maps/FirstPersonExampleMap.umap" TEMPLATE=0 SHOWPROGRESS=1 FEATURELEVEL=3
[2020.03.05-22.48.55:872][  0]LightingResults: New page: Lighting Build
[2020.03.05-22.48.55:875][  0]MapCheck: New page: Map Check
[2020.03.05-22.48.55:875][  0]LightingResults: New page: Lighting Build
[2020.03.05-22.48.55:908][  0]LogUObjectHash: Compacting FUObjectHashTables data took   2.44ms
[2020.03.05-22.48.56:043][  0]LogAIModule: Creating AISystem for world FirstPersonExampleMap
[2020.03.05-22.48.56:058][  0]LogEditorServer: Finished looking for orphan Actors (0.000 secs)
[2020.03.05-22.48.56:173][  0]LogUObjectHash: Compacting FUObjectHashTables data took   3.17ms
[2020.03.05-22.48.56:173][  0]Cmd: MAP CHECKDEP NOCLEARLOG
[2020.03.05-22.48.56:174][  0]MapCheck: Map check complete: 0 Error(s), 0 Warning(s), took 0.361ms to complete.
[2020.03.05-22.48.56:174][  0]LogFileHelpers: Loading map 'FirstPersonExampleMap' took 0.303
[2020.03.05-22.48.56:317][  0]LogSlate: Updating window title bar state: overlay mode, drag disabled, window buttons hidden, title bar hidden
[2020.03.05-22.48.56:328][  0]LogSlate: Updating window title bar state: overlay mode, drag disabled, window buttons hidden, title bar hidden
[2020.03.05-22.48.56:341][  0]LogSlate: Updating window title bar state: overlay mode, drag disabled, window buttons hidden, title bar hidden
[2020.03.05-22.48.56:354][  0]LogSlate: Updating window title bar state: overlay mode, drag disabled, window buttons hidden, title bar hidden
[2020.03.05-22.48.56:366][  0]LogCollectionManager: Loaded 0 collections in 0.003634 seconds
[2020.03.05-22.48.56:390][  0]LogFileCache: Scanning file cache for directory 'C:/Users/Felipe L/Desktop/Games/TankGame/InventorySystem_V1/Saved/Collections/' took 0.01s
[2020.03.05-22.48.56:390][  0]LogFileCache: Scanning file cache for directory 'C:/Users/Felipe L/Desktop/Games/TankGame/InventorySystem_V1/Content/Developers/FelipeL/Collections/' took 0.00s
[2020.03.05-22.48.56:390][  0]LogFileCache: Scanning file cache for directory 'C:/Users/Felipe L/Desktop/Games/TankGame/InventorySystem_V1/Content/Collections/' took 0.00s
[2020.03.05-22.48.56:390][  0]LogCollectionManager: Rebuilt the GUID cache for 0 collections in 0.000000 seconds
[2020.03.05-22.48.56:404][  0]LogContentBrowser: Native class hierarchy populated in 0.0135 seconds. Added 2739 classes and 663 folders.
[2020.03.05-22.48.56:415][  0]LogContentBrowser: Native class hierarchy updated for 'WidgetCarousel' in 0.0004 seconds. Added 0 classes and 0 folders.
[2020.03.05-22.48.56:417][  0]LogPakFile: Registered encryption key '00000000000000000000000000000000': 0 pak files mounted, 0 remain pending
[2020.03.05-22.48.56:419][  0]LogPakFile: Registered encryption key '00000000000000000000000000000000': 0 pak files mounted, 0 remain pending
[2020.03.05-22.48.56:420][  0]LogPakFile: Registered encryption key '00000000000000000000000000000000': 0 pak files mounted, 0 remain pending
[2020.03.05-22.48.56:421][  0]LogPakFile: Registered encryption key '00000000000000000000000000000000': 0 pak files mounted, 0 remain pending
[2020.03.05-22.48.56:421][  0]LogPakFile: Registered encryption key '00000000000000000000000000000000': 0 pak files mounted, 0 remain pending
[2020.03.05-22.48.56:422][  0]LogPakFile: Registered encryption key '00000000000000000000000000000000': 0 pak files mounted, 0 remain pending
[2020.03.05-22.48.56:423][  0]LogPakFile: Registered encryption key '00000000000000000000000000000000': 0 pak files mounted, 0 remain pending
[2020.03.05-22.48.56:424][  0]LogPakFile: Registered encryption key '00000000000000000000000000000000': 0 pak files mounted, 0 remain pending
[2020.03.05-22.48.56:424][  0]LogPakFile: Registered encryption key '00000000000000000000000000000000': 0 pak files mounted, 0 remain pending
[2020.03.05-22.48.56:425][  0]LogPakFile: Registered encryption key '00000000000000000000000000000000': 0 pak files mounted, 0 remain pending
[2020.03.05-22.48.56:426][  0]LogPakFile: Registered encryption key '00000000000000000000000000000000': 0 pak files mounted, 0 remain pending
[2020.03.05-22.48.56:427][  0]LogPakFile: Registered encryption key '00000000000000000000000000000000': 0 pak files mounted, 0 remain pending
[2020.03.05-22.48.56:428][  0]LogPakFile: Registered encryption key '00000000000000000000000000000000': 0 pak files mounted, 0 remain pending
[2020.03.05-22.48.56:428][  0]LogPakFile: Registered encryption key '00000000000000000000000000000000': 0 pak files mounted, 0 remain pending
[2020.03.05-22.48.56:429][  0]LogPakFile: Registered encryption key '00000000000000000000000000000000': 0 pak files mounted, 0 remain pending
[2020.03.05-22.48.56:430][  0]LogPakFile: Registered encryption key '00000000000000000000000000000000': 0 pak files mounted, 0 remain pending
[2020.03.05-22.48.56:431][  0]LogPakFile: Registered encryption key '00000000000000000000000000000000': 0 pak files mounted, 0 remain pending
[2020.03.05-22.48.56:431][  0]LogPakFile: Registered encryption key '00000000000000000000000000000000': 0 pak files mounted, 0 remain pending
[2020.03.05-22.48.56:432][  0]LogPakFile: Registered encryption key '00000000000000000000000000000000': 0 pak files mounted, 0 remain pending
[2020.03.05-22.48.56:433][  0]LogPakFile: Registered encryption key '00000000000000000000000000000000': 0 pak files mounted, 0 remain pending
[2020.03.05-22.48.56:434][  0]LogPakFile: Registered encryption key '00000000000000000000000000000000': 0 pak files mounted, 0 remain pending
[2020.03.05-22.48.56:435][  0]LogPakFile: Registered encryption key '00000000000000000000000000000000': 0 pak files mounted, 0 remain pending
[2020.03.05-22.48.56:436][  0]LogPakFile: Registered encryption key '00000000000000000000000000000000': 0 pak files mounted, 0 remain pending
[2020.03.05-22.48.56:437][  0]LogPakFile: Registered encryption key '00000000000000000000000000000000': 0 pak files mounted, 0 remain pending
[2020.03.05-22.48.56:438][  0]LogPakFile: Registered encryption key '00000000000000000000000000000000': 0 pak files mounted, 0 remain pending
[2020.03.05-22.48.56:439][  0]LogPakFile: Registered encryption key '00000000000000000000000000000000': 0 pak files mounted, 0 remain pending
[2020.03.05-22.48.56:480][  0]LogContentBrowser: Native class hierarchy updated for 'AddContentDialog' in 0.0007 seconds. Added 0 classes and 0 folders.
[2020.03.05-22.48.56:491][  0]LogContentBrowser: Native class hierarchy updated for 'SceneOutliner' in 0.0008 seconds. Added 1 classes and 2 folders.
[2020.03.05-22.48.56:513][  0]LogContentBrowser: Native class hierarchy updated for 'WorldBrowser' in 0.0010 seconds. Added 2 classes and 3 folders.
[2020.03.05-22.48.56:617][  0]LogSlate: Took 0.000242 seconds to synchronously load lazily loaded font '../../../Engine/Content/Slate/Fonts/Roboto-Regular.ttf' (155K)
[2020.03.05-22.48.56:627][  0]LogSlate: Took 0.000275 seconds to synchronously load lazily loaded font '../../../Engine/Content/Slate/Fonts/Roboto-Bold.ttf' (160K)
[2020.03.05-22.48.56:632][  0]LogSlate: Took 0.000330 seconds to synchronously load lazily loaded font '../../../Engine/Content/Editor/Slate/Fonts/FontAwesome.ttf' (139K)
[2020.03.05-22.48.56:709][  0]LogRenderer: Reallocating scene render targets to support 992x356 Format 9 NumSamples 1 (Frame:1).
[2020.03.05-22.48.57:199][  0]LogSlate: Took 0.000156 seconds to synchronously load lazily loaded font '../../../Engine/Content/Slate/Fonts/Roboto-Light.ttf' (167K)
[2020.03.05-22.48.57:356][  0]LogContentBrowser: Native class hierarchy updated for 'HierarchicalLODOutliner' in 0.0007 seconds. Added 0 classes and 0 folders.
[2020.03.05-22.48.57:356][  0]LogLoad: (Engine Initialization) Total time: 16.12 seconds
[2020.03.05-22.48.57:356][  0]LogLoad: (Engine Initialization) Total Blueprint compile time: 0.00 seconds
[2020.03.05-22.48.57:416][  0]LogContentStreaming: Texture pool size now 400 MB
[2020.03.05-22.48.57:475][  1]LogAssetRegistry: Asset discovery search completed in 9.7443 seconds
[2020.03.05-22.48.57:478][  1]LogCollectionManager: Rebuilt the object cache for 0 collections in 0.000000 seconds (found 0 objects)
[2020.03.05-22.48.57:479][  1]LogCollectionManager: Fixed up redirectors for 0 collections in 0.000244 seconds (updated 0 objects)
[2020.03.05-22.49.04:191][163]LogSlate: FSceneViewport::OnFocusLost() reason 0
[2020.03.05-22.49.04:283][173]LogTemp: Repeating last play command: Selected Viewport
[2020.03.05-22.49.04:314][173]LogBlueprintUserMessages: Early PlayInEditor Detection: Level '/Game/FirstPersonCPP/Maps/FirstPersonExampleMap.FirstPersonExampleMap:PersistentLevel' has LevelScriptBlueprint '/Game/FirstPersonCPP/Maps/FirstPersonExampleMap.FirstPersonExampleMap:PersistentLevel.FirstPersonExampleMap' with GeneratedClass '/Game/FirstPersonCPP/Maps/FirstPersonExampleMap.FirstPersonExampleMap_C' with ClassGeneratedBy '/Game/FirstPersonCPP/Maps/FirstPersonExampleMap.FirstPersonExampleMap:PersistentLevel.FirstPersonExampleMap'
[2020.03.05-22.49.04:314][173]LogPlayLevel: PlayLevel: No blueprints needed recompiling
[2020.03.05-22.49.04:315][173]PIE: New page: PIE session: FirstPersonExampleMap (Mar 6, 2020, 12:49:04 AM)
[2020.03.05-22.49.04:329][173]LogPlayLevel: Creating play world package: /Game/FirstPersonCPP/Maps/UEDPIE_0_FirstPersonExampleMap
[2020.03.05-22.49.04:359][173]LogPlayLevel: PIE: StaticDuplicateObject took: (0.028907s)
[2020.03.05-22.49.04:360][173]LogAIModule: Creating AISystem for world FirstPersonExampleMap
[2020.03.05-22.49.04:361][173]LogPlayLevel: PIE: World Init took: (0.001358s)
[2020.03.05-22.49.04:361][173]LogPlayLevel: PIE: Created PIE world by copying editor world from /Game/FirstPersonCPP/Maps/FirstPersonExampleMap.FirstPersonExampleMap to /Game/FirstPersonCPP/Maps/UEDPIE_0_FirstPersonExampleMap.FirstPersonExampleMap (0.031239s)
[2020.03.05-22.49.04:385][173]LogUObjectHash: Compacting FUObjectHashTables data took   1.68ms
[2020.03.05-22.49.04:396][173]LogInit: XAudio2 using 'Altavoces (Realtek High Definition Audio)' : 2 channels at 48 kHz using 32 bits per sample (channel mask 0x3)
[2020.03.05-22.49.04:417][173]LogInit: FAudioDevice initialized.
[2020.03.05-22.49.04:471][173]LogLoad: Game class is 'Inventory_C'
[2020.03.05-22.49.04:474][173]LogWorld: Bringing World /Game/FirstPersonCPP/Maps/UEDPIE_0_FirstPersonExampleMap.FirstPersonExampleMap up for play (max tick rate 0) at 2020.03.05-23.49.04
[2020.03.05-22.49.04:475][173]LogWorld: Bringing up level for play took: 0.002801
[2020.03.05-22.49.04:497][173]LogContentBrowser: Native class hierarchy updated for 'MovieSceneCapture' in 0.0006 seconds. Added 20 classes and 0 folders.
[2020.03.05-22.49.04:498][173]PIE: Play in editor start time for /Game/FirstPersonCPP/Maps/UEDPIE_0_FirstPersonExampleMap 0.117
[2020.03.05-22.49.04:499][173]LogBlueprintUserMessages: Late PlayInEditor Detection: Level '/Game/FirstPersonCPP/Maps/FirstPersonExampleMap.FirstPersonExampleMap:PersistentLevel' has LevelScriptBlueprint '/Game/FirstPersonCPP/Maps/FirstPersonExampleMap.FirstPersonExampleMap:PersistentLevel.FirstPersonExampleMap' with GeneratedClass '/Game/FirstPersonCPP/Maps/FirstPersonExampleMap.FirstPersonExampleMap_C' with ClassGeneratedBy '/Game/FirstPersonCPP/Maps/FirstPersonExampleMap.FirstPersonExampleMap:PersistentLevel.FirstPersonExampleMap'
[2020.03.05-22.49.50:315][834]LogBlueprintUserMessages: [MyFirstItem_2] Element in stock
[2020.03.05-22.49.54:919][252]LogSlate: FSceneViewport::OnFocusLost() reason 2
[2020.03.05-22.49.58:175][629]LogBlueprintUserMessages: Early EndPlayMap Detection: Level '/Game/FirstPersonCPP/Maps/FirstPersonExampleMap.FirstPersonExampleMap:PersistentLevel' has LevelScriptBlueprint '/Game/FirstPersonCPP/Maps/FirstPersonExampleMap.FirstPersonExampleMap:PersistentLevel.FirstPersonExampleMap' with GeneratedClass '/Game/FirstPersonCPP/Maps/FirstPersonExampleMap.FirstPersonExampleMap_C' with ClassGeneratedBy '/Game/FirstPersonCPP/Maps/FirstPersonExampleMap.FirstPersonExampleMap:PersistentLevel.FirstPersonExampleMap'
[2020.03.05-22.49.58:175][629]LogSlate: Updating window title bar state: overlay mode, drag disabled, window buttons hidden, title bar hidden
[2020.03.05-22.49.58:274][629]LogPlayLevel: Display: Shutting down PIE online subsystems
[2020.03.05-22.49.58:274][629]LogBlueprintUserMessages: Late EndPlayMap Detection: Level '/Game/FirstPersonCPP/Maps/FirstPersonExampleMap.FirstPersonExampleMap:PersistentLevel' has LevelScriptBlueprint '/Game/FirstPersonCPP/Maps/FirstPersonExampleMap.FirstPersonExampleMap:PersistentLevel.FirstPersonExampleMap' with GeneratedClass '/Game/FirstPersonCPP/Maps/FirstPersonExampleMap.FirstPersonExampleMap_C' with ClassGeneratedBy '/Game/FirstPersonCPP/Maps/FirstPersonExampleMap.FirstPersonExampleMap:PersistentLevel.FirstPersonExampleMap'
[2020.03.05-22.49.58:303][629]LogSlate: Updating window title bar state: overlay mode, drag disabled, window buttons hidden, title bar hidden
[2020.03.05-22.49.58:308][629]LogUObjectHash: Compacting FUObjectHashTables data took   2.13ms
[2020.03.05-22.49.58:332][630]LogPlayLevel: Display: Destroying online subsystem :Context_1
[2020.03.05-22.50.15:500][985]LogEditorViewport: Clicking on Actor (LMB): MyFirstItem_C (MyFirstItem)
[2020.03.05-22.50.16:772][ 49]LogSlate: FSceneViewport::OnFocusLost() reason 0
[2020.03.05-22.50.16:852][ 52]LogSlate: Took 0.000338 seconds to synchronously load lazily loaded font '../../../Engine/Content/Slate/Fonts/Roboto-Light.ttf' (167K)
[2020.03.05-22.50.16:859][ 52]LogAssetEditorManager: Opening Asset editor for Blueprint /Game/InventorySystem/MyFirstItem.MyFirstItem
[2020.03.05-22.50.17:508][ 52]LogContentBrowser: Native class hierarchy updated for 'BlueprintGraph' in 0.0010 seconds. Added 121 classes and 0 folders.
[2020.03.05-22.50.18:610][ 52]LogSlate: Took 0.029454 seconds to synchronously load lazily loaded font '../../../Engine/Content/Slate/Fonts/Roboto-BoldCondensed.ttf' (158K)
[2020.03.05-22.50.18:738][ 53]LogSlate: Took 0.021101 seconds to synchronously load lazily loaded font '../../../Engine/Content/Slate/Fonts/Roboto-Italic.ttf' (157K)
[2020.03.05-22.50.39:933][814]LogAssetEditorManager: Opening Asset editor for WidgetBlueprint /Game/InventorySystem/InventorySystem_HUD/Inventory_Slot.Inventory_Slot
[2020.03.05-22.50.40:289][814]LogBlueprintActionDatabase: Requesting refresh due to module change: SequencerWidgets (loaded)
[2020.03.05-22.51.39:733][575]LogAssetEditorManager: Opening Asset editor for WidgetBlueprint /Game/InventorySystem/InventorySystem_HUD/Inventory_Window.Inventory_Window
[2020.03.05-22.51.53:454][886]LogTemp: Repeating last play command: Selected Viewport
[2020.03.05-22.51.53:491][886]LogBlueprintUserMessages: Early PlayInEditor Detection: Level '/Game/FirstPersonCPP/Maps/FirstPersonExampleMap.FirstPersonExampleMap:PersistentLevel' has LevelScriptBlueprint '/Game/FirstPersonCPP/Maps/FirstPersonExampleMap.FirstPersonExampleMap:PersistentLevel.FirstPersonExampleMap' with GeneratedClass '/Game/FirstPersonCPP/Maps/FirstPersonExampleMap.FirstPersonExampleMap_C' with ClassGeneratedBy '/Game/FirstPersonCPP/Maps/FirstPersonExampleMap.FirstPersonExampleMap:PersistentLevel.FirstPersonExampleMap'
[2020.03.05-22.51.53:491][886]BlueprintLog: New page: Pre-Play auto-recompile
[2020.03.05-22.51.53:497][886]LogPlayLevel: [PlayLevel] Compiling Inventory_Slot before play...
[2020.03.05-22.51.53:824][886]LogUObjectHash: Compacting FUObjectHashTables data took   6.84ms
[2020.03.05-22.51.53:825][886]LogPlayLevel: PlayLevel: Blueprint regeneration took 333 ms (1 blueprints)
[2020.03.05-22.51.53:825][886]PIE: New page: PIE session: FirstPersonExampleMap (Mar 6, 2020, 12:51:53 AM)
[2020.03.05-22.51.53:826][886]LogPlayLevel: Creating play world package: /Game/FirstPersonCPP/Maps/UEDPIE_0_FirstPersonExampleMap
[2020.03.05-22.51.53:849][886]LogPlayLevel: PIE: StaticDuplicateObject took: (0.021629s)
[2020.03.05-22.51.53:851][886]LogAIModule: Creating AISystem for world FirstPersonExampleMap
[2020.03.05-22.51.53:851][886]LogPlayLevel: PIE: World Init took: (0.001779s)
[2020.03.05-22.51.53:851][886]LogPlayLevel: PIE: Created PIE world by copying editor world from /Game/FirstPersonCPP/Maps/FirstPersonExampleMap.FirstPersonExampleMap to /Game/FirstPersonCPP/Maps/UEDPIE_0_FirstPersonExampleMap.FirstPersonExampleMap (0.024751s)
[2020.03.05-22.51.53:898][886]LogUObjectHash: Compacting FUObjectHashTables data took   3.14ms
[2020.03.05-22.51.53:913][886]LogInit: XAudio2 using 'Altavoces (Realtek High Definition Audio)' : 2 channels at 48 kHz using 32 bits per sample (channel mask 0x3)
[2020.03.05-22.51.53:933][886]LogInit: FAudioDevice initialized.
[2020.03.05-22.51.53:977][886]LogLoad: Game class is 'Inventory_C'
[2020.03.05-22.51.53:980][886]LogWorld: Bringing World /Game/FirstPersonCPP/Maps/UEDPIE_0_FirstPersonExampleMap.FirstPersonExampleMap up for play (max tick rate 0) at 2020.03.05-23.51.53
[2020.03.05-22.51.53:981][886]LogWorld: Bringing up level for play took: 0.002873
[2020.03.05-22.51.54:001][886]PIE: Play in editor start time for /Game/FirstPersonCPP/Maps/UEDPIE_0_FirstPersonExampleMap -0.38
[2020.03.05-22.51.54:002][886]LogBlueprintUserMessages: Late PlayInEditor Detection: Level '/Game/FirstPersonCPP/Maps/FirstPersonExampleMap.FirstPersonExampleMap:PersistentLevel' has LevelScriptBlueprint '/Game/FirstPersonCPP/Maps/FirstPersonExampleMap.FirstPersonExampleMap:PersistentLevel.FirstPersonExampleMap' with GeneratedClass '/Game/FirstPersonCPP/Maps/FirstPersonExampleMap.FirstPersonExampleMap_C' with ClassGeneratedBy '/Game/FirstPersonCPP/Maps/FirstPersonExampleMap.FirstPersonExampleMap:PersistentLevel.FirstPersonExampleMap'
[2020.03.05-22.51.56:525][149]LogBlueprintUserMessages: [MyFirstItem_2] Element in stock
[2020.03.05-22.51.59:883][524]LogBlueprintDebug: Warning: Hit breakpoint on node 'K2Node_VariableSet', from offset 848
[2020.03.05-22.51.59:884][524]LogBlueprintDebug: 
Script call stack:
	Function /Game/InventorySystem/InventorySystem_HUD/Inventory_Window.Inventory_Window_C:Construct
	Function /Game/InventorySystem/InventorySystem_HUD/Inventory_Window.Inventory_Window_C:ExecuteUbergraph_Inventory_Window

[2020.03.05-22.51.59:920][524]LogSlate: FSceneViewport::OnFocusLost() reason 2
[2020.03.05-22.52.11:806][524]LogBlueprintUserMessages: Early EndPlayMap Detection: Level '/Game/FirstPersonCPP/Maps/FirstPersonExampleMap.FirstPersonExampleMap:PersistentLevel' has LevelScriptBlueprint '/Game/FirstPersonCPP/Maps/FirstPersonExampleMap.FirstPersonExampleMap:PersistentLevel.FirstPersonExampleMap' with GeneratedClass '/Game/FirstPersonCPP/Maps/FirstPersonExampleMap.FirstPersonExampleMap_C' with ClassGeneratedBy '/Game/FirstPersonCPP/Maps/FirstPersonExampleMap.FirstPersonExampleMap:PersistentLevel.FirstPersonExampleMap'
[2020.03.05-22.52.11:807][524]LogSlate: Updating window title bar state: overlay mode, drag disabled, window buttons hidden, title bar hidden
[2020.03.05-22.52.11:854][524]LogPlayLevel: Display: Shutting down PIE online subsystems
[2020.03.05-22.52.11:855][524]LogBlueprintUserMessages: Late EndPlayMap Detection: Level '/Game/FirstPersonCPP/Maps/FirstPersonExampleMap.FirstPersonExampleMap:PersistentLevel' has LevelScriptBlueprint '/Game/FirstPersonCPP/Maps/FirstPersonExampleMap.FirstPersonExampleMap:PersistentLevel.FirstPersonExampleMap' with GeneratedClass '/Game/FirstPersonCPP/Maps/FirstPersonExampleMap.FirstPersonExampleMap_C' with ClassGeneratedBy '/Game/FirstPersonCPP/Maps/FirstPersonExampleMap.FirstPersonExampleMap:PersistentLevel.FirstPersonExampleMap'
[2020.03.05-22.52.11:924][524]LogOutputDevice: Warning: 

Script Stack (0 frames):

[2020.03.05-22.52.11:924][524]LogOutputDevice: Error: Ensure condition failed: !IsGarbageCollecting() [File:D:\Build\++UE4\Sync\Engine\Source\Runtime\UMG\Private\Slate\SObjectWidget.cpp] [Line: 43] 
SObjectWidget for 'Inventory_Slot_C /Engine/Transient.UnrealEdEngine_0:GameInstance_1.Inventory_Window_C_0.WidgetTree_0.Inventory_Slot_C_0' destroyed while collecting garbage.  This can lead to multiple GCs being required to cleanup the object.  Possible causes might be,
1) ReleaseSlateResources not being implemented for the owner of this pointer.
2) You may just be holding onto some slate pointers on an actor that don't get reset until the actor is Garbage Collected.  You should avoid doing this, and instead reset those references when the actor is Destroyed.

[2020.03.05-22.52.11:924][524]LogStats:             FDebug::EnsureFailed -  0.001 s
[2020.03.05-22.52.13:693][524]LogSlate: Updating window title bar state: overlay mode, drag disabled, window buttons hidden, title bar hidden
[2020.03.05-22.52.13:699][524]LogUObjectHash: Compacting FUObjectHashTables data took   2.67ms
[2020.03.05-22.52.13:718][525]LogPlayLevel: Display: Destroying online subsystem :Context_9
[2020.03.05-22.53.03:516][180]LogTemp: Repeating last play command: Selected Viewport
[2020.03.05-22.53.03:554][180]LogBlueprintUserMessages: Early PlayInEditor Detection: Level '/Game/FirstPersonCPP/Maps/FirstPersonExampleMap.FirstPersonExampleMap:PersistentLevel' has LevelScriptBlueprint '/Game/FirstPersonCPP/Maps/FirstPersonExampleMap.FirstPersonExampleMap:PersistentLevel.FirstPersonExampleMap' with GeneratedClass '/Game/FirstPersonCPP/Maps/FirstPersonExampleMap.FirstPersonExampleMap_C' with ClassGeneratedBy '/Game/FirstPersonCPP/Maps/FirstPersonExampleMap.FirstPersonExampleMap:PersistentLevel.FirstPersonExampleMap'
[2020.03.05-22.53.03:554][180]LogPlayLevel: PlayLevel: No blueprints needed recompiling
[2020.03.05-22.53.03:555][180]PIE: New page: PIE session: FirstPersonExampleMap (Mar 6, 2020, 12:53:03 AM)
[2020.03.05-22.53.03:555][180]LogPlayLevel: Creating play world package: /Game/FirstPersonCPP/Maps/UEDPIE_0_FirstPersonExampleMap
[2020.03.05-22.53.03:571][180]LogPlayLevel: PIE: StaticDuplicateObject took: (0.016384s)
[2020.03.05-22.53.03:573][180]LogAIModule: Creating AISystem for world FirstPersonExampleMap
[2020.03.05-22.53.03:573][180]LogPlayLevel: PIE: World Init took: (0.001450s)
[2020.03.05-22.53.03:573][180]LogPlayLevel: PIE: Created PIE world by copying editor world from /Game/FirstPersonCPP/Maps/FirstPersonExampleMap.FirstPersonExampleMap to /Game/FirstPersonCPP/Maps/UEDPIE_0_FirstPersonExampleMap.FirstPersonExampleMap (0.018391s)
[2020.03.05-22.53.03:619][180]LogUObjectHash: Compacting FUObjectHashTables data took   2.67ms
[2020.03.05-22.53.03:629][180]LogInit: XAudio2 using 'Altavoces (Realtek High Definition Audio)' : 2 channels at 48 kHz using 32 bits per sample (channel mask 0x3)
[2020.03.05-22.53.03:648][180]LogInit: FAudioDevice initialized.
[2020.03.05-22.53.03:670][180]LogSlate: Updating window title bar state: overlay mode, drag disabled, window buttons hidden, title bar hidden
[2020.03.05-22.53.03:721][180]LogLoad: Game class is 'Inventory_C'
[2020.03.05-22.53.03:725][180]LogWorld: Bringing World /Game/FirstPersonCPP/Maps/UEDPIE_0_FirstPersonExampleMap.FirstPersonExampleMap up for play (max tick rate 0) at 2020.03.05-23.53.03
[2020.03.05-22.53.03:726][180]LogWorld: Bringing up level for play took: 0.004357
[2020.03.05-22.53.03:748][180]PIE: Play in editor start time for /Game/FirstPersonCPP/Maps/UEDPIE_0_FirstPersonExampleMap -0.633
[2020.03.05-22.53.03:749][180]LogBlueprintUserMessages: Late PlayInEditor Detection: Level '/Game/FirstPersonCPP/Maps/FirstPersonExampleMap.FirstPersonExampleMap:PersistentLevel' has LevelScriptBlueprint '/Game/FirstPersonCPP/Maps/FirstPersonExampleMap.FirstPersonExampleMap:PersistentLevel.FirstPersonExampleMap' with GeneratedClass '/Game/FirstPersonCPP/Maps/FirstPersonExampleMap.FirstPersonExampleMap_C' with ClassGeneratedBy '/Game/FirstPersonCPP/Maps/FirstPersonExampleMap.FirstPersonExampleMap:PersistentLevel.FirstPersonExampleMap'
[2020.03.05-22.53.07:202][428]LogBlueprintUserMessages: [MyFirstItem_2] Element in stock
