Log file open, 03/05/20 22:17:15
LogWindows: Failed to load 'aqProf.dll' (GetLastError=126)
LogWindows: File 'aqProf.dll' does not exist
LogWindows: Failed to load 'VtuneApi.dll' (GetLastError=126)
LogWindows: File 'VtuneApi.dll' does not exist
LogWindows: Failed to load 'VtuneApi32e.dll' (GetLastError=126)
LogWindows: File 'VtuneApi32e.dll' does not exist
LogConsoleResponse: Display: Failed to find resolution value strings in scalability ini. Falling back to default.
LogInit: Display: Running engine for game: InventorySystem_V1
LogPakFile: Registered encryption key '00000000000000000000000000000000': 0 pak files mounted, 0 remain pending
LogPlatformFile: Not using cached read wrapper
LogTaskGraph: Started task graph with 5 named threads and 11 total threads with 3 sets of task threads.
LogStats: Stats thread started at 0.808808
LogD3D11RHI: Loaded GFSDK_Aftermath_Lib.x64.dll
LogICUInternationalization: ICU TimeZone Detection - Raw Offset: +1:00, Platform Override: ''
LogPluginManager: Mounting plugin Paper2D
LogPluginManager: Mounting plugin AISupport
LogPluginManager: Mounting plugin LightPropagationVolume
LogPluginManager: Mounting plugin ActorLayerUtilities
LogPluginManager: Mounting plugin AnimationSharing
LogPluginManager: Mounting plugin CLionSourceCodeAccess
LogPluginManager: Mounting plugin CodeLiteSourceCodeAccess
LogPluginManager: Mounting plugin GitSourceControl
LogPluginManager: Mounting plugin KDevelopSourceCodeAccess
LogPluginManager: Mounting plugin NullSourceCodeAccess
LogPluginManager: Mounting plugin PerforceSourceControl
LogPluginManager: Mounting plugin SubversionSourceControl
LogPluginManager: Mounting plugin UObjectPlugin
LogPluginManager: Mounting plugin VisualStudioCodeSourceCodeAccess
LogPluginManager: Mounting plugin VisualStudioSourceCodeAccess
LogPluginManager: Mounting plugin XCodeSourceCodeAccess
LogPluginManager: Mounting plugin AssetManagerEditor
LogPluginManager: Mounting plugin CryptoKeys
LogPluginManager: Mounting plugin DataValidation
LogPluginManager: Mounting plugin FacialAnimation
LogPluginManager: Mounting plugin GameplayTagsEditor
LogPluginManager: Mounting plugin MacGraphicsSwitching
LogPluginManager: Mounting plugin MaterialAnalyzer
LogPluginManager: Mounting plugin MobileLauncherProfileWizard
LogPluginManager: Mounting plugin PluginBrowser
LogPluginManager: Mounting plugin SpeedTreeImporter
LogPluginManager: Mounting plugin DatasmithContent
LogPluginManager: Mounting plugin VariantManagerContent
LogPluginManager: Mounting plugin AlembicImporter
LogPluginManager: Mounting plugin AppleImageUtils
LogPluginManager: Mounting plugin AppleVision
LogPluginManager: Mounting plugin BackChannel
LogPluginManager: Mounting plugin CharacterAI
LogPluginManager: Mounting plugin GeometryCache
LogPluginManager: Mounting plugin HTML5Networking
LogPluginManager: Mounting plugin ProxyLODPlugin
LogPluginManager: Mounting plugin SkeletalReduction
LogPluginManager: Mounting plugin MagicLeap
LogPluginManager: Mounting plugin MagicLeapMedia
LogPluginManager: Mounting plugin AndroidMedia
LogPluginManager: Mounting plugin AvfMedia
LogPluginManager: Mounting plugin ImgMedia
LogPluginManager: Mounting plugin LinearTimecode
LogPluginManager: Mounting plugin MediaCompositing
LogPluginManager: Mounting plugin MediaPlayerEditor
LogPluginManager: Mounting plugin WebMMedia
LogPluginManager: Mounting plugin WmfMedia
LogPluginManager: Mounting plugin TcpMessaging
LogPluginManager: Mounting plugin UdpMessaging
LogPluginManager: Mounting plugin ActorSequence
LogPluginManager: Mounting plugin LevelSequenceEditor
LogPluginManager: Mounting plugin MatineeToLevelSequence
LogPluginManager: Mounting plugin NetcodeUnitTest
LogPluginManager: Mounting plugin NUTUnrealEngine4
LogPluginManager: Mounting plugin OnlineSubsystemGooglePlay
LogPluginManager: Mounting plugin OnlineSubsystemIOS
LogPluginManager: Mounting plugin OnlineSubsystem
LogPluginManager: Mounting plugin OnlineSubsystemNull
LogPluginManager: Mounting plugin OnlineSubsystemUtils
LogPluginManager: Mounting plugin LauncherChunkInstaller
LogPluginManager: Mounting plugin AndroidDeviceProfileSelector
LogPluginManager: Mounting plugin AndroidMoviePlayer
LogPluginManager: Mounting plugin AndroidPermission
LogPluginManager: Mounting plugin AppleMoviePlayer
LogPluginManager: Mounting plugin ArchVisCharacter
LogPluginManager: Mounting plugin AudioCapture
LogPluginManager: Mounting plugin CableComponent
LogPluginManager: Mounting plugin CustomMeshComponent
LogPluginManager: Mounting plugin EditableMesh
LogPluginManager: Mounting plugin ExampleDeviceProfileSelector
LogPluginManager: Mounting plugin Firebase
LogPluginManager: Mounting plugin GoogleCloudMessaging
LogPluginManager: Mounting plugin IOSDeviceProfileSelector
LogPluginManager: Mounting plugin LinuxDeviceProfileSelector
LogPluginManager: Mounting plugin LocationServicesBPLibrary
LogPluginManager: Mounting plugin MobilePatchingUtils
LogPluginManager: Mounting plugin OculusVR
LogPluginManager: Mounting plugin PhysXVehicles
LogPluginManager: Mounting plugin ProceduralMeshComponent
LogPluginManager: Mounting plugin RuntimePhysXCooking
LogPluginManager: Mounting plugin SignificanceManager
LogPluginManager: Mounting plugin SteamVR
LogPluginManager: Mounting plugin WebMMoviePlayer
LogPluginManager: Mounting plugin WindowsMoviePlayer
LogInit: Using libcurl 7.55.1-DEV
LogInit:  - built for x86_64-pc-win32
LogInit:  - supports SSL with OpenSSL/1.1.1
LogInit:  - supports HTTP deflate (compression) using libz 1.2.8
LogInit:  - other features:
LogInit:      CURL_VERSION_SSL
LogInit:      CURL_VERSION_LIBZ
LogInit:      CURL_VERSION_IPV6
LogInit:      CURL_VERSION_ASYNCHDNS
LogInit:      CURL_VERSION_LARGEFILE
LogInit:      CURL_VERSION_IDN
LogInit:  CurlRequestOptions (configurable via config and command line):
LogInit:  - bVerifyPeer = true  - Libcurl will verify peer certificate
LogInit:  - bUseHttpProxy = false  - Libcurl will NOT use HTTP proxy
LogInit:  - bDontReuseConnections = false  - Libcurl will reuse connections
LogInit:  - MaxHostConnections = 16  - Libcurl will limit the number of connections to a host
LogInit:  - LocalHostAddr = Default
LogInit:  - BufferSize = 65536
LogInit: WinSock: version 1.1 (2.2), MaxSocks=32767, MaxUdp=65467
LogInit: Build: ++UE4+Release-4.22-CL-6063286
LogInit: Engine Version: 4.22.1-6063286+++UE4+Release-4.22
LogInit: Compatible Engine Version: 4.22.0-5660361+++UE4+Release-4.22
LogInit: Net CL: 5660361
LogInit: OS: Windows 10 (Release 1903) (), CPU: Intel(R) Core(TM) i7-6500U CPU @ 2.50GHz, GPU: Intel(R) HD Graphics 520
LogInit: Compiled (64-bit): Apr 24 2019 04:36:48
LogInit: Compiled with Visual C++: 19.16.27025.01
LogInit: Build Configuration: Development
LogInit: Branch Name: ++UE4+Release-4.22
LogInit: Command Line:  -skipcompile
LogInit: Base Directory: C:/Program Files/Epic Games/UE_4.22/Engine/Binaries/Win64/
LogInit: Installed Engine Build: 1
LogDevObjectVersion: Number of dev versions registered: 23
LogDevObjectVersion:   Dev-Blueprints (B0D832E4-1F89-4F0D-ACCF-7EB736FD4AA2): 10
LogDevObjectVersion:   Dev-Build (E1C64328-A22C-4D53-A36C-8E866417BD8C): 0
LogDevObjectVersion:   Dev-Core (375EC13C-06E4-48FB-B500-84F0262A717E): 3
LogDevObjectVersion:   Dev-Editor (E4B068ED-F494-42E9-A231-DA0B2E46BB41): 30
LogDevObjectVersion:   Dev-Framework (CFFC743F-43B0-4480-9391-14DF171D2073): 35
LogDevObjectVersion:   Dev-Mobile (B02B49B5-BB20-44E9-A304-32B752E40360): 2
LogDevObjectVersion:   Dev-Networking (A4E4105C-59A1-49B5-A7C5-40C4547EDFEE): 0
LogDevObjectVersion:   Dev-Online (39C831C9-5AE6-47DC-9A44-9C173E1C8E7C): 0
LogDevObjectVersion:   Dev-Physics (78F01B33-EBEA-4F98-B9B4-84EACCB95AA2): 0
LogDevObjectVersion:   Dev-Platform (6631380F-2D4D-43E0-8009-CF276956A95A): 0
LogDevObjectVersion:   Dev-Rendering (12F88B9F-8875-4AFC-A67C-D90C383ABD29): 28
LogDevObjectVersion:   Dev-Sequencer (7B5AE74C-D270-4C10-A958-57980B212A5A): 11
LogDevObjectVersion:   Dev-VR (D7296918-1DD6-4BDD-9DE2-64A83CC13884): 2
LogDevObjectVersion:   Dev-LoadTimes (C2A15278-BFE7-4AFE-6C17-90FF531DF755): 1
LogDevObjectVersion:   Private-Geometry (6EACA3D4-40EC-4CC1-B786-8BED09428FC5): 3
LogDevObjectVersion:   Dev-AnimPhys (29E575DD-E0A3-4627-9D10-D276232CDCEA): 17
LogDevObjectVersion:   Dev-Anim (AF43A65D-7FD3-4947-9873-3E8ED9C1BB05): 2
LogDevObjectVersion:   Dev-ReflectionCapture (6B266CEC-1EC7-4B8F-A30B-E4D90942FC07): 1
LogDevObjectVersion:   Dev-Automation (0DF73D61-A23F-47EA-B727-89E90C41499A): 1
LogDevObjectVersion:   FortniteMain (601D1886-AC64-4F84-AA16-D3DE0DEAC7D6): 25
LogDevObjectVersion:   Dev-Enterprise (9DFFBCD6-494F-0158-E221-12823C92A888): 6
LogDevObjectVersion:   Dev-Niagara (F2AED0AC-9AFE-416F-8664-AA7FFA26D6FC): 1
LogDevObjectVersion:   Dev-Destruction (174F1F0B-B4C6-45A5-B13F-2EE8D0FB917D): 2
LogInit: Presizing for max 16777216 objects, including 0 objects not considered by GC, pre-allocating 0 bytes for permanent pool.
LogInit: Object subsystem initialized
LogConfig: Setting CVar [[con.DebugEarlyDefault:1]]
LogConfig: Setting CVar [[r.setres:1280x720]]
[2020.03.05-21.17.19:430][  0]LogConfig: Setting CVar [[r.VSync:0]]
[2020.03.05-21.17.19:430][  0]LogConfig: Setting CVar [[r.RHICmdBypass:0]]
[2020.03.05-21.17.19:430][  0]LogConfig: Applying CVar settings from Section [/Script/Engine.RendererSettings] File [C:/Users/Felipe L/Desktop/Games/TankGame/InventorySystem_V1/Saved/Config/Windows/Engine.ini]
[2020.03.05-21.17.19:430][  0]LogConfig: Setting CVar [[r.GPUCrashDebugging:0]]
[2020.03.05-21.17.19:430][  0]LogConfig: Applying CVar settings from Section [/Script/Engine.RendererOverrideSettings] File [C:/Users/Felipe L/Desktop/Games/TankGame/InventorySystem_V1/Saved/Config/Windows/Engine.ini]
[2020.03.05-21.17.19:430][  0]LogConfig: Applying CVar settings from Section [/Script/Engine.StreamingSettings] File [C:/Users/Felipe L/Desktop/Games/TankGame/InventorySystem_V1/Saved/Config/Windows/Engine.ini]
[2020.03.05-21.17.19:430][  0]LogConfig: Setting CVar [[s.MinBulkDataSizeForAsyncLoading:131072]]
[2020.03.05-21.17.19:430][  0]LogConfig: Setting CVar [[s.AsyncLoadingThreadEnabled:0]]
[2020.03.05-21.17.19:430][  0]LogConfig: Setting CVar [[s.EventDrivenLoaderEnabled:1]]
[2020.03.05-21.17.19:430][  0]LogConfig: Setting CVar [[s.WarnIfTimeLimitExceeded:0]]
[2020.03.05-21.17.19:430][  0]LogConfig: Setting CVar [[s.TimeLimitExceededMultiplier:1.5]]
[2020.03.05-21.17.19:430][  0]LogConfig: Setting CVar [[s.TimeLimitExceededMinTime:0.005]]
[2020.03.05-21.17.19:431][  0]LogConfig: Setting CVar [[s.UseBackgroundLevelStreaming:1]]
[2020.03.05-21.17.19:431][  0]LogConfig: Setting CVar [[s.PriorityAsyncLoadingExtraTime:15.0]]
[2020.03.05-21.17.19:431][  0]LogConfig: Setting CVar [[s.LevelStreamingActorsUpdateTimeLimit:5.0]]
[2020.03.05-21.17.19:431][  0]LogConfig: Setting CVar [[s.PriorityLevelStreamingActorsUpdateExtraTime:5.0]]
[2020.03.05-21.17.19:431][  0]LogConfig: Setting CVar [[s.LevelStreamingComponentsRegistrationGranularity:10]]
[2020.03.05-21.17.19:431][  0]LogConfig: Setting CVar [[s.UnregisterComponentsTimeLimit:1.0]]
[2020.03.05-21.17.19:431][  0]LogConfig: Setting CVar [[s.LevelStreamingComponentsUnregistrationGranularity:5]]
[2020.03.05-21.17.19:431][  0]LogConfig: Applying CVar settings from Section [/Script/Engine.GarbageCollectionSettings] File [C:/Users/Felipe L/Desktop/Games/TankGame/InventorySystem_V1/Saved/Config/Windows/Engine.ini]
[2020.03.05-21.17.19:431][  0]LogConfig: Setting CVar [[gc.MaxObjectsNotConsideredByGC:1]]
[2020.03.05-21.17.19:431][  0]LogConfig: Setting CVar [[gc.SizeOfPermanentObjectPool:0]]
[2020.03.05-21.17.19:431][  0]LogConfig: Setting CVar [[gc.FlushStreamingOnGC:0]]
[2020.03.05-21.17.19:431][  0]LogConfig: Setting CVar [[gc.NumRetriesBeforeForcingGC:10]]
[2020.03.05-21.17.19:431][  0]LogConfig: Setting CVar [[gc.AllowParallelGC:1]]
[2020.03.05-21.17.19:432][  0]LogConfig: Setting CVar [[gc.TimeBetweenPurgingPendingKillObjects:61.1]]
[2020.03.05-21.17.19:432][  0]LogConfig: Setting CVar [[gc.MaxObjectsInEditor:16777216]]
[2020.03.05-21.17.19:432][  0]LogConfig: Setting CVar [[gc.IncrementalBeginDestroyEnabled:1]]
[2020.03.05-21.17.19:432][  0]LogConfig: Setting CVar [[gc.CreateGCClusters:1]]
[2020.03.05-21.17.19:432][  0]LogConfig: Setting CVar [[gc.MinGCClusterSize:5]]
[2020.03.05-21.17.19:432][  0]LogConfig: Setting CVar [[gc.ActorClusteringEnabled:0]]
[2020.03.05-21.17.19:432][  0]LogConfig: Setting CVar [[gc.BlueprintClusteringEnabled:0]]
[2020.03.05-21.17.19:432][  0]LogConfig: Setting CVar [[gc.UseDisregardForGCOnDedicatedServers:0]]
[2020.03.05-21.17.19:432][  0]LogConfig: Applying CVar settings from Section [/Script/Engine.NetworkSettings] File [C:/Users/Felipe L/Desktop/Games/TankGame/InventorySystem_V1/Saved/Config/Windows/Engine.ini]
[2020.03.05-21.17.19:432][  0]LogConfig: Applying CVar settings from Section [/Script/UnrealEd.CookerSettings] File [C:/Users/Felipe L/Desktop/Games/TankGame/InventorySystem_V1/Saved/Config/Windows/Engine.ini]
[2020.03.05-21.17.19:441][  0]LogConfig: Applying CVar settings from Section [ViewDistanceQuality@3] File [C:/Users/Felipe L/Desktop/Games/TankGame/InventorySystem_V1/Saved/Config/Windows/Scalability.ini]
[2020.03.05-21.17.19:441][  0]LogConfig: Setting CVar [[r.SkeletalMeshLODBias:0]]
[2020.03.05-21.17.19:442][  0]LogConfig: Setting CVar [[r.ViewDistanceScale:1.0]]
[2020.03.05-21.17.19:442][  0]LogConfig: Applying CVar settings from Section [AntiAliasingQuality@3] File [C:/Users/Felipe L/Desktop/Games/TankGame/InventorySystem_V1/Saved/Config/Windows/Scalability.ini]
[2020.03.05-21.17.19:442][  0]LogConfig: Setting CVar [[r.PostProcessAAQuality:4]]
[2020.03.05-21.17.19:442][  0]LogConfig: Applying CVar settings from Section [ShadowQuality@3] File [C:/Users/Felipe L/Desktop/Games/TankGame/InventorySystem_V1/Saved/Config/Windows/Scalability.ini]
[2020.03.05-21.17.19:442][  0]LogConfig: Setting CVar [[r.LightFunctionQuality:1]]
[2020.03.05-21.17.19:442][  0]LogConfig: Setting CVar [[r.ShadowQuality:5]]
[2020.03.05-21.17.19:442][  0]LogConfig: Setting CVar [[r.Shadow.CSM.MaxCascades:10]]
[2020.03.05-21.17.19:442][  0]LogConfig: Setting CVar [[r.Shadow.MaxResolution:2048]]
[2020.03.05-21.17.19:442][  0]LogConfig: Setting CVar [[r.Shadow.MaxCSMResolution:2048]]
[2020.03.05-21.17.19:442][  0]LogConfig: Setting CVar [[r.Shadow.RadiusThreshold:0.01]]
[2020.03.05-21.17.19:442][  0]LogConfig: Setting CVar [[r.Shadow.DistanceScale:1.0]]
[2020.03.05-21.17.19:442][  0]LogConfig: Setting CVar [[r.Shadow.CSM.TransitionScale:1.0]]
[2020.03.05-21.17.19:442][  0]LogConfig: Setting CVar [[r.Shadow.PreShadowResolutionFactor:1.0]]
[2020.03.05-21.17.19:442][  0]LogConfig: Setting CVar [[r.DistanceFieldShadowing:1]]
[2020.03.05-21.17.19:442][  0]LogConfig: Setting CVar [[r.DistanceFieldAO:1]]
[2020.03.05-21.17.19:443][  0]LogConfig: Setting CVar [[r.AOQuality:2]]
[2020.03.05-21.17.19:443][  0]LogConfig: Setting CVar [[r.VolumetricFog:1]]
[2020.03.05-21.17.19:443][  0]LogConfig: Setting CVar [[r.VolumetricFog.GridPixelSize:8]]
[2020.03.05-21.17.19:443][  0]LogConfig: Setting CVar [[r.VolumetricFog.GridSizeZ:128]]
[2020.03.05-21.17.19:443][  0]LogConfig: Setting CVar [[r.VolumetricFog.HistoryMissSupersampleCount:4]]
[2020.03.05-21.17.19:443][  0]LogConfig: Setting CVar [[r.LightMaxDrawDistanceScale:1]]
[2020.03.05-21.17.19:443][  0]LogConfig: Setting CVar [[r.CapsuleShadows:1]]
[2020.03.05-21.17.19:443][  0]LogConfig: Applying CVar settings from Section [PostProcessQuality@3] File [C:/Users/Felipe L/Desktop/Games/TankGame/InventorySystem_V1/Saved/Config/Windows/Scalability.ini]
[2020.03.05-21.17.19:443][  0]LogConfig: Setting CVar [[r.MotionBlurQuality:4]]
[2020.03.05-21.17.19:443][  0]LogConfig: Setting CVar [[r.AmbientOcclusionMipLevelFactor:0.4]]
[2020.03.05-21.17.19:443][  0]LogConfig: Setting CVar [[r.AmbientOcclusionMaxQuality:100]]
[2020.03.05-21.17.19:443][  0]LogConfig: Setting CVar [[r.AmbientOcclusionLevels:-1]]
[2020.03.05-21.17.19:443][  0]LogConfig: Setting CVar [[r.AmbientOcclusionRadiusScale:1.0]]
[2020.03.05-21.17.19:443][  0]LogConfig: Setting CVar [[r.DepthOfFieldQuality:2]]
[2020.03.05-21.17.19:444][  0]LogConfig: Setting CVar [[r.RenderTargetPoolMin:400]]
[2020.03.05-21.17.19:444][  0]LogConfig: Setting CVar [[r.LensFlareQuality:2]]
[2020.03.05-21.17.19:444][  0]LogConfig: Setting CVar [[r.SceneColorFringeQuality:1]]
[2020.03.05-21.17.19:444][  0]LogConfig: Setting CVar [[r.EyeAdaptationQuality:2]]
[2020.03.05-21.17.19:444][  0]LogConfig: Setting CVar [[r.BloomQuality:5]]
[2020.03.05-21.17.19:444][  0]LogConfig: Setting CVar [[r.FastBlurThreshold:100]]
[2020.03.05-21.17.19:444][  0]LogConfig: Setting CVar [[r.Upscale.Quality:3]]
[2020.03.05-21.17.19:444][  0]LogConfig: Setting CVar [[r.Tonemapper.GrainQuantization:1]]
[2020.03.05-21.17.19:444][  0]LogConfig: Setting CVar [[r.LightShaftQuality:1]]
[2020.03.05-21.17.19:444][  0]LogConfig: Setting CVar [[r.Filter.SizeScale:1]]
[2020.03.05-21.17.19:444][  0]LogConfig: Setting CVar [[r.Tonemapper.Quality:5]]
[2020.03.05-21.17.19:444][  0]LogConfig: Setting CVar [[r.DOF.Gather.AccumulatorQuality:1        ; higher gathering accumulator quality]]
[2020.03.05-21.17.19:444][  0]LogConfig: Setting CVar [[r.DOF.Gather.PostfilterMethod:1          ; Median3x3 postfilering method]]
[2020.03.05-21.17.19:444][  0]LogConfig: Setting CVar [[r.DOF.Gather.EnableBokehSettings:0       ; no bokeh simulation when gathering]]
[2020.03.05-21.17.19:445][  0]LogConfig: Setting CVar [[r.DOF.Gather.RingCount:4                 ; medium number of samples when gathering]]
[2020.03.05-21.17.19:445][  0]LogConfig: Setting CVar [[r.DOF.Scatter.ForegroundCompositing:1    ; additive foreground scattering]]
[2020.03.05-21.17.19:445][  0]LogConfig: Setting CVar [[r.DOF.Scatter.BackgroundCompositing:2    ; additive background scattering]]
[2020.03.05-21.17.19:445][  0]LogConfig: Setting CVar [[r.DOF.Scatter.EnableBokehSettings:1      ; bokeh simulation when scattering]]
[2020.03.05-21.17.19:445][  0]LogConfig: Setting CVar [[r.DOF.Scatter.MaxSpriteRatio:0.1         ; only a maximum of 10% of scattered bokeh]]
[2020.03.05-21.17.19:445][  0]LogConfig: Setting CVar [[r.DOF.Recombine.Quality:1                ; cheap slight out of focus]]
[2020.03.05-21.17.19:445][  0]LogConfig: Setting CVar [[r.DOF.Recombine.EnableBokehSettings:0    ; no bokeh simulation on slight out of focus]]
[2020.03.05-21.17.19:445][  0]LogConfig: Setting CVar [[r.DOF.TemporalAAQuality:1                ; more stable temporal accumulation]]
[2020.03.05-21.17.19:445][  0]LogConfig: Setting CVar [[r.DOF.Kernel.MaxForegroundRadius:0.025]]
[2020.03.05-21.17.19:445][  0]LogConfig: Setting CVar [[r.DOF.Kernel.MaxBackgroundRadius:0.025]]
[2020.03.05-21.17.19:445][  0]LogConfig: Applying CVar settings from Section [TextureQuality@3] File [C:/Users/Felipe L/Desktop/Games/TankGame/InventorySystem_V1/Saved/Config/Windows/Scalability.ini]
[2020.03.05-21.17.19:445][  0]LogConfig: Setting CVar [[r.Streaming.MipBias:0]]
[2020.03.05-21.17.19:445][  0]LogConfig: Setting CVar [[r.Streaming.AmortizeCPUToGPUCopy:0]]
[2020.03.05-21.17.19:445][  0]LogConfig: Setting CVar [[r.Streaming.MaxNumTexturesToStreamPerFrame:0]]
[2020.03.05-21.17.19:445][  0]LogConfig: Setting CVar [[r.Streaming.Boost:1]]
[2020.03.05-21.17.19:446][  0]LogConfig: Setting CVar [[r.MaxAnisotropy:8]]
[2020.03.05-21.17.19:446][  0]LogConfig: Setting CVar [[r.Streaming.LimitPoolSizeToVRAM:0]]
[2020.03.05-21.17.19:446][  0]LogConfig: Setting CVar [[r.Streaming.PoolSize:1000]]
[2020.03.05-21.17.19:446][  0]LogConfig: Setting CVar [[r.Streaming.MaxEffectiveScreenSize:0]]
[2020.03.05-21.17.19:446][  0]LogConfig: Applying CVar settings from Section [EffectsQuality@3] File [C:/Users/Felipe L/Desktop/Games/TankGame/InventorySystem_V1/Saved/Config/Windows/Scalability.ini]
[2020.03.05-21.17.19:446][  0]LogConfig: Setting CVar [[r.TranslucencyLightingVolumeDim:64]]
[2020.03.05-21.17.19:446][  0]LogConfig: Setting CVar [[r.RefractionQuality:2]]
[2020.03.05-21.17.19:446][  0]LogConfig: Setting CVar [[r.SSR.Quality:3]]
[2020.03.05-21.17.19:446][  0]LogConfig: Setting CVar [[r.SceneColorFormat:4]]
[2020.03.05-21.17.19:446][  0]LogConfig: Setting CVar [[r.DetailMode:2]]
[2020.03.05-21.17.19:446][  0]LogConfig: Setting CVar [[r.TranslucencyVolumeBlur:1]]
[2020.03.05-21.17.19:446][  0]LogConfig: Setting CVar [[r.MaterialQualityLevel:1 ; High quality]]
[2020.03.05-21.17.19:446][  0]LogConfig: Setting CVar [[r.SSS.Scale:1]]
[2020.03.05-21.17.19:446][  0]LogConfig: Setting CVar [[r.SSS.SampleSet:2]]
[2020.03.05-21.17.19:447][  0]LogConfig: Setting CVar [[r.SSS.Quality:1]]
[2020.03.05-21.17.19:447][  0]LogConfig: Setting CVar [[r.SSS.HalfRes:1]]
[2020.03.05-21.17.19:447][  0]LogConfig: Setting CVar [[r.EmitterSpawnRateScale:1.0]]
[2020.03.05-21.17.19:447][  0]LogConfig: Setting CVar [[r.ParticleLightQuality:2]]
[2020.03.05-21.17.19:447][  0]LogConfig: Applying CVar settings from Section [FoliageQuality@3] File [C:/Users/Felipe L/Desktop/Games/TankGame/InventorySystem_V1/Saved/Config/Windows/Scalability.ini]
[2020.03.05-21.17.19:447][  0]LogConfig: Setting CVar [[foliage.DensityScale:1.0]]
[2020.03.05-21.17.19:447][  0]LogConfig: Setting CVar [[grass.DensityScale:1.0]]
[2020.03.05-21.17.19:447][  0]LogInit: Selected Device Profile: [Windows]
[2020.03.05-21.17.19:447][  0]LogInit: Applying CVar settings loaded from the selected device profile: [Windows]
[2020.03.05-21.17.19:585][  0]LogHAL: Display: Platform has ~ 8 GB [8441831424 / 8589934592 / 8], which maps to Default [LargestMinGB=32, LargerMinGB=12, DefaultMinGB=8, SmallerMinGB=6, SmallestMinGB=0)
[2020.03.05-21.17.19:585][  0]LogConfig: Setting CVar [[r.Vulkan.UseRealUBs:0		; Required until we fix HLR fall-out]]
[2020.03.05-21.17.19:585][  0]LogInit: Going up to parent DeviceProfile []
[2020.03.05-21.17.19:585][  0]LogConfig: Applying CVar settings from Section [ViewDistanceQuality@0] File [C:/Users/Felipe L/Desktop/Games/TankGame/InventorySystem_V1/Saved/Config/Windows/Scalability.ini]
[2020.03.05-21.17.19:585][  0]LogConfig: Setting CVar [[r.SkeletalMeshLODBias:2]]
[2020.03.05-21.17.19:586][  0]LogConfig: Setting CVar [[r.ViewDistanceScale:0.4]]
[2020.03.05-21.17.19:586][  0]LogConfig: Applying CVar settings from Section [AntiAliasingQuality@0] File [C:/Users/Felipe L/Desktop/Games/TankGame/InventorySystem_V1/Saved/Config/Windows/Scalability.ini]
[2020.03.05-21.17.19:586][  0]LogConfig: Setting CVar [[r.PostProcessAAQuality:0]]
[2020.03.05-21.17.19:586][  0]LogConfig: Applying CVar settings from Section [ShadowQuality@0] File [C:/Users/Felipe L/Desktop/Games/TankGame/InventorySystem_V1/Saved/Config/Windows/Scalability.ini]
[2020.03.05-21.17.19:586][  0]LogConfig: Setting CVar [[r.LightFunctionQuality:0]]
[2020.03.05-21.17.19:586][  0]LogConfig: Setting CVar [[r.ShadowQuality:0]]
[2020.03.05-21.17.19:586][  0]LogConfig: Setting CVar [[r.Shadow.CSM.MaxCascades:1]]
[2020.03.05-21.17.19:586][  0]LogConfig: Setting CVar [[r.Shadow.MaxResolution:512]]
[2020.03.05-21.17.19:586][  0]LogConfig: Setting CVar [[r.Shadow.MaxCSMResolution:512]]
[2020.03.05-21.17.19:586][  0]LogConfig: Setting CVar [[r.Shadow.RadiusThreshold:0.06]]
[2020.03.05-21.17.19:586][  0]LogConfig: Setting CVar [[r.Shadow.DistanceScale:0.6]]
[2020.03.05-21.17.19:586][  0]LogConfig: Setting CVar [[r.Shadow.CSM.TransitionScale:0]]
[2020.03.05-21.17.19:586][  0]LogConfig: Setting CVar [[r.Shadow.PreShadowResolutionFactor:0.5]]
[2020.03.05-21.17.19:586][  0]LogConfig: Setting CVar [[r.DistanceFieldShadowing:0]]
[2020.03.05-21.17.19:587][  0]LogConfig: Setting CVar [[r.DistanceFieldAO:0]]
[2020.03.05-21.17.19:587][  0]LogConfig: Setting CVar [[r.VolumetricFog:0]]
[2020.03.05-21.17.19:587][  0]LogConfig: Setting CVar [[r.LightMaxDrawDistanceScale:0]]
[2020.03.05-21.17.19:587][  0]LogConfig: Setting CVar [[r.CapsuleShadows:0]]
[2020.03.05-21.17.19:587][  0]LogConfig: Applying CVar settings from Section [PostProcessQuality@0] File [C:/Users/Felipe L/Desktop/Games/TankGame/InventorySystem_V1/Saved/Config/Windows/Scalability.ini]
[2020.03.05-21.17.19:587][  0]LogConfig: Setting CVar [[r.MotionBlurQuality:0]]
[2020.03.05-21.17.19:587][  0]LogConfig: Setting CVar [[r.AmbientOcclusionMipLevelFactor:1.0]]
[2020.03.05-21.17.19:587][  0]LogConfig: Setting CVar [[r.AmbientOcclusionMaxQuality:0]]
[2020.03.05-21.17.19:587][  0]LogConfig: Setting CVar [[r.AmbientOcclusionLevels:0]]
[2020.03.05-21.17.19:587][  0]LogConfig: Setting CVar [[r.AmbientOcclusionRadiusScale:1.2]]
[2020.03.05-21.17.19:587][  0]LogConfig: Setting CVar [[r.DepthOfFieldQuality:0]]
[2020.03.05-21.17.19:587][  0]LogConfig: Setting CVar [[r.RenderTargetPoolMin:300]]
[2020.03.05-21.17.19:587][  0]LogConfig: Setting CVar [[r.LensFlareQuality:0]]
[2020.03.05-21.17.19:587][  0]LogConfig: Setting CVar [[r.SceneColorFringeQuality:0]]
[2020.03.05-21.17.19:587][  0]LogConfig: Setting CVar [[r.EyeAdaptationQuality:0]]
[2020.03.05-21.17.19:587][  0]LogConfig: Setting CVar [[r.BloomQuality:4]]
[2020.03.05-21.17.19:588][  0]LogConfig: Setting CVar [[r.FastBlurThreshold:0]]
[2020.03.05-21.17.19:588][  0]LogConfig: Setting CVar [[r.Upscale.Quality:1]]
[2020.03.05-21.17.19:588][  0]LogConfig: Setting CVar [[r.Tonemapper.GrainQuantization:0]]
[2020.03.05-21.17.19:588][  0]LogConfig: Setting CVar [[r.LightShaftQuality:0]]
[2020.03.05-21.17.19:588][  0]LogConfig: Setting CVar [[r.Filter.SizeScale:0.6]]
[2020.03.05-21.17.19:588][  0]LogConfig: Setting CVar [[r.Tonemapper.Quality:0]]
[2020.03.05-21.17.19:588][  0]LogConfig: Applying CVar settings from Section [TextureQuality@0] File [C:/Users/Felipe L/Desktop/Games/TankGame/InventorySystem_V1/Saved/Config/Windows/Scalability.ini]
[2020.03.05-21.17.19:588][  0]LogConfig: Setting CVar [[r.Streaming.MipBias:16]]
[2020.03.05-21.17.19:588][  0]LogConfig: Setting CVar [[r.Streaming.AmortizeCPUToGPUCopy:1]]
[2020.03.05-21.17.19:588][  0]LogConfig: Setting CVar [[r.Streaming.MaxNumTexturesToStreamPerFrame:1]]
[2020.03.05-21.17.19:588][  0]LogConfig: Setting CVar [[r.Streaming.Boost:0.3]]
[2020.03.05-21.17.19:588][  0]LogConfig: Setting CVar [[r.MaxAnisotropy:0]]
[2020.03.05-21.17.19:588][  0]LogConfig: Setting CVar [[r.Streaming.LimitPoolSizeToVRAM:1]]
[2020.03.05-21.17.19:588][  0]LogConfig: Setting CVar [[r.Streaming.PoolSize:400]]
[2020.03.05-21.17.19:588][  0]LogConfig: Setting CVar [[r.Streaming.MaxEffectiveScreenSize:0]]
[2020.03.05-21.17.19:589][  0]LogConfig: Applying CVar settings from Section [EffectsQuality@0] File [C:/Users/Felipe L/Desktop/Games/TankGame/InventorySystem_V1/Saved/Config/Windows/Scalability.ini]
[2020.03.05-21.17.19:589][  0]LogConfig: Setting CVar [[r.TranslucencyLightingVolumeDim:24]]
[2020.03.05-21.17.19:589][  0]LogConfig: Setting CVar [[r.RefractionQuality:0]]
[2020.03.05-21.17.19:589][  0]LogConfig: Setting CVar [[r.SSR.Quality:0]]
[2020.03.05-21.17.19:589][  0]LogConfig: Setting CVar [[r.SceneColorFormat:3]]
[2020.03.05-21.17.19:589][  0]LogConfig: Setting CVar [[r.DetailMode:0]]
[2020.03.05-21.17.19:589][  0]LogConfig: Setting CVar [[r.TranslucencyVolumeBlur:0]]
[2020.03.05-21.17.19:589][  0]LogConfig: Setting CVar [[r.MaterialQualityLevel:0 ; Low quality]]
[2020.03.05-21.17.19:589][  0]LogConfig: Setting CVar [[r.SSS.Scale:0]]
[2020.03.05-21.17.19:589][  0]LogConfig: Setting CVar [[r.SSS.SampleSet:0]]
[2020.03.05-21.17.19:589][  0]LogConfig: Setting CVar [[r.SSS.Quality:0]]
[2020.03.05-21.17.19:589][  0]LogConfig: Setting CVar [[r.SSS.HalfRes:1]]
[2020.03.05-21.17.19:589][  0]LogConfig: Setting CVar [[r.EmitterSpawnRateScale:0.125]]
[2020.03.05-21.17.19:589][  0]LogConfig: Setting CVar [[r.ParticleLightQuality:0]]
[2020.03.05-21.17.19:590][  0]LogConfig: Applying CVar settings from Section [FoliageQuality@0] File [C:/Users/Felipe L/Desktop/Games/TankGame/InventorySystem_V1/Saved/Config/Windows/Scalability.ini]
[2020.03.05-21.17.19:590][  0]LogConfig: Setting CVar [[foliage.DensityScale:0]]
[2020.03.05-21.17.19:590][  0]LogConfig: Setting CVar [[grass.DensityScale:0]]
[2020.03.05-21.17.19:590][  0]LogConfig: Applying CVar settings from Section [Startup] File [../../../Engine/Config/ConsoleVariables.ini]
[2020.03.05-21.17.19:590][  0]LogConfig: Setting CVar [[net.UseAdaptiveNetUpdateFrequency:0]]
[2020.03.05-21.17.19:590][  0]LogConfig: Setting CVar [[p.chaos.AllowCreatePhysxBodies:1]]
[2020.03.05-21.17.19:590][  0]LogConfig: Applying CVar settings from Section [ConsoleVariables] File [C:/Users/Felipe L/Desktop/Games/TankGame/InventorySystem_V1/Saved/Config/Windows/Engine.ini]
[2020.03.05-21.17.19:591][  0]LogInit: Computer: LAPTOP-G0QMGNUT
[2020.03.05-21.17.19:591][  0]LogInit: User: FelipeL
[2020.03.05-21.17.19:591][  0]LogInit: CPU Page size=4096, Cores=2
[2020.03.05-21.17.19:591][  0]LogInit: High frequency timer resolution =10.000000 MHz
[2020.03.05-21.17.19:591][  0]LogMemory: Memory total: Physical=7.9GB (8GB approx)
[2020.03.05-21.17.19:591][  0]LogMemory: Platform Memory Stats for Windows
[2020.03.05-21.17.19:591][  0]LogMemory: Process Physical Memory: 97.69 MB used, 97.69 MB peak
[2020.03.05-21.17.19:592][  0]LogMemory: Process Virtual Memory: 91.68 MB used, 91.68 MB peak
[2020.03.05-21.17.19:592][  0]LogMemory: Physical Memory: 4972.60 MB used,  3078.16 MB free, 8050.76 MB total
[2020.03.05-21.17.19:592][  0]LogMemory: Virtual Memory: 4628.94 MB used,  134213096.00 MB free, 134217728.00 MB total
[2020.03.05-21.17.23:056][  0]LogInit: Overriding language with editor language configuration option (en).
[2020.03.05-21.17.23:056][  0]LogInit: Overriding locale with editor locale configuration option (en).
[2020.03.05-21.17.29:866][  0]LogInit: Setting process to per monitor DPI aware
[2020.03.05-21.17.30:763][  0]LogSlate: New Slate User Created.  User Index 0, Is Virtual User: 0
[2020.03.05-21.17.30:763][  0]LogSlate: Slate User Registered.  User Index 0, Is Virtual User: 0
[2020.03.05-21.17.42:355][  0]LogHMD: Failed to initialize OpenVR with code 110
[2020.03.05-21.17.42:355][  0]LogD3D11RHI: D3D11 adapters:
[2020.03.05-21.17.42:738][  0]LogD3D11RHI:    0. 'AMD Radeon(TM) R7 M360' (Feature Level 11_0)
[2020.03.05-21.17.42:738][  0]LogD3D11RHI:       2035/0/4025 MB DedicatedVideo/DedicatedSystem/SharedSystem, Outputs:1, VendorId:0x1002
[2020.03.05-21.17.42:871][  0]LogD3D11RHI:    1. 'Intel(R) HD Graphics 520' (Feature Level 11_0)
[2020.03.05-21.17.42:871][  0]LogD3D11RHI:       128/0/4025 MB DedicatedVideo/DedicatedSystem/SharedSystem, Outputs:0, VendorId:0x8086
[2020.03.05-21.17.42:950][  0]LogD3D11RHI:    2. 'Microsoft Basic Render Driver' (Feature Level 11_0)
[2020.03.05-21.17.42:950][  0]LogD3D11RHI:       0/0/4025 MB DedicatedVideo/DedicatedSystem/SharedSystem, Outputs:0, VendorId:0x1414
[2020.03.05-21.17.42:950][  0]LogD3D11RHI: Chosen D3D11 Adapter: 0
[2020.03.05-21.17.43:029][  0]LogD3D11RHI: Creating new Direct3DDevice
[2020.03.05-21.17.43:030][  0]LogD3D11RHI:     GPU DeviceId: 0x6900 (for the marketing name, search the web for "GPU Device Id")
[2020.03.05-21.17.43:030][  0]LogWindows: EnumDisplayDevices:
[2020.03.05-21.17.43:030][  0]LogWindows:    0. 'Intel(R) HD Graphics 520' (P:1 D:1)
[2020.03.05-21.17.43:031][  0]LogWindows:    1. 'Intel(R) HD Graphics 520' (P:0 D:0)
[2020.03.05-21.17.43:031][  0]LogWindows:    2. 'Intel(R) HD Graphics 520' (P:0 D:0)
[2020.03.05-21.17.43:032][  0]LogWindows: DebugString: PrimaryIsNotTheChoosenAdapter PrimaryIsNotTheChoosenAdapter PrimaryIsNotTheChoosenAdapter FoundDriverCount:0 
[2020.03.05-21.17.43:032][  0]LogD3D11RHI:     Adapter Name: AMD Radeon(TM) R7 M360
[2020.03.05-21.17.43:032][  0]LogD3D11RHI:   Driver Version: Unknown (internal:Unknown, unified:Unknown)
[2020.03.05-21.17.43:032][  0]LogD3D11RHI:      Driver Date: Unknown
[2020.03.05-21.17.43:032][  0]LogRHI: Texture pool is 1424 MB (70% of 2035 MB)
[2020.03.05-21.17.43:299][  0]LogD3D11RHI: Async texture creation enabled
[2020.03.05-21.17.43:305][  0]LogRendererCore: FGlobalReadBuffer::InitRHI
[2020.03.05-21.17.43:307][  0]LogRendererCore: FGlobalReadBuffer::InitRHI
[2020.03.05-21.17.43:307][  0]LogRendererCore: FGlobalReadBuffer::InitRHI
[2020.03.05-21.17.43:317][  0]LogD3D11RHI: GPU Timing Frequency: 27.000000 (Debug: 2 1)
[2020.03.05-21.17.43:727][  0]LogTemp: Display: Module 'AllDesktopTargetPlatform' loaded TargetPlatform 'AllDesktop'
[2020.03.05-21.17.43:748][  0]LogTemp: Display: Module 'MacClientTargetPlatform' loaded TargetPlatform 'MacClient'
[2020.03.05-21.17.43:767][  0]LogTemp: Display: Module 'MacNoEditorTargetPlatform' loaded TargetPlatform 'MacNoEditor'
[2020.03.05-21.17.43:797][  0]LogTemp: Display: Module 'MacServerTargetPlatform' loaded TargetPlatform 'MacServer'
[2020.03.05-21.17.43:844][  0]LogTemp: Display: Module 'MacTargetPlatform' loaded TargetPlatform 'Mac'
[2020.03.05-21.17.43:863][  0]LogTemp: Display: Module 'WindowsClientTargetPlatform' loaded TargetPlatform 'WindowsClient'
[2020.03.05-21.17.43:882][  0]LogTemp: Display: Module 'WindowsNoEditorTargetPlatform' loaded TargetPlatform 'WindowsNoEditor'
[2020.03.05-21.17.43:901][  0]LogTemp: Display: Module 'WindowsServerTargetPlatform' loaded TargetPlatform 'WindowsServer'
[2020.03.05-21.17.43:912][  0]LogTemp: Display: Module 'WindowsTargetPlatform' loaded TargetPlatform 'Windows'
[2020.03.05-21.17.44:062][  0]LogTemp: Display: Module 'AndroidTargetPlatform' loaded TargetPlatform 'Android'
[2020.03.05-21.17.44:062][  0]LogTemp: Display: Module 'AndroidTargetPlatform' loaded TargetPlatform 'Android_ASTC'
[2020.03.05-21.17.44:062][  0]LogTemp: Display: Module 'AndroidTargetPlatform' loaded TargetPlatform 'Android_ATC'
[2020.03.05-21.17.44:062][  0]LogTemp: Display: Module 'AndroidTargetPlatform' loaded TargetPlatform 'Android_DXT'
[2020.03.05-21.17.44:062][  0]LogTemp: Display: Module 'AndroidTargetPlatform' loaded TargetPlatform 'Android_ETC1'
[2020.03.05-21.17.44:063][  0]LogTemp: Display: Module 'AndroidTargetPlatform' loaded TargetPlatform 'Android_ETC1a'
[2020.03.05-21.17.44:063][  0]LogTemp: Display: Module 'AndroidTargetPlatform' loaded TargetPlatform 'Android_ETC2'
[2020.03.05-21.17.44:063][  0]LogTemp: Display: Module 'AndroidTargetPlatform' loaded TargetPlatform 'Android_PVRTC'
[2020.03.05-21.17.44:063][  0]LogTemp: Display: Module 'AndroidTargetPlatform' loaded TargetPlatform 'AndroidClient'
[2020.03.05-21.17.44:063][  0]LogTemp: Display: Module 'AndroidTargetPlatform' loaded TargetPlatform 'Android_ASTCClient'
[2020.03.05-21.17.44:063][  0]LogTemp: Display: Module 'AndroidTargetPlatform' loaded TargetPlatform 'Android_ATCClient'
[2020.03.05-21.17.44:063][  0]LogTemp: Display: Module 'AndroidTargetPlatform' loaded TargetPlatform 'Android_DXTClient'
[2020.03.05-21.17.44:063][  0]LogTemp: Display: Module 'AndroidTargetPlatform' loaded TargetPlatform 'Android_ETC1Client'
[2020.03.05-21.17.44:063][  0]LogTemp: Display: Module 'AndroidTargetPlatform' loaded TargetPlatform 'Android_ETC1aClient'
[2020.03.05-21.17.44:063][  0]LogTemp: Display: Module 'AndroidTargetPlatform' loaded TargetPlatform 'Android_ETC2Client'
[2020.03.05-21.17.44:063][  0]LogTemp: Display: Module 'AndroidTargetPlatform' loaded TargetPlatform 'Android_PVRTCClient'
[2020.03.05-21.17.44:063][  0]LogTemp: Display: Module 'AndroidTargetPlatform' loaded TargetPlatform 'Android_Multi'
[2020.03.05-21.17.44:063][  0]LogTemp: Display: Module 'AndroidTargetPlatform' loaded TargetPlatform 'Android_MultiClient'
[2020.03.05-21.17.44:069][  0]LogTemp: Display: Module 'HTML5TargetPlatform' loaded TargetPlatform 'HTML5'
[2020.03.05-21.17.44:213][  0]LogTemp: Display: Module 'IOSTargetPlatform' loaded TargetPlatform 'IOSClient'
[2020.03.05-21.17.44:213][  0]LogTemp: Display: Module 'IOSTargetPlatform' loaded TargetPlatform 'IOS'
[2020.03.05-21.17.44:267][  0]LogTemp: Display: Module 'TVOSTargetPlatform' loaded TargetPlatform 'TVOSClient'
[2020.03.05-21.17.44:268][  0]LogTemp: Display: Module 'TVOSTargetPlatform' loaded TargetPlatform 'TVOS'
[2020.03.05-21.17.44:335][  0]LogTemp: Display: Module 'LinuxClientTargetPlatform' loaded TargetPlatform 'LinuxClient'
[2020.03.05-21.17.44:438][  0]LogTemp: Display: Module 'LinuxNoEditorTargetPlatform' loaded TargetPlatform 'LinuxNoEditor'
[2020.03.05-21.17.44:552][  0]LogTemp: Display: Module 'LinuxServerTargetPlatform' loaded TargetPlatform 'LinuxServer'
[2020.03.05-21.17.44:693][  0]LogTemp: Display: Module 'LinuxTargetPlatform' loaded TargetPlatform 'Linux'
[2020.03.05-21.17.44:811][  0]LogTemp: Display: Module 'LuminTargetPlatform' loaded TargetPlatform 'Lumin'
[2020.03.05-21.17.44:811][  0]LogTemp: Display: Module 'LuminTargetPlatform' loaded TargetPlatform 'LuminClient'
[2020.03.05-21.17.44:811][  0]LogTargetPlatformManager: Display: Building Assets For Windows
[2020.03.05-21.17.45:105][  0]LogAudioDebug: Display: Lib vorbis DLL was dynamically loaded.
[2020.03.05-21.17.46:158][  0]LogShaderCompilers: Guid format shader working directory is -26 characters bigger than the processId version (../../../../../../Users/Felipe L/Desktop/Games/TankGame/InventorySystem_V1/Intermediate/Shaders/WorkingDirectory/19696/).
[2020.03.05-21.17.46:158][  0]LogShaderCompilers: Cleaned the shader compiler working directory 'C:/Users/Felipe L/AppData/Local/Temp/UnrealShaderWorkingDir/C370F4834E7ACDC7B516A4AA4C8361BE/'.
[2020.03.05-21.17.46:186][  0]LogXGEController: Cleaning working directory: C:/Users/Felipe L/AppData/Local/Temp/UnrealXGEWorkingDir/
[2020.03.05-21.17.46:187][  0]LogXGEController: Cannot use XGE Controller as Incredibuild is not installed on this machine.
[2020.03.05-21.17.46:187][  0]LogShaderCompilers: Cannot use XGE Shader Compiler as Incredibuild is not installed on this machine.
[2020.03.05-21.17.46:187][  0]LogShaderCompilers: Display: Using Local Shader Compiler.
[2020.03.05-21.17.57:021][  0]LogDerivedDataCache: Display: Max Cache Size: 512 MB
[2020.03.05-21.17.58:967][  0]LogDerivedDataCache: Loaded boot cache 1.95s 74MB C:/Users/Felipe L/AppData/Local/UnrealEngine/4.22/DerivedDataCache/Boot.ddc.
[2020.03.05-21.17.58:967][  0]LogDerivedDataCache: Display: Loaded Boot cache: C:/Users/Felipe L/AppData/Local/UnrealEngine/4.22/DerivedDataCache/Boot.ddc
[2020.03.05-21.17.58:967][  0]LogDerivedDataCache: FDerivedDataBackendGraph:  Pak pak cache file ../../../../../../Users/Felipe L/Desktop/Games/TankGame/InventorySystem_V1/DerivedDataCache/DDC.ddp not found, will not use a pak cache.
[2020.03.05-21.17.58:967][  0]LogDerivedDataCache: Unable to find inner node Pak for hierarchical cache Hierarchy.
[2020.03.05-21.17.58:968][  0]LogDerivedDataCache: FDerivedDataBackendGraph:  CompressedPak pak cache file ../../../../../../Users/Felipe L/Desktop/Games/TankGame/InventorySystem_V1/DerivedDataCache/Compressed.ddp not found, will not use a pak cache.
[2020.03.05-21.17.58:968][  0]LogDerivedDataCache: Unable to find inner node CompressedPak for hierarchical cache Hierarchy.
[2020.03.05-21.17.58:987][  0]LogDerivedDataCache: Display: Pak cache opened for reading ../../../Engine/DerivedDataCache/Compressed.ddp.
[2020.03.05-21.17.58:987][  0]LogDerivedDataCache: FDerivedDataBackendGraph:  EnterprisePak pak cache file ../../../Enterprise/DerivedDataCache/Compressed.ddp not found, will not use a pak cache.
[2020.03.05-21.17.58:987][  0]LogDerivedDataCache: Unable to find inner node EnterprisePak for hierarchical cache Hierarchy.
[2020.03.05-21.17.59:001][  0]LogDerivedDataCache: Using Local data cache path C:/Users/Felipe L/AppData/Local/UnrealEngine/Common/DerivedDataCache: Writable
[2020.03.05-21.17.59:001][  0]LogDerivedDataCache: Shared data cache path not found in *engine.ini, will not use an Shared cache.
[2020.03.05-21.17.59:001][  0]LogDerivedDataCache: Unable to find inner node Shared for hierarchical cache Hierarchy.
[2020.03.05-21.17.59:032][  0]LogMaterial: Verifying Global Shaders for PCD3D_SM5
[2020.03.05-21.17.59:034][  0]LogSlate: Using FreeType 2.6.0
[2020.03.05-21.17.59:159][  0]LogSlate: SlateFontServices - WITH_FREETYPE: 1, WITH_HARFBUZZ: 1
[2020.03.05-21.18.04:640][  0]LogAssetRegistry: FAssetRegistry took 0.0417 seconds to start up
[2020.03.05-21.18.05:131][  0]LogInit: Selected Device Profile: [Windows]
[2020.03.05-21.18.06:815][  0]LogMeshReduction: Using QuadricMeshReduction for automatic static mesh reduction
[2020.03.05-21.18.06:815][  0]LogMeshReduction: Using SimplygonMeshReduction for automatic skeletal mesh reduction
[2020.03.05-21.18.06:815][  0]LogMeshReduction: Using ProxyLODMeshReduction for automatic mesh merging
[2020.03.05-21.18.06:815][  0]LogMeshReduction: No distributed automatic mesh merging module available
[2020.03.05-21.18.06:815][  0]LogMeshMerging: No distributed automatic mesh merging module available
[2020.03.05-21.18.06:976][  0]LogNetVersion: InventorySystem_V1 1.0.0, NetCL: 5660361, EngineNetVer: 10, GameNetVer: 0 (Checksum: 3935092218)
[2020.03.05-21.18.10:523][  0]LogPackageLocalizationCache: Processed 10 localized package path(s) for 1 prioritized culture(s) in 0.220794 seconds
[2020.03.05-21.18.10:533][  0]LogUObjectArray: 42205 objects as part of root set at end of initial load.
[2020.03.05-21.18.10:533][  0]LogUObjectAllocator: 7325032 out of 0 bytes used by permanent object pool.
[2020.03.05-21.18.10:533][  0]LogUObjectArray: CloseDisregardForGC: 0/0 objects in disregard for GC pool
[2020.03.05-21.19.22:858][  0]LogTcpMessaging: Initializing TcpMessaging bridge
[2020.03.05-21.19.22:931][  0]LogUdpMessaging: Initializing bridge on interface 0.0.0.0:0 to multicast group 230.0.0.1:6666.
[2020.03.05-21.19.25:181][  0]SourceControl: Source control is disabled
[2020.03.05-21.19.25:182][  0]SourceControl: Source control is disabled
[2020.03.05-21.19.25:204][  0]SourceControl: Source control is disabled
[2020.03.05-21.19.25:224][  0]SourceControl: Source control is disabled
[2020.03.05-21.19.26:711][  0]LogAndroidPermission: UAndroidPermissionCallbackProxy::GetInstance
[2020.03.05-21.19.27:162][  0]LogOcInput: OculusInput pre-init called
[2020.03.05-21.19.28:579][  0]LogEngine: Initializing Engine...
[2020.03.05-21.19.28:581][  0]LogHMD: Failed to initialize OpenVR with code 110
[2020.03.05-21.19.28:582][  0]LogStats: UGameplayTagsManager::InitializeManager -  0.000 s
[2020.03.05-21.19.29:085][  0]LogInit: Initializing FReadOnlyCVARCache
[2020.03.05-21.19.29:237][  0]LogAIModule: Creating AISystem for world Untitled
[2020.03.05-21.19.29:280][  0]LogInit: XAudio2 using 'Altavoces (Realtek High Definition Audio)' : 2 channels at 48 kHz using 32 bits per sample (channel mask 0x3)
[2020.03.05-21.19.29:585][  0]LogInit: FAudioDevice initialized.
[2020.03.05-21.19.29:586][  0]LogNetVersion: Set ProjectVersion to 1.0.0.0. Version Checksum will be recalculated on next use.
[2020.03.05-21.19.30:279][  0]LogDerivedDataCache: Saved boot cache 0.69s 74MB C:/Users/Felipe L/AppData/Local/UnrealEngine/4.22/DerivedDataCache/Boot.ddc.
[2020.03.05-21.19.30:299][  0]LogInit: Texture streaming: Enabled
[2020.03.05-21.19.30:709][  0]LogEngineSessionManager: EngineSessionManager initialized
[2020.03.05-21.19.30:741][  0]LogEngineSessionManager: EngineSessionManager sent abnormal shutdown report. Type=Debugger, SessionId={F4FE7392-4DB9-B378-8E6A-C2BB5136B683}
[2020.03.05-21.19.30:918][  0]LogInit: Transaction tracking system initialized
[2020.03.05-21.19.31:335][  0]BlueprintLog: New page: Editor Load
[2020.03.05-21.19.32:641][  0]LocalizationService: Localization service is disabled
[2020.03.05-21.19.35:133][  0]LogFileCache: Scanning file cache for directory 'C:/Users/Felipe L/Desktop/Games/TankGame/InventorySystem_V1/Content/' took 0.05s
[2020.03.05-21.19.35:134][  0]LogCook: Display: Max memory allowance for cook 16384mb min free memory 0mb
[2020.03.05-21.19.35:134][  0]LogCook: Display: Mobile HDR setting 1
[2020.03.05-21.19.37:570][  0]SourceControl: Source control is disabled
[2020.03.05-21.19.37:570][  0]Cmd: MAP LOAD FILE="../../../../../../Users/Felipe L/Desktop/Games/TankGame/InventorySystem_V1/Content/FirstPersonCPP/Maps/FirstPersonExampleMap.umap" TEMPLATE=0 SHOWPROGRESS=1 FEATURELEVEL=3
[2020.03.05-21.19.37:571][  0]LightingResults: New page: Lighting Build
[2020.03.05-21.19.37:586][  0]MapCheck: New page: Map Check
[2020.03.05-21.19.37:587][  0]LightingResults: New page: Lighting Build
[2020.03.05-21.19.37:616][  0]LogUObjectHash: Compacting FUObjectHashTables data took   2.83ms
[2020.03.05-21.19.38:760][  0]LogAIModule: Creating AISystem for world FirstPersonExampleMap
[2020.03.05-21.19.38:776][  0]LogEditorServer: Finished looking for orphan Actors (0.000 secs)
[2020.03.05-21.19.38:878][  0]LogUObjectHash: Compacting FUObjectHashTables data took   2.71ms
[2020.03.05-21.19.38:879][  0]Cmd: MAP CHECKDEP NOCLEARLOG
[2020.03.05-21.19.38:879][  0]MapCheck: Map check complete: 0 Error(s), 0 Warning(s), took 0.392ms to complete.
[2020.03.05-21.19.38:880][  0]LogFileHelpers: Loading map 'FirstPersonExampleMap' took 1.308
[2020.03.05-21.19.39:308][  0]LogSlate: Updating window title bar state: overlay mode, drag disabled, window buttons hidden, title bar hidden
[2020.03.05-21.19.39:319][  0]LogSlate: Updating window title bar state: overlay mode, drag disabled, window buttons hidden, title bar hidden
[2020.03.05-21.19.39:329][  0]LogSlate: Updating window title bar state: overlay mode, drag disabled, window buttons hidden, title bar hidden
[2020.03.05-21.19.39:338][  0]LogSlate: Updating window title bar state: overlay mode, drag disabled, window buttons hidden, title bar hidden
[2020.03.05-21.19.39:515][  0]LogCollectionManager: Loaded 0 collections in 0.002655 seconds
[2020.03.05-21.19.39:550][  0]LogFileCache: Scanning file cache for directory 'C:/Users/Felipe L/Desktop/Games/TankGame/InventorySystem_V1/Saved/Collections/' took 0.01s
[2020.03.05-21.19.39:551][  0]LogFileCache: Scanning file cache for directory 'C:/Users/Felipe L/Desktop/Games/TankGame/InventorySystem_V1/Content/Developers/FelipeL/Collections/' took 0.00s
[2020.03.05-21.19.39:551][  0]LogFileCache: Scanning file cache for directory 'C:/Users/Felipe L/Desktop/Games/TankGame/InventorySystem_V1/Content/Collections/' took 0.00s
[2020.03.05-21.19.39:551][  0]LogCollectionManager: Rebuilt the GUID cache for 0 collections in 0.000000 seconds
[2020.03.05-21.19.39:562][  0]LogContentBrowser: Native class hierarchy populated in 0.0113 seconds. Added 2739 classes and 663 folders.
[2020.03.05-21.19.39:606][  0]LogContentBrowser: Native class hierarchy updated for 'WidgetCarousel' in 0.0007 seconds. Added 0 classes and 0 folders.
[2020.03.05-21.19.39:751][  0]LogPakFile: Registered encryption key '00000000000000000000000000000000': 0 pak files mounted, 0 remain pending
[2020.03.05-21.19.39:827][  0]LogPakFile: Registered encryption key '00000000000000000000000000000000': 0 pak files mounted, 0 remain pending
[2020.03.05-21.19.39:876][  0]LogPakFile: Registered encryption key '00000000000000000000000000000000': 0 pak files mounted, 0 remain pending
[2020.03.05-21.19.39:899][  0]LogPakFile: Registered encryption key '00000000000000000000000000000000': 0 pak files mounted, 0 remain pending
[2020.03.05-21.19.39:945][  0]LogPakFile: Registered encryption key '00000000000000000000000000000000': 0 pak files mounted, 0 remain pending
[2020.03.05-21.19.39:975][  0]LogPakFile: Registered encryption key '00000000000000000000000000000000': 0 pak files mounted, 0 remain pending
[2020.03.05-21.19.39:996][  0]LogPakFile: Registered encryption key '00000000000000000000000000000000': 0 pak files mounted, 0 remain pending
[2020.03.05-21.19.40:009][  0]LogPakFile: Registered encryption key '00000000000000000000000000000000': 0 pak files mounted, 0 remain pending
[2020.03.05-21.19.40:027][  0]LogPakFile: Registered encryption key '00000000000000000000000000000000': 0 pak files mounted, 0 remain pending
[2020.03.05-21.19.40:051][  0]LogPakFile: Registered encryption key '00000000000000000000000000000000': 0 pak files mounted, 0 remain pending
[2020.03.05-21.19.40:066][  0]LogPakFile: Registered encryption key '00000000000000000000000000000000': 0 pak files mounted, 0 remain pending
[2020.03.05-21.19.40:078][  0]LogPakFile: Registered encryption key '00000000000000000000000000000000': 0 pak files mounted, 0 remain pending
[2020.03.05-21.19.40:093][  0]LogPakFile: Registered encryption key '00000000000000000000000000000000': 0 pak files mounted, 0 remain pending
[2020.03.05-21.19.40:112][  0]LogPakFile: Registered encryption key '00000000000000000000000000000000': 0 pak files mounted, 0 remain pending
[2020.03.05-21.19.40:137][  0]LogPakFile: Registered encryption key '00000000000000000000000000000000': 0 pak files mounted, 0 remain pending
[2020.03.05-21.19.40:189][  0]LogPakFile: Registered encryption key '00000000000000000000000000000000': 0 pak files mounted, 0 remain pending
[2020.03.05-21.19.40:244][  0]LogPakFile: Registered encryption key '00000000000000000000000000000000': 0 pak files mounted, 0 remain pending
[2020.03.05-21.19.40:264][  0]LogPakFile: Registered encryption key '00000000000000000000000000000000': 0 pak files mounted, 0 remain pending
[2020.03.05-21.19.40:283][  0]LogPakFile: Registered encryption key '00000000000000000000000000000000': 0 pak files mounted, 0 remain pending
[2020.03.05-21.19.40:303][  0]LogPakFile: Registered encryption key '00000000000000000000000000000000': 0 pak files mounted, 0 remain pending
[2020.03.05-21.19.40:326][  0]LogPakFile: Registered encryption key '00000000000000000000000000000000': 0 pak files mounted, 0 remain pending
[2020.03.05-21.19.40:337][  0]LogPakFile: Registered encryption key '00000000000000000000000000000000': 0 pak files mounted, 0 remain pending
[2020.03.05-21.19.40:352][  0]LogPakFile: Registered encryption key '00000000000000000000000000000000': 0 pak files mounted, 0 remain pending
[2020.03.05-21.19.40:376][  0]LogPakFile: Registered encryption key '00000000000000000000000000000000': 0 pak files mounted, 0 remain pending
[2020.03.05-21.19.40:490][  0]LogPakFile: Registered encryption key '00000000000000000000000000000000': 0 pak files mounted, 0 remain pending
[2020.03.05-21.19.40:522][  0]LogPakFile: Registered encryption key '00000000000000000000000000000000': 0 pak files mounted, 0 remain pending
[2020.03.05-21.19.41:911][  0]LogContentBrowser: Native class hierarchy updated for 'AddContentDialog' in 0.0005 seconds. Added 0 classes and 0 folders.
[2020.03.05-21.19.41:948][  0]LogContentBrowser: Native class hierarchy updated for 'SceneOutliner' in 0.0006 seconds. Added 1 classes and 2 folders.
[2020.03.05-21.19.42:231][  0]LogContentBrowser: Native class hierarchy updated for 'WorldBrowser' in 0.0007 seconds. Added 2 classes and 3 folders.
[2020.03.05-21.19.42:515][  0]LogSlate: Took 0.147305 seconds to synchronously load lazily loaded font '../../../Engine/Content/Slate/Fonts/Roboto-Regular.ttf' (155K)
[2020.03.05-21.19.42:569][  0]LogSlate: Took 0.050072 seconds to synchronously load lazily loaded font '../../../Engine/Content/Slate/Fonts/Roboto-Bold.ttf' (160K)
[2020.03.05-21.19.42:592][  0]LogSlate: Took 0.020065 seconds to synchronously load lazily loaded font '../../../Engine/Content/Editor/Slate/Fonts/FontAwesome.ttf' (139K)
[2020.03.05-21.19.42:695][  0]LogRenderer: Reallocating scene render targets to support 992x356 Format 9 NumSamples 1 (Frame:1).
[2020.03.05-21.19.43:248][  0]LogSlate: Took 0.026480 seconds to synchronously load lazily loaded font '../../../Engine/Content/Slate/Fonts/Roboto-Light.ttf' (167K)
[2020.03.05-21.19.43:548][  0]LogContentBrowser: Native class hierarchy updated for 'HierarchicalLODOutliner' in 0.0006 seconds. Added 0 classes and 0 folders.
[2020.03.05-21.19.43:548][  0]LogLoad: (Engine Initialization) Total time: 155.57 seconds
[2020.03.05-21.19.43:549][  0]LogLoad: (Engine Initialization) Total Blueprint compile time: 0.00 seconds
[2020.03.05-21.19.43:707][  0]LogAssetRegistry: Asset discovery search completed in 99.0919 seconds
[2020.03.05-21.19.43:710][  0]LogCollectionManager: Rebuilt the object cache for 0 collections in 0.000000 seconds (found 0 objects)
[2020.03.05-21.19.43:710][  0]LogCollectionManager: Fixed up redirectors for 0 collections in 0.000216 seconds (updated 0 objects)
[2020.03.05-21.19.43:711][  0]LogContentStreaming: Texture pool size now 400 MB
[2020.03.05-21.31.09:246][465]LogSlate: FSceneViewport::OnFocusLost() reason 0
[2020.03.05-21.31.09:505][465]Candidate modules for hot reload:
[2020.03.05-21.31.09:505][465]  InventorySystem_V1
[2020.03.05-21.31.09:505][465]Launching UnrealBuildTool... [C:/Program Files/Epic Games/UE_4.22/Engine/Binaries/DotNET/UnrealBuildTool.exe  -ModuleWithSuffix=InventorySystem_V1,6788 Win64 Development -TargetType=Editor -Project="C:/Users/Felipe L/Desktop/Games/TankGame/InventorySystem_V1/InventorySystem_V1.uproject" "C:/Users/Felipe L/Desktop/Games/TankGame/InventorySystem_V1/InventorySystem_V1.uproject"  -IgnoreJunk]
[2020.03.05-21.31.09:509][465]Warning: Starting HotReload took  0.3s.
[2020.03.05-21.31.36:526][702]CompilerResultsLog: New page: Compilation - Mar 5, 2020, 11:31:36 PM
[2020.03.05-21.31.36:527][702]CompilerResultsLog: Creating makefile for InventorySystem_V1Editor (ini files are newer than makefile)
[2020.03.05-21.31.36:529][702]CompilerResultsLog: Parsing headers for InventorySystem_V1Editor
[2020.03.05-21.31.36:529][702]CompilerResultsLog:   Running UnrealHeaderTool "C:\Users\Felipe L\Desktop\Games\TankGame\InventorySystem_V1\InventorySystem_V1.uproject" "C:\Users\Felipe L\Desktop\Games\TankGame\InventorySystem_V1\Intermediate\Build\Win64\InventorySystem_V1Editor\Development\InventorySystem_V1Editor.uhtmanifest" -LogCmds="loginit warning, logexit warning, logdatabase error" -Unattended -WarningsAsErrors -installed
[2020.03.05-21.31.36:529][702]CompilerResultsLog: Error: C:/Users/Felipe L/Desktop/Games/TankGame/InventorySystem_V1/Source/InventorySystem_V1/Item/ST_Item.h(47)  : Error: USTRUCTs cannot contain UFUNCTIONs.
[2020.03.05-21.31.36:530][702]LogMainFrame: MainFrame: Module compiling took 27.030 seconds
[2020.03.05-21.31.36:530][702]Warning: HotReload failed, recompile failed
[2020.03.05-21.33.36:437][351]Candidate modules for hot reload:
[2020.03.05-21.33.36:437][351]  InventorySystem_V1
[2020.03.05-21.33.36:437][351]Launching UnrealBuildTool... [C:/Program Files/Epic Games/UE_4.22/Engine/Binaries/DotNET/UnrealBuildTool.exe  -ModuleWithSuffix=InventorySystem_V1,3380 Win64 Development -TargetType=Editor -Project="C:/Users/Felipe L/Desktop/Games/TankGame/InventorySystem_V1/InventorySystem_V1.uproject" "C:/Users/Felipe L/Desktop/Games/TankGame/InventorySystem_V1/InventorySystem_V1.uproject"  -IgnoreJunk]
[2020.03.05-21.33.36:440][351]Warning: Starting HotReload took  0.0s.
[2020.03.05-21.34.59:533][393]LogSlate: Took 0.000322 seconds to synchronously load lazily loaded font '../../../Engine/Content/Slate/Fonts/Roboto-Light.ttf' (167K)
[2020.03.05-21.34.59:543][393]LogAssetEditorManager: Opening Asset editor for WidgetBlueprint /Game/InventorySystem/InventorySystem_HUD/Inventory_Window.Inventory_Window
[2020.03.05-21.35.01:886][393]LogContentBrowser: Native class hierarchy updated for 'BlueprintGraph' in 0.0011 seconds. Added 121 classes and 0 folders.
[2020.03.05-21.35.03:247][393]LogBlueprintActionDatabase: Requesting refresh due to module change: SequencerWidgets (loaded)
[2020.03.05-21.35.03:945][393]LogSlate: Took 0.098192 seconds to synchronously load lazily loaded font '../../../Engine/Content/Slate/Fonts/Roboto-BoldCondensed.ttf' (158K)
[2020.03.05-21.35.06:112][612]LogSlate: Took 0.049342 seconds to synchronously load lazily loaded font '../../../Engine/Content/Slate/Fonts/Roboto-Italic.ttf' (157K)
[2020.03.05-21.35.38:379][672]BlueprintLog: New page: Compile Inventory_Window
[2020.03.05-21.35.38:571][672]LogUObjectHash: Compacting FUObjectHashTables data took   7.55ms
[2020.03.05-21.35.39:944][711]LogSavePackage: Moving '../../../../../../Users/Felipe L/Desktop/Games/TankGame/InventorySystem_V1/Saved/Inventory_Window1339D1184396D973C3E07B9C69F0ADF2.tmp' to '../../../../../../Users/Felipe L/Desktop/Games/TankGame/InventorySystem_V1/Content/InventorySystem/InventorySystem_HUD/Inventory_Window.uasset'
[2020.03.05-21.35.50:180][222]LogEditorViewport: Clicking on Actor (LMB): MyFirstItem_C (MyFirstItem)
[2020.03.05-21.35.55:744][321]LogSlate: FSceneViewport::OnFocusLost() reason 0
[2020.03.05-21.35.55:862][330]LogAssetEditorManager: Opening Asset editor for Blueprint /Game/InventorySystem/MyFirstItem.MyFirstItem
[2020.03.05-21.35.59:634][607]LogRenderer: Reallocating scene render targets to support 992x368 Format 9 NumSamples 1 (Frame:1).
[2020.03.05-21.36.02:975][642]LogSlate: FSceneViewport::OnFocusLost() reason 0
[2020.03.05-21.36.17:448][154]LogBlueprintActionDatabase: Requesting refresh due to module change: HierarchicalLODUtilities (loaded)
[2020.03.05-21.36.21:205][280]BlueprintLog: New page: Compile MyFirstItem
[2020.03.05-21.36.21:782][280]LogUObjectHash: Compacting FUObjectHashTables data took   7.91ms
[2020.03.05-21.36.22:429][296]Cmd: OBJ SAVEPACKAGE PACKAGE="/Game/InventorySystem/MyFirstItem" FILE="../../../../../../Users/Felipe L/Desktop/Games/TankGame/InventorySystem_V1/Content/InventorySystem/MyFirstItem.uasset" SILENT=true
[2020.03.05-21.36.22:551][296]LogSavePackage: Moving '../../../../../../Users/Felipe L/Desktop/Games/TankGame/InventorySystem_V1/Saved/MyFirstItem3EBEE8EE4EFB82926E3A8B938685A9BC.tmp' to '../../../../../../Users/Felipe L/Desktop/Games/TankGame/InventorySystem_V1/Content/InventorySystem/MyFirstItem.uasset'
[2020.03.05-21.36.52:410][584]LogUObjectHash: Compacting FUObjectHashTables data took   6.26ms
[2020.03.05-21.36.52:817][584]LogSavePackage: Moving '../../../../../../Users/Felipe L/Desktop/Games/TankGame/InventorySystem_V1/Saved/FirstPersonExampleMap_Auto1189678F64EE8653126543B83120EDEDB.tmp' to '../../../../../../Users/Felipe L/Desktop/Games/TankGame/InventorySystem_V1/Saved/Autosaves/Game/FirstPersonCPP/Maps/FirstPersonExampleMap_Auto1.umap'
[2020.03.05-21.36.52:898][584]LogFileHelpers: Editor autosave (incl. sublevels) for '/Game/FirstPersonCPP/Maps/FirstPersonExampleMap' took 0.548
[2020.03.05-21.36.52:898][584]LogFileHelpers: Editor autosave (incl. sublevels) for all levels took 0.548
[2020.03.05-21.43.03:348][516]CompilerResultsLog: New page: Compilation - Mar 5, 2020, 11:43:03 PM
[2020.03.05-21.43.03:348][516]CompilerResultsLog: Creating makefile for InventorySystem_V1Editor (ini files are newer than makefile)
[2020.03.05-21.43.03:349][516]CompilerResultsLog: Parsing headers for InventorySystem_V1Editor
[2020.03.05-21.43.03:349][516]CompilerResultsLog:   Running UnrealHeaderTool "C:\Users\Felipe L\Desktop\Games\TankGame\InventorySystem_V1\InventorySystem_V1.uproject" "C:\Users\Felipe L\Desktop\Games\TankGame\InventorySystem_V1\Intermediate\Build\Win64\InventorySystem_V1Editor\Development\InventorySystem_V1Editor.uhtmanifest" -LogCmds="loginit warning, logexit warning, logdatabase error" -Unattended -WarningsAsErrors -installed
[2020.03.05-21.43.03:349][516]CompilerResultsLog: Reflection code generated for InventorySystem_V1Editor in 9,6548148 seconds
[2020.03.05-21.43.03:349][516]CompilerResultsLog: Failed to delete file 'C:\Users\Felipe L\Desktop\Games\TankGame\InventorySystem_V1\Binaries\Win64\UE4Editor-InventorySystem_V1.pdb'
[2020.03.05-21.43.03:349][516]CompilerResultsLog:     Exception: Acceso denegado a la ruta de acceso 'C:\Users\Felipe L\Desktop\Games\TankGame\InventorySystem_V1\Binaries\Win64\UE4Editor-InventorySystem_V1.pdb'.
[2020.03.05-21.43.03:350][516]CompilerResultsLog: Attempting to retry...
[2020.03.05-21.43.03:350][516]CompilerResultsLog: Failed to delete file 'C:\Users\Felipe L\Desktop\Games\TankGame\InventorySystem_V1\Binaries\Win64\UE4Editor-InventorySystem_V1.pdb'
[2020.03.05-21.43.03:350][516]CompilerResultsLog:     Exception: Acceso denegado a la ruta de acceso 'C:\Users\Felipe L\Desktop\Games\TankGame\InventorySystem_V1\Binaries\Win64\UE4Editor-InventorySystem_V1.pdb'.
[2020.03.05-21.43.03:350][516]CompilerResultsLog: Attempting to retry...
[2020.03.05-21.43.03:350][516]CompilerResultsLog: Failed to delete file 'C:\Users\Felipe L\Desktop\Games\TankGame\InventorySystem_V1\Binaries\Win64\UE4Editor-InventorySystem_V1.pdb'
[2020.03.05-21.43.03:351][516]CompilerResultsLog:     Exception: Acceso denegado a la ruta de acceso 'C:\Users\Felipe L\Desktop\Games\TankGame\InventorySystem_V1\Binaries\Win64\UE4Editor-InventorySystem_V1.pdb'.
[2020.03.05-21.43.03:351][516]CompilerResultsLog: ERROR: Exhausted all retries!
[2020.03.05-21.43.03:351][516]CompilerResultsLog: Using Visual Studio 2017 14.16.27023 toolchain (C:\Program Files (x86)\Microsoft Visual Studio\2017\Community\VC\Tools\MSVC\14.16.27023) and Windows 10.0.16299.0 SDK (C:\Program Files (x86)\Windows Kits\10).
[2020.03.05-21.43.03:352][516]CompilerResultsLog: Building 8 actions with 4 processes...
[2020.03.05-21.43.03:352][516]LogMainFrame: MainFrame: Module compiling took 566.917 seconds
[2020.03.05-21.43.03:352][516]Warning: HotReload failed, recompile failed
[2020.03.05-21.43.04:863][583]LogUObjectHash: Compacting FUObjectHashTables data took   4.94ms
[2020.03.05-21.43.08:327][583]LogSlate: Window 'Save Content' being destroyed
[2020.03.05-21.43.08:432][583]LogUObjectHash: Compacting FUObjectHashTables data took   1.32ms
[2020.03.05-21.43.08:780][583]LogSavePackage: Moving '../../../../../../Users/Felipe L/Desktop/Games/TankGame/InventorySystem_V1/Saved/FirstPersonExampleMap25B73D9B43980E7485041FB6ECD2B26F.tmp' to '../../../../../../Users/Felipe L/Desktop/Games/TankGame/InventorySystem_V1/Content/FirstPersonCPP/Maps/FirstPersonExampleMap.umap'
[2020.03.05-21.43.08:841][583]LogFileHelpers: Saving map 'FirstPersonExampleMap' took 0.474
[2020.03.05-21.43.09:417][583]LogSlate: Window 'InventorySystem_V1 - Unreal Editor' being destroyed
[2020.03.05-21.43.10:063][584]Cmd: QUIT_EDITOR
[2020.03.05-21.43.10:818][584]LogWindowsTextInputMethodSystem: Display: IME system now deactivated.
[2020.03.05-21.43.10:908][584]LogExit: Preparing to exit.
[2020.03.05-21.43.12:067][584]LogActorComponent: UnregisterComponent: (None.None) Not registered. Aborting.
[2020.03.05-21.43.12:067][584]LogActorComponent: UnregisterComponent: (None.None) Not registered. Aborting.
[2020.03.05-21.43.12:069][584]LogActorComponent: UnregisterComponent: (None.None) Not registered. Aborting.
[2020.03.05-21.43.12:069][584]LogActorComponent: UnregisterComponent: (None.None) Not registered. Aborting.
[2020.03.05-21.43.12:070][584]LogActorComponent: UnregisterComponent: (None.None) Not registered. Aborting.
[2020.03.05-21.43.12:071][584]LogActorComponent: UnregisterComponent: (None.None) Not registered. Aborting.
[2020.03.05-21.43.12:073][584]LogActorComponent: UnregisterComponent: (None.None) Not registered. Aborting.
[2020.03.05-21.43.13:149][584]LogExit: Editor shut down
[2020.03.05-21.43.13:150][584]LogExit: Transaction tracking system shut down
[2020.03.05-21.43.15:371][584]LogExit: Object subsystem successfully closed.
[2020.03.05-21.43.15:703][584]LogShaderCompilers: Display: Shaders left to compile 0
[2020.03.05-21.43.15:735][584]LogD3D11RHI: Shutdown
[2020.03.05-21.43.15:735][584]LogD3D11RHI: CleanupD3DDevice
[2020.03.05-21.43.15:798][584]LogRendererCore: FGlobalReadBuffer::ReleaseRHI
[2020.03.05-21.43.15:798][584]LogRendererCore: FGlobalDynamicReadBuffer::Cleanup()
[2020.03.05-21.43.15:893][584]LogRendererCore: FGlobalReadBuffer::ReleaseRHI
[2020.03.05-21.43.15:893][584]LogRendererCore: FGlobalDynamicReadBuffer::Cleanup()
[2020.03.05-21.43.15:893][584]LogRendererCore: FGlobalReadBuffer::ReleaseRHI
[2020.03.05-21.43.15:893][584]LogRendererCore: FGlobalDynamicReadBuffer::Cleanup()
[2020.03.05-21.43.16:229][584]LogD3D11RHI: ~FD3D11DynamicRHI
[2020.03.05-21.43.17:517][584]LogModuleManager: Shutting down and abandoning module HierarchicalLODUtilities (652)
[2020.03.05-21.43.17:527][584]LogModuleManager: Shutting down and abandoning module SequencerWidgets (650)
[2020.03.05-21.43.17:527][584]LogModuleManager: Shutting down and abandoning module BlueprintGraph (648)
[2020.03.05-21.43.17:527][584]LogModuleManager: Shutting down and abandoning module HierarchicalLODOutliner (646)
[2020.03.05-21.43.17:527][584]LogModuleManager: Shutting down and abandoning module WorldBrowser (644)
[2020.03.05-21.43.17:543][584]LogModuleManager: Shutting down and abandoning module SceneOutliner (642)
[2020.03.05-21.43.17:544][584]LogModuleManager: Shutting down and abandoning module AddContentDialog (640)
[2020.03.05-21.43.17:556][584]LogModuleManager: Shutting down and abandoning module WidgetCarousel (639)
[2020.03.05-21.43.17:556][584]LogModuleManager: Shutting down and abandoning module EditorWidgets (636)
[2020.03.05-21.43.17:556][584]LogModuleManager: Shutting down and abandoning module CollectionManager (634)
[2020.03.05-21.43.17:569][584]LogModuleManager: Shutting down and abandoning module StatsViewer (632)
[2020.03.05-21.43.17:574][584]LogModuleManager: Shutting down and abandoning module FoliageEdit (630)
[2020.03.05-21.43.17:585][584]LogModuleManager: Shutting down and abandoning module LandscapeEditor (628)
[2020.03.05-21.43.17:619][584]LogModuleManager: Shutting down and abandoning module MeshPaintMode (626)
[2020.03.05-21.43.17:663][584]LogModuleManager: Shutting down and abandoning module SceneDepthPickerMode (624)
[2020.03.05-21.43.17:664][584]LogModuleManager: Shutting down and abandoning module ActorPickerMode (622)
[2020.03.05-21.43.17:664][584]LogModuleManager: Shutting down and abandoning module GeometryMode (620)
[2020.03.05-21.43.17:664][584]LogModuleManager: Shutting down and abandoning module TextureAlignMode (618)
[2020.03.05-21.43.17:664][584]LogModuleManager: Shutting down and abandoning module BspMode (616)
[2020.03.05-21.43.17:664][584]LogModuleManager: Shutting down and abandoning module PIEPreviewDeviceProfileSelector (614)
[2020.03.05-21.43.17:693][584]LogModuleManager: Shutting down and abandoning module SequenceRecorderSections (612)
[2020.03.05-21.43.17:714][584]LogModuleManager: Shutting down and abandoning module AutomationWorker (610)
[2020.03.05-21.43.17:737][584]LogModuleManager: Shutting down and abandoning module OculusMR (608)
[2020.03.05-21.43.17:737][584]LogModuleManager: Shutting down and abandoning module AudioCaptureEditor (606)
[2020.03.05-21.43.17:755][584]LogModuleManager: Shutting down and abandoning module MatineeToLevelSequence (604)
[2020.03.05-21.43.17:780][584]LogModuleManager: Shutting down and abandoning module LevelSequenceEditor (602)
[2020.03.05-21.43.17:804][584]LogModuleManager: Shutting down and abandoning module PlacementMode (601)
[2020.03.05-21.43.17:806][584]LogModuleManager: Shutting down and abandoning module MaterialEditor (600)
[2020.03.05-21.43.17:836][584]LogModuleManager: Shutting down and abandoning module ActorSequenceEditor (596)
[2020.03.05-21.43.17:846][584]LogModuleManager: Shutting down and abandoning module WmfMediaFactory (594)
[2020.03.05-21.43.17:847][584]LogModuleManager: Shutting down and abandoning module WmfMediaEditor (592)
[2020.03.05-21.43.17:847][584]LogModuleManager: Shutting down and abandoning module WebMMediaFactory (590)
[2020.03.05-21.43.17:847][584]LogModuleManager: Shutting down and abandoning module WebMMediaEditor (588)
[2020.03.05-21.43.17:847][584]LogModuleManager: Shutting down and abandoning module WebMMedia (586)
[2020.03.05-21.43.17:852][584]LogModuleManager: Shutting down and abandoning module MediaPlayerEditor (584)
[2020.03.05-21.43.17:867][584]LogModuleManager: Shutting down and abandoning module MediaCompositingEditor (582)
[2020.03.05-21.43.17:928][584]LogModuleManager: Shutting down and abandoning module SequenceRecorder (581)
[2020.03.05-21.43.17:928][584]LogModuleManager: Shutting down and abandoning module OpenExrWrapper (578)
[2020.03.05-21.43.17:928][584]LogModuleManager: Shutting down and abandoning module ImgMediaFactory (576)
[2020.03.05-21.43.17:928][584]LogModuleManager: Shutting down and abandoning module ImgMediaEditor (574)
[2020.03.05-21.43.17:928][584]LogModuleManager: Shutting down and abandoning module AvfMediaFactory (572)
[2020.03.05-21.43.17:928][584]LogModuleManager: Shutting down and abandoning module AvfMediaEditor (570)
[2020.03.05-21.43.17:929][584]LogModuleManager: Shutting down and abandoning module AndroidMediaFactory (568)
[2020.03.05-21.43.17:929][584]LogModuleManager: Shutting down and abandoning module AndroidMediaEditor (566)
[2020.03.05-21.43.17:929][584]LogModuleManager: Shutting down and abandoning module MagicLeapCameraPreviewFactory (564)
[2020.03.05-21.43.17:929][584]LogModuleManager: Shutting down and abandoning module MagicLeapMediaCodecFactory (562)
[2020.03.05-21.43.17:929][584]LogModuleManager: Shutting down and abandoning module MagicLeapMediaFactory (560)
[2020.03.05-21.43.17:929][584]LogModuleManager: Shutting down and abandoning module MagicLeapMediaEditor (558)
[2020.03.05-21.43.17:929][584]LogModuleManager: Shutting down and abandoning module CharacterAI (556)
[2020.03.05-21.43.17:929][584]LogModuleManager: Shutting down and abandoning module SmartSnapping (554)
[2020.03.05-21.43.17:929][584]LogModuleManager: Shutting down and abandoning module SessionServices (552)
[2020.03.05-21.43.17:930][584]LogModuleManager: Shutting down and abandoning module MeshPaint (550)
[2020.03.05-21.43.17:940][584]LogModuleManager: Shutting down and abandoning module ViewportSnapping (548)
[2020.03.05-21.43.17:940][584]LogModuleManager: Shutting down and abandoning module ViewportInteraction (546)
[2020.03.05-21.43.17:940][584]LogModuleManager: Shutting down and abandoning module ClothPainter (544)
[2020.03.05-21.43.17:961][584]LogModuleManager: Shutting down and abandoning module SkeletalMeshEditor (543)
[2020.03.05-21.43.17:977][584]LogModuleManager: Shutting down and abandoning module LogVisualizer (540)
[2020.03.05-21.43.17:991][584]LogModuleManager: Shutting down and abandoning module IntroTutorials (538)
[2020.03.05-21.43.18:015][584]LogModuleManager: Shutting down and abandoning module GameProjectGeneration (537)
[2020.03.05-21.43.18:032][584]LogModuleManager: Shutting down and abandoning module LuminPlatformEditor (534)
[2020.03.05-21.43.18:032][584]LogModuleManager: Shutting down and abandoning module IOSPlatformEditor (532)
[2020.03.05-21.43.18:032][584]LogModuleManager: Shutting down and abandoning module HTML5PlatformEditor (530)
[2020.03.05-21.43.18:032][584]LogModuleManager: Shutting down and abandoning module AndroidPlatformEditor (528)
[2020.03.05-21.43.18:040][584]LogModuleManager: Shutting down and abandoning module AndroidDeviceDetection (527)
[2020.03.05-21.43.18:269][584]LogModuleManager: Shutting down and abandoning module WindowsPlatformEditor (524)
[2020.03.05-21.43.18:269][584]LogModuleManager: Shutting down and abandoning module LuminRuntimeSettings (522)
[2020.03.05-21.43.18:269][584]LogModuleManager: Shutting down and abandoning module IOSRuntimeSettings (520)
[2020.03.05-21.43.18:269][584]LogModuleManager: Shutting down and abandoning module AndroidRuntimeSettings (518)
[2020.03.05-21.43.18:270][584]LogModuleManager: Shutting down and abandoning module TimeManagementEditor (516)
[2020.03.05-21.43.18:270][584]LogModuleManager: Shutting down and abandoning module InputBindingEditor (514)
[2020.03.05-21.43.18:285][584]LogModuleManager: Shutting down and abandoning module MergeActors (512)
[2020.03.05-21.43.18:300][584]LogModuleManager: Shutting down and abandoning module LocalizationDashboard (510)
[2020.03.05-21.43.18:317][584]LogModuleManager: Shutting down and abandoning module LocalizationService (509)
[2020.03.05-21.43.18:327][584]LogModuleManager: Shutting down and abandoning module HardwareTargeting (506)
[2020.03.05-21.43.18:327][584]LogModuleManager: Shutting down and abandoning module DeviceProfileEditor (504)
[2020.03.05-21.43.18:356][584]LogModuleManager: Shutting down and abandoning module UndoHistory (502)
[2020.03.05-21.43.18:363][584]LogModuleManager: Shutting down and abandoning module XmlParser (500)
[2020.03.05-21.43.18:373][584]LogModuleManager: Shutting down and abandoning module Blutility (498)
[2020.03.05-21.43.18:373][584]LogModuleManager: Shutting down and abandoning module ProjectSettingsViewer (496)
[2020.03.05-21.43.18:373][584]LogModuleManager: Shutting down and abandoning module ProjectTargetPlatformEditor (495)
[2020.03.05-21.43.18:374][584]LogModuleManager: Shutting down and abandoning module EditorSettingsViewer (492)
[2020.03.05-21.43.18:374][584]LogModuleManager: Shutting down and abandoning module SettingsEditor (490)
[2020.03.05-21.43.18:385][584]LogModuleManager: Shutting down and abandoning module ProjectLauncher (488)
[2020.03.05-21.43.18:411][584]LogModuleManager: Shutting down and abandoning module SessionFrontend (486)
[2020.03.05-21.43.18:417][584]LogModuleManager: Shutting down and abandoning module ProfilerClient (484)
[2020.03.05-21.43.18:493][584]LogModuleManager: Shutting down and abandoning module DeviceManager (482)
[2020.03.05-21.43.18:505][584]LogModuleManager: Shutting down and abandoning module TargetDeviceServices (481)
[2020.03.05-21.43.18:549][584]LogModuleManager: Shutting down and abandoning module AutomationController (478)
[2020.03.05-21.43.18:567][584]LogModuleManager: Shutting down and abandoning module AutomationWindow (476)
[2020.03.05-21.43.18:582][584]LogModuleManager: Shutting down and abandoning module Layers (474)
[2020.03.05-21.43.18:613][584]LogModuleManager: Shutting down and abandoning module ComponentVisualizers (472)
[2020.03.05-21.43.18:613][584]LogModuleManager: Shutting down and abandoning module DetailCustomizations (470)
[2020.03.05-21.43.18:621][584]LogModuleManager: Shutting down and abandoning module PackagesDialog (468)
[2020.03.05-21.43.18:623][584]LogModuleManager: Shutting down and abandoning module AnimationBlueprintEditor (466)
[2020.03.05-21.43.18:641][584]LogModuleManager: Shutting down and abandoning module Persona (464)
[2020.03.05-21.43.18:672][584]LogModuleManager: Shutting down and abandoning module AdvancedPreviewScene (463)
[2020.03.05-21.43.18:672][584]LogModuleManager: Shutting down and abandoning module AnimGraph (461)
[2020.03.05-21.43.18:672][584]LogModuleManager: Shutting down and abandoning module Kismet (458)
[2020.03.05-21.43.18:693][584]LogModuleManager: Shutting down and abandoning module GraphEditor (456)
[2020.03.05-21.43.18:750][584]LogModuleManager: Shutting down and abandoning module ClassViewer (454)
[2020.03.05-21.43.18:750][584]LogModuleManager: Shutting down and abandoning module Toolbox (452)
[2020.03.05-21.43.18:750][584]LogModuleManager: Shutting down and abandoning module DesktopPlatform (451)
[2020.03.05-21.43.18:764][584]LogModuleManager: Shutting down and abandoning module ModuleUI (448)
[2020.03.05-21.43.18:770][584]LogModuleManager: Shutting down and abandoning module MovieSceneTools (446)
[2020.03.05-21.43.18:780][584]LogModuleManager: Shutting down and abandoning module OutputLog (444)
[2020.03.05-21.43.18:780][584]LogModuleManager: Shutting down and abandoning module GammaUI (442)
[2020.03.05-21.43.18:793][584]LogModuleManager: Shutting down and abandoning module Documentation (440)
[2020.03.05-21.43.18:793][584]LogModuleManager: Shutting down and abandoning module LiveCoding (438)
[2020.03.05-21.43.18:812][584]LogModuleManager: Shutting down and abandoning module LevelSequence (436)
[2020.03.05-21.43.18:813][584]LogModuleManager: Shutting down and abandoning module MovieSceneTracks (434)
[2020.03.05-21.43.18:813][584]LogModuleManager: Shutting down and abandoning module MovieScene (432)
[2020.03.05-21.43.18:813][584]LogModuleManager: Shutting down and abandoning module StreamingPauseRendering (430)
[2020.03.05-21.43.18:823][584]LogModuleManager: Shutting down and abandoning module LauncherPlatform (428)
[2020.03.05-21.43.18:823][584]LogModuleManager: Shutting down and abandoning module AnalyticsET (426)
[2020.03.05-21.43.18:823][584]LogModuleManager: Shutting down and abandoning module PortalServices (424)
[2020.03.05-21.43.18:823][584]LogModuleManager: Shutting down and abandoning module PortalRpc (422)
[2020.03.05-21.43.18:823][584]LogModuleManager: Shutting down and abandoning module MessagingRpc (420)
[2020.03.05-21.43.18:824][584]LogModuleManager: Shutting down and abandoning module AIModule (418)
[2020.03.05-21.43.18:845][584]LogModuleManager: Shutting down and abandoning module GameplayDebugger (417)
[2020.03.05-21.43.18:845][584]LogModuleManager: Shutting down and abandoning module AITestSuite (415)
[2020.03.05-21.43.18:862][584]LogModuleManager: Shutting down and abandoning module NavigationSystem (413)
[2020.03.05-21.43.18:863][584]LogModuleManager: Shutting down and abandoning module ImageWriteQueue (410)
[2020.03.05-21.43.18:873][584]LogModuleManager: Shutting down and abandoning module ProfilerService (408)
[2020.03.05-21.43.19:113][584]LogModuleManager: Shutting down and abandoning module TaskGraph (406)
[2020.03.05-21.43.19:144][584]LogModuleManager: Shutting down and abandoning module SteamVRController (404)
[2020.03.05-21.43.19:144][584]LogModuleManager: Shutting down and abandoning module ProceduralMeshComponentEditor (402)
[2020.03.05-21.43.19:157][584]LogModuleManager: Shutting down and abandoning module ProceduralMeshComponent (400)
[2020.03.05-21.43.19:172][584]LogModuleManager: Shutting down and abandoning module OculusEditor (398)
[2020.03.05-21.43.19:183][584]LogModuleManager: Shutting down and abandoning module OculusInput (396)
[2020.03.05-21.43.19:183][584]LogModuleManager: Shutting down and abandoning module MobilePatchingUtils (394)
[2020.03.05-21.43.19:183][584]LogModuleManager: Shutting down and abandoning module EditableMesh (392)
[2020.03.05-21.43.19:195][584]LogModuleManager: Shutting down and abandoning module CustomMeshComponent (390)
[2020.03.05-21.43.19:196][584]LogModuleManager: Shutting down and abandoning module CableComponent (388)
[2020.03.05-21.43.19:291][584]LogModuleManager: Shutting down and abandoning module AudioCapture (386)
[2020.03.05-21.43.19:292][584]LogModuleManager: Shutting down and abandoning module ArchVisCharacter (384)
[2020.03.05-21.43.19:292][584]LogModuleManager: Shutting down and abandoning module AndroidPermission (382)
[2020.03.05-21.43.19:292][584]LogModuleManager: Shutting down and abandoning module NUTUnrealEngine4 (380)
[2020.03.05-21.43.19:302][584]LogModuleManager: Shutting down and abandoning module NetcodeUnitTest (378)
[2020.03.05-21.43.19:305][584]LogModuleManager: Shutting down and abandoning module MediaCompositing (376)
[2020.03.05-21.43.19:305][584]LogModuleManager: Shutting down and abandoning module LinearTimecode (374)
[2020.03.05-21.43.19:305][584]LogModuleManager: Shutting down and abandoning module ImgMedia (372)
[2020.03.05-21.43.19:305][584]LogModuleManager: Shutting down and abandoning module MagicLeapHelperVulkan (370)
[2020.03.05-21.43.19:305][584]LogModuleManager: Shutting down and abandoning module MagicLeapHelperOpenGL (368)
[2020.03.05-21.43.19:321][584]LogModuleManager: Shutting down and abandoning module MagicLeapAudio (366)
[2020.03.05-21.43.19:338][584]LogModuleManager: Shutting down and abandoning module HTML5Networking (364)
[2020.03.05-21.43.19:338][584]LogModuleManager: Shutting down and abandoning module GeometryCacheTracks (362)
[2020.03.05-21.43.19:338][584]LogModuleManager: Shutting down and abandoning module GeometryCacheSequencer (360)
[2020.03.05-21.43.19:338][584]LogModuleManager: Shutting down and abandoning module BackChannel (358)
[2020.03.05-21.43.19:346][584]LogModuleManager: Shutting down and abandoning module AppleVision (356)
[2020.03.05-21.43.19:346][584]LogModuleManager: Shutting down and abandoning module AppleImageUtilsBlueprintSupport (354)
[2020.03.05-21.43.19:346][584]LogModuleManager: Shutting down and abandoning module AppleImageUtils (352)
[2020.03.05-21.43.19:346][584]LogModuleManager: Shutting down and abandoning module AlembicImporter (350)
[2020.03.05-21.43.19:347][584]LogModuleManager: Shutting down and abandoning module AlembicLibrary (349)
[2020.03.05-21.43.19:347][584]LogModuleManager: Shutting down and abandoning module GeometryCache (348)
[2020.03.05-21.43.19:347][584]LogModuleManager: Shutting down and abandoning module GeometryCacheEd (347)
[2020.03.05-21.43.19:347][584]LogModuleManager: Shutting down and abandoning module VariantManagerContent (342)
[2020.03.05-21.43.19:347][584]LogModuleManager: Shutting down and abandoning module DatasmithContentEditor (340)
[2020.03.05-21.43.19:362][584]LogModuleManager: Shutting down and abandoning module SpeedTreeImporter (338)
[2020.03.05-21.43.19:362][584]LogModuleManager: Shutting down and abandoning module PluginBrowser (336)
[2020.03.05-21.43.19:390][584]LogModuleManager: Shutting down and abandoning module MobileLauncherProfileWizard (334)
[2020.03.05-21.43.19:401][584]LogModuleManager: Shutting down and abandoning module MaterialAnalyzer (332)
[2020.03.05-21.43.19:416][584]LogModuleManager: Shutting down and abandoning module CryptoKeysOpenSSL (330)
[2020.03.05-21.43.19:416][584]LogModuleManager: Shutting down and abandoning module CryptoKeys (328)
[2020.03.05-21.43.19:417][584]LogModuleManager: Shutting down and abandoning module VisualStudioSourceCodeAccess (326)
[2020.03.05-21.43.19:417][584]LogModuleManager: Shutting down and abandoning module VisualStudioCodeSourceCodeAccess (324)
[2020.03.05-21.43.19:418][584]LogModuleManager: Shutting down and abandoning module UObjectPlugin (322)
[2020.03.05-21.43.19:418][584]LogModuleManager: Shutting down and abandoning module SubversionSourceControl (320)
[2020.03.05-21.43.19:433][584]LogModuleManager: Shutting down and abandoning module PerforceSourceControl (318)
[2020.03.05-21.43.19:451][584]LogModuleManager: Shutting down and abandoning module GitSourceControl (316)
[2020.03.05-21.43.19:475][584]LogModuleManager: Shutting down and abandoning module SourceControl (315)
[2020.03.05-21.43.19:537][584]LogModuleManager: Shutting down and abandoning module CLionSourceCodeAccess (312)
[2020.03.05-21.43.19:537][584]LogModuleManager: Shutting down and abandoning module AnimationSharingEd (310)
[2020.03.05-21.43.19:537][584]LogModuleManager: Shutting down and abandoning module ActorLayerUtilitiesEditor (308)
[2020.03.05-21.43.19:537][584]LogModuleManager: Shutting down and abandoning module ActorLayerUtilities (306)
[2020.03.05-21.43.19:537][584]LogModuleManager: Shutting down and abandoning module LightPropagationVolumeEditor (304)
[2020.03.05-21.43.19:537][584]LogModuleManager: Shutting down and abandoning module PaperTiledImporter (302)
[2020.03.05-21.43.19:537][584]LogModuleManager: Shutting down and abandoning module PaperSpriteSheetImporter (300)
[2020.03.05-21.43.19:537][584]LogModuleManager: Shutting down and abandoning module Paper2DEditor (298)
[2020.03.05-21.43.19:803][584]LogModuleManager: Shutting down and abandoning module InventorySystem_V1 (296)
[2020.03.05-21.43.19:803][584]LogModuleManager: Shutting down and abandoning module SignificanceManager (294)
[2020.03.05-21.43.19:803][584]LogModuleManager: Shutting down and abandoning module RuntimePhysXCooking (292)
[2020.03.05-21.43.19:803][584]LogModuleManager: Shutting down and abandoning module PhysXVehiclesEditor (290)
[2020.03.05-21.43.19:803][584]LogModuleManager: Shutting down and abandoning module PhysXVehicles (288)
[2020.03.05-21.43.19:803][584]LogModuleManager: Shutting down and abandoning module LocationServicesBPLibrary (286)
[2020.03.05-21.43.19:803][584]LogModuleManager: Shutting down and abandoning module ActorSequence (284)
[2020.03.05-21.43.19:803][584]LogModuleManager: Shutting down and abandoning module UdpMessaging (282)
[2020.03.05-21.43.19:921][584]LogModuleManager: Shutting down and abandoning module TcpMessaging (280)
[2020.03.05-21.43.20:210][584]LogModuleManager: Shutting down and abandoning module MagicLeapIdentity (278)
[2020.03.05-21.43.20:210][584]LogModuleManager: Shutting down and abandoning module MagicLeapSecureStorage (276)
[2020.03.05-21.43.20:210][584]LogModuleManager: Shutting down and abandoning module MagicLeapHandTracking (274)
[2020.03.05-21.43.20:220][584]LogModuleManager: Shutting down and abandoning module MagicLeapEyeTracker (272)
[2020.03.05-21.43.20:220][584]LogModuleManager: Shutting down and abandoning module MagicLeapController (270)
[2020.03.05-21.43.20:226][584]LogSlate: Slate User Destroyed.  User Index 0, Is Virtual User: 0
[2020.03.05-21.43.20:226][584]LogModuleManager: Shutting down and abandoning module MagicLeapAR (268)
[2020.03.05-21.43.20:226][584]LogModuleManager: Shutting down and abandoning module AugmentedReality (267)
[2020.03.05-21.43.20:226][584]LogModuleManager: Shutting down and abandoning module GameplayTagsEditor (264)
[2020.03.05-21.43.20:240][584]LogModuleManager: Shutting down and abandoning module FacialAnimationEditor (262)
[2020.03.05-21.43.20:240][584]LogModuleManager: Shutting down and abandoning module FacialAnimation (260)
[2020.03.05-21.43.20:240][584]LogModuleManager: Shutting down and abandoning module DataValidation (258)
[2020.03.05-21.43.20:240][584]LogModuleManager: Shutting down and abandoning module AssetManagerEditor (256)
[2020.03.05-21.43.20:268][584]LogModuleManager: Shutting down and abandoning module LevelEditor (255)
[2020.03.05-21.43.20:278][584]LogModuleManager: Shutting down and abandoning module PixelInspectorModule (254)
[2020.03.05-21.43.20:285][584]LogModuleManager: Shutting down and abandoning module CommonMenuExtensions (252)
[2020.03.05-21.43.20:286][584]LogModuleManager: Shutting down and abandoning module MainFrame (250)
[2020.03.05-21.43.20:287][584]LogModuleManager: Shutting down and abandoning module HotReload (249)
[2020.03.05-21.43.20:288][584]LogModuleManager: Shutting down and abandoning module ContentBrowser (245)
[2020.03.05-21.43.20:291][584]LogModuleManager: Shutting down and abandoning module TreeMap (243)
[2020.03.05-21.43.20:301][584]LogModuleManager: Shutting down and abandoning module AnimationSharing (240)
[2020.03.05-21.43.20:301][584]LogModuleManager: Shutting down and abandoning module LightPropagationVolumeRuntime (238)
[2020.03.05-21.43.20:301][584]LogModuleManager: Shutting down and abandoning module AISupportModule (236)
[2020.03.05-21.43.20:301][584]LogModuleManager: Shutting down and abandoning module Paper2D (234)
[2020.03.05-21.43.20:310][584]LogModuleManager: Shutting down and abandoning module WindowsMoviePlayer (232)
[2020.03.05-21.43.20:321][584]LogModuleManager: Shutting down and abandoning module WebMMoviePlayer (230)
[2020.03.05-21.43.20:336][584]LogModuleManager: Shutting down and abandoning module PacketHandler (228)
[2020.03.05-21.43.20:336][584]LogModuleManager: Shutting down and abandoning module ClothingSystemEditor (226)
[2020.03.05-21.43.20:336][584]LogModuleManager: Shutting down and abandoning module ClothingSystemRuntime (224)
[2020.03.05-21.43.20:356][584]LogModuleManager: Shutting down and abandoning module MediaAssets (222)
[2020.03.05-21.43.20:356][584]LogModuleManager: Shutting down and abandoning module Overlay (220)
[2020.03.05-21.43.20:356][584]LogModuleManager: Shutting down and abandoning module OverlayEditor (219)
[2020.03.05-21.43.20:356][584]LogModuleManager: Shutting down and abandoning module VREditor (216)
[2020.03.05-21.43.20:376][584]LogModuleManager: Shutting down and abandoning module StringTableEditor (214)
[2020.03.05-21.43.20:399][584]LogModuleManager: Shutting down and abandoning module GameplayTasksEditor (212)
[2020.03.05-21.43.20:400][584]LogModuleManager: Shutting down and abandoning module BehaviorTreeEditor (210)
[2020.03.05-21.43.20:458][584]LogModuleManager: Shutting down and abandoning module FunctionalTesting (208)
[2020.03.05-21.43.20:480][584]LogModuleManager: Shutting down and abandoning module CollisionAnalyzer (206)
[2020.03.05-21.43.20:514][584]LogModuleManager: Shutting down and abandoning module WorkspaceMenuStructure (205)
[2020.03.05-21.43.20:523][584]LogModuleManager: Shutting down and abandoning module UMG (202)
[2020.03.05-21.43.20:523][584]LogModuleManager: Shutting down and abandoning module UMGEditor (201)
[2020.03.05-21.43.20:523][584]LogModuleManager: Shutting down and abandoning module Sequencer (200)
[2020.03.05-21.43.20:538][584]LogModuleManager: Shutting down and abandoning module MessageLog (197)
[2020.03.05-21.43.20:538][584]LogModuleManager: Shutting down and abandoning module SlateReflector (192)
[2020.03.05-21.43.20:566][584]LogModuleManager: Shutting down and abandoning module Slate (190)
[2020.03.05-21.43.20:567][584]LogModuleManager: Shutting down and abandoning module EditorStyle (188)
[2020.03.05-21.43.20:569][584]LogModuleManager: Shutting down and abandoning module UnrealEd (186)
[2020.03.05-21.43.20:578][584]LogModuleManager: Shutting down and abandoning module MRMesh (184)
[2020.03.05-21.43.20:578][584]LogModuleManager: Shutting down and abandoning module SourceCodeAccess (182)
[2020.03.05-21.43.20:578][584]LogModuleManager: Shutting down and abandoning module HeadMountedDisplay (180)
[2020.03.05-21.43.20:578][584]LogModuleManager: Shutting down and abandoning module XAudio2 (178)
[2020.03.05-21.43.20:578][584]LogModuleManager: Shutting down and abandoning module Networking (176)
[2020.03.05-21.43.20:579][584]LogModuleManager: Shutting down and abandoning module Core (174)
[2020.03.05-21.43.20:579][584]LogModuleManager: Shutting down and abandoning module KismetCompiler (172)
[2020.03.05-21.43.20:579][584]LogModuleManager: Shutting down and abandoning module MeshUtilities (170)
[2020.03.05-21.43.20:579][584]LogModuleManager: Shutting down and abandoning module MeshMergeUtilities (169)
[2020.03.05-21.43.20:590][584]LogModuleManager: Shutting down and abandoning module MeshReductionInterface (168)
[2020.03.05-21.43.20:590][584]LogModuleManager: Shutting down and abandoning module SkeletalMeshReduction (167)
[2020.03.05-21.43.20:602][584]LogModuleManager: Shutting down and abandoning module ProxyLODMeshReduction (165)
[2020.03.05-21.43.20:618][584]LogModuleManager: Shutting down and abandoning module QuadricMeshReduction (163)
[2020.03.05-21.43.20:623][584]LogModuleManager: Shutting down and abandoning module MaterialBaking (159)
[2020.03.05-21.43.20:635][584]LogModuleManager: Shutting down and abandoning module DerivedDataCache (154)
[2020.03.05-21.43.20:674][584]LogDerivedDataCache: Shutdown
[2020.03.05-21.43.20:675][584]LogModuleManager: Shutting down and abandoning module XGEController (152)
[2020.03.05-21.43.20:675][584]LogXGEController: Cleaning working directory: C:/Users/Felipe L/AppData/Local/Temp/UnrealXGEWorkingDir/
[2020.03.05-21.43.20:733][584]LogModuleManager: Shutting down and abandoning module TargetPlatform (150)
[2020.03.05-21.43.20:738][584]LogModuleManager: Shutting down and abandoning module VulkanShaderFormat (149)
[2020.03.05-21.43.20:752][584]LogModuleManager: Shutting down and abandoning module ShaderFormatVectorVM (147)
[2020.03.05-21.43.20:764][584]LogModuleManager: Shutting down and abandoning module ShaderFormatOpenGL (145)
[2020.03.05-21.43.20:778][584]LogModuleManager: Shutting down and abandoning module ShaderFormatD3D (143)
[2020.03.05-21.43.20:792][584]LogModuleManager: Shutting down and abandoning module MetalShaderFormat (141)
[2020.03.05-21.43.20:805][584]LogModuleManager: Shutting down and abandoning module TextureFormatUncompressed (139)
[2020.03.05-21.43.20:805][584]LogModuleManager: Shutting down and abandoning module TextureFormatPVR (137)
[2020.03.05-21.43.20:805][584]LogModuleManager: Shutting down and abandoning module TextureFormatDXT (135)
[2020.03.05-21.43.20:819][584]LogModuleManager: Shutting down and abandoning module TextureFormatIntelISPCTexComp (133)
[2020.03.05-21.43.20:841][584]LogModuleManager: Shutting down and abandoning module TextureFormatASTC (131)
[2020.03.05-21.43.20:842][584]LogModuleManager: Shutting down and abandoning module ImageWrapper (130)
[2020.03.05-21.43.20:842][584]LogModuleManager: Shutting down and abandoning module TextureFormatAndroid (127)
[2020.03.05-21.43.20:843][584]LogModuleManager: Shutting down and abandoning module AudioFormatOpus (125)
[2020.03.05-21.43.20:955][584]LogModuleManager: Shutting down and abandoning module AudioFormatOgg (123)
[2020.03.05-21.43.20:955][584]LogModuleManager: Shutting down and abandoning module AudioFormatADPCM (121)
[2020.03.05-21.43.21:418][584]LogModuleManager: Shutting down and abandoning module LuminTargetPlatform (119)
[2020.03.05-21.43.21:463][584]LogModuleManager: Shutting down and abandoning module LinuxTargetPlatform (117)
[2020.03.05-21.43.21:463][584]LogModuleManager: Shutting down and abandoning module LinuxServerTargetPlatform (115)
[2020.03.05-21.43.21:476][584]LogModuleManager: Shutting down and abandoning module LinuxNoEditorTargetPlatform (113)
[2020.03.05-21.43.21:519][584]LogModuleManager: Shutting down and abandoning module LinuxClientTargetPlatform (111)
[2020.03.05-21.43.21:537][584]LogModuleManager: Shutting down and abandoning module TVOSTargetPlatform (109)
[2020.03.05-21.43.21:538][584]LogModuleManager: Shutting down and abandoning module Messaging (107)
[2020.03.05-21.43.21:538][584]LogModuleManager: Shutting down and abandoning module IOSTargetPlatform (105)
[2020.03.05-21.43.21:539][584]LogModuleManager: Shutting down and abandoning module HTML5TargetPlatform (103)
[2020.03.05-21.43.21:539][584]LogModuleManager: Shutting down and abandoning module AndroidTargetPlatform (101)
[2020.03.05-21.43.21:545][584]LogModuleManager: Shutting down and abandoning module WindowsTargetPlatform (99)
[2020.03.05-21.43.21:546][584]LogModuleManager: Shutting down and abandoning module WindowsServerTargetPlatform (97)
[2020.03.05-21.43.21:546][584]LogModuleManager: Shutting down and abandoning module WindowsNoEditorTargetPlatform (95)
[2020.03.05-21.43.21:546][584]LogModuleManager: Shutting down and abandoning module WindowsClientTargetPlatform (93)
[2020.03.05-21.43.21:546][584]LogModuleManager: Shutting down and abandoning module MacTargetPlatform (91)
[2020.03.05-21.43.21:546][584]LogModuleManager: Shutting down and abandoning module MacServerTargetPlatform (89)
[2020.03.05-21.43.21:546][584]LogModuleManager: Shutting down and abandoning module MacNoEditorTargetPlatform (87)
[2020.03.05-21.43.21:546][584]LogModuleManager: Shutting down and abandoning module MacClientTargetPlatform (85)
[2020.03.05-21.43.21:546][584]LogModuleManager: Shutting down and abandoning module AllDesktopTargetPlatform (83)
[2020.03.05-21.43.21:546][584]LogModuleManager: Shutting down and abandoning module InputCore (80)
[2020.03.05-21.43.21:546][584]LogModuleManager: Shutting down and abandoning module Settings (78)
[2020.03.05-21.43.21:547][584]LogModuleManager: Shutting down and abandoning module DirectoryWatcher (76)
[2020.03.05-21.43.21:547][584]LogModuleManager: Shutting down and abandoning module PhysXCooking (74)
[2020.03.05-21.43.21:547][584]LogModuleManager: Shutting down and abandoning module SteamVR (72)
[2020.03.05-21.43.21:555][584]LogHMD: Freeing OpenVRDLLHandle.
[2020.03.05-21.43.21:555][584]LogModuleManager: Shutting down and abandoning module OculusHMD (70)
[2020.03.05-21.43.21:621][584]LogModuleManager: Shutting down and abandoning module ExampleDeviceProfileSelector (68)
[2020.03.05-21.43.21:621][584]LogModuleManager: Shutting down and abandoning module LauncherChunkInstaller (66)
[2020.03.05-21.43.21:621][584]LogModuleManager: Shutting down and abandoning module OnlineBlueprintSupport (64)
[2020.03.05-21.43.21:621][584]LogModuleManager: Shutting down and abandoning module OnlineSubsystem (60)
[2020.03.05-21.43.21:623][584]LogModuleManager: Shutting down and abandoning module XMPP (55)
[2020.03.05-21.43.22:285][584]LogModuleManager: Shutting down and abandoning module WebSockets (54)
[2020.03.05-21.43.22:648][584]LogModuleManager: Shutting down and abandoning module HTTP (51)
[2020.03.05-21.43.22:648][584]LogHttp: Display: Http module shutting down, but needs to wait on 1 outstanding Http requests:
[2020.03.05-21.43.22:648][584]LogHttp: Display: 	verb=[POST] url=[https://datarouter.ol.epicgames.com/datarouter/api/v1/public/data?SessionID=%7B74FCBD2C-4CA0-AB66-1914-4B9141945DE0%7D&AppID=UEEditor.Rocket.Release&AppVersion=4.22.1-6063286%2B%2B%2BUE4%2BRelease-4.22&UserID=ea019f70480b82548ea166a37ba0cee2%7C15fbd41e3a1344ccb721ba07f1d86505%7C42aaecbe-6a04-48c9-a65c-5ffc34d338e4&AppEnvironment=datacollector-binary&UploadType=eteventstream] status=Processing
[2020.03.05-21.43.22:663][584]LogModuleManager: Shutting down and abandoning module SSL (50)
[2020.03.05-21.43.22:665][584]LogModuleManager: Shutting down and abandoning module WmfMedia (46)
[2020.03.05-21.43.22:676][584]LogModuleManager: Shutting down and abandoning module Media (45)
[2020.03.05-21.43.22:683][584]LogModuleManager: Shutting down and abandoning module MagicLeap (42)
[2020.03.05-21.43.22:703][584]LogModuleManager: Shutting down and abandoning module DatasmithContent (40)
[2020.03.05-21.43.22:704][584]LogModuleManager: Shutting down and abandoning module AnimationModifiers (38)
[2020.03.05-21.43.22:715][584]LogModuleManager: Shutting down and abandoning module PropertyEditor (37)
[2020.03.05-21.43.22:725][584]LogModuleManager: Shutting down and abandoning module AudioEditor (34)
[2020.03.05-21.43.22:750][584]LogModuleManager: Shutting down and abandoning module TextureCompressor (32)
[2020.03.05-21.43.22:767][584]LogModuleManager: Shutting down and abandoning module RenderCore (30)
[2020.03.05-21.43.22:767][584]LogModuleManager: Shutting down and abandoning module Landscape (28)
[2020.03.05-21.43.22:767][584]LogModuleManager: Shutting down and abandoning module SlateRHIRenderer (26)
[2020.03.05-21.43.22:810][584]LogModuleManager: Shutting down and abandoning module OpenGLDrv (24)
[2020.03.05-21.43.22:996][584]LogModuleManager: Shutting down and abandoning module D3D11RHI (22)
[2020.03.05-21.43.22:996][584]LogModuleManager: Shutting down and abandoning module AnimGraphRuntime (20)
[2020.03.05-21.43.22:997][584]LogModuleManager: Shutting down and abandoning module Renderer (18)
[2020.03.05-21.43.23:008][584]LogModuleManager: Shutting down and abandoning module Engine (16)
[2020.03.05-21.43.23:008][584]LogModuleManager: Shutting down and abandoning module CoreUObject (14)
[2020.03.05-21.43.23:008][584]LogModuleManager: Shutting down and abandoning module NetworkFile (12)
[2020.03.05-21.43.23:015][584]LogModuleManager: Shutting down and abandoning module CookedIterativeFile (10)
[2020.03.05-21.43.23:016][584]LogModuleManager: Shutting down and abandoning module StreamingFile (8)
[2020.03.05-21.43.23:030][584]LogModuleManager: Shutting down and abandoning module SandboxFile (6)
[2020.03.05-21.43.23:030][584]LogModuleManager: Shutting down and abandoning module PakFile (4)
[2020.03.05-21.43.23:045][584]LogModuleManager: Shutting down and abandoning module RSA (3)
[2020.03.05-21.43.23:100][584]LogExit: Exiting.
[2020.03.05-21.43.23:141][584]Log file closed, 03/05/20 22:43:23
