Log file open, 03/05/20 18:26:59
LogWindows: Failed to load 'aqProf.dll' (GetLastError=126)
LogWindows: File 'aqProf.dll' does not exist
LogWindows: Failed to load 'VtuneApi.dll' (GetLastError=126)
LogWindows: File 'VtuneApi.dll' does not exist
LogWindows: Failed to load 'VtuneApi32e.dll' (GetLastError=126)
LogWindows: File 'VtuneApi32e.dll' does not exist
LogConsoleResponse: Display: Failed to find resolution value strings in scalability ini. Falling back to default.
LogInit: Display: Running engine for game: InventorySystem_V1
LogPakFile: Registered encryption key '00000000000000000000000000000000': 0 pak files mounted, 0 remain pending
LogPlatformFile: Not using cached read wrapper
LogTaskGraph: Started task graph with 5 named threads and 11 total threads with 3 sets of task threads.
LogStats: Stats thread started at 7.246989
LogD3D11RHI: Loaded GFSDK_Aftermath_Lib.x64.dll
LogICUInternationalization: ICU TimeZone Detection - Raw Offset: +1:00, Platform Override: ''
LogPluginManager: Mounting plugin Paper2D
LogPluginManager: Mounting plugin AISupport
LogPluginManager: Mounting plugin LightPropagationVolume
LogPluginManager: Mounting plugin ActorLayerUtilities
LogPluginManager: Mounting plugin AnimationSharing
LogPluginManager: Mounting plugin CLionSourceCodeAccess
LogPluginManager: Mounting plugin CodeLiteSourceCodeAccess
LogPluginManager: Mounting plugin GitSourceControl
LogPluginManager: Mounting plugin KDevelopSourceCodeAccess
LogPluginManager: Mounting plugin NullSourceCodeAccess
LogPluginManager: Mounting plugin PerforceSourceControl
LogPluginManager: Mounting plugin SubversionSourceControl
LogPluginManager: Mounting plugin UObjectPlugin
LogPluginManager: Mounting plugin VisualStudioCodeSourceCodeAccess
LogPluginManager: Mounting plugin VisualStudioSourceCodeAccess
LogPluginManager: Mounting plugin XCodeSourceCodeAccess
LogPluginManager: Mounting plugin AssetManagerEditor
LogPluginManager: Mounting plugin CryptoKeys
LogPluginManager: Mounting plugin DataValidation
LogPluginManager: Mounting plugin FacialAnimation
LogPluginManager: Mounting plugin GameplayTagsEditor
LogPluginManager: Mounting plugin MacGraphicsSwitching
LogPluginManager: Mounting plugin MaterialAnalyzer
LogPluginManager: Mounting plugin MobileLauncherProfileWizard
LogPluginManager: Mounting plugin PluginBrowser
LogPluginManager: Mounting plugin SpeedTreeImporter
LogPluginManager: Mounting plugin DatasmithContent
LogPluginManager: Mounting plugin VariantManagerContent
LogPluginManager: Mounting plugin AlembicImporter
LogPluginManager: Mounting plugin AppleImageUtils
LogPluginManager: Mounting plugin AppleVision
LogPluginManager: Mounting plugin BackChannel
LogPluginManager: Mounting plugin CharacterAI
LogPluginManager: Mounting plugin GeometryCache
LogPluginManager: Mounting plugin HTML5Networking
LogPluginManager: Mounting plugin ProxyLODPlugin
LogPluginManager: Mounting plugin SkeletalReduction
LogPluginManager: Mounting plugin MagicLeap
LogPluginManager: Mounting plugin MagicLeapMedia
LogPluginManager: Mounting plugin AndroidMedia
LogPluginManager: Mounting plugin AvfMedia
LogPluginManager: Mounting plugin ImgMedia
LogPluginManager: Mounting plugin LinearTimecode
LogPluginManager: Mounting plugin MediaCompositing
LogPluginManager: Mounting plugin MediaPlayerEditor
LogPluginManager: Mounting plugin WebMMedia
LogPluginManager: Mounting plugin WmfMedia
LogPluginManager: Mounting plugin TcpMessaging
LogPluginManager: Mounting plugin UdpMessaging
LogPluginManager: Mounting plugin ActorSequence
LogPluginManager: Mounting plugin LevelSequenceEditor
LogPluginManager: Mounting plugin MatineeToLevelSequence
LogPluginManager: Mounting plugin NetcodeUnitTest
LogPluginManager: Mounting plugin NUTUnrealEngine4
LogPluginManager: Mounting plugin OnlineSubsystemGooglePlay
LogPluginManager: Mounting plugin OnlineSubsystemIOS
LogPluginManager: Mounting plugin OnlineSubsystem
LogPluginManager: Mounting plugin OnlineSubsystemNull
LogPluginManager: Mounting plugin OnlineSubsystemUtils
LogPluginManager: Mounting plugin LauncherChunkInstaller
LogPluginManager: Mounting plugin AndroidDeviceProfileSelector
LogPluginManager: Mounting plugin AndroidMoviePlayer
LogPluginManager: Mounting plugin AndroidPermission
LogPluginManager: Mounting plugin AppleMoviePlayer
LogPluginManager: Mounting plugin ArchVisCharacter
LogPluginManager: Mounting plugin AudioCapture
LogPluginManager: Mounting plugin CableComponent
LogPluginManager: Mounting plugin CustomMeshComponent
LogPluginManager: Mounting plugin EditableMesh
LogPluginManager: Mounting plugin ExampleDeviceProfileSelector
LogPluginManager: Mounting plugin Firebase
LogPluginManager: Mounting plugin GoogleCloudMessaging
LogPluginManager: Mounting plugin IOSDeviceProfileSelector
LogPluginManager: Mounting plugin LinuxDeviceProfileSelector
LogPluginManager: Mounting plugin LocationServicesBPLibrary
LogPluginManager: Mounting plugin MobilePatchingUtils
LogPluginManager: Mounting plugin OculusVR
LogPluginManager: Mounting plugin PhysXVehicles
LogPluginManager: Mounting plugin ProceduralMeshComponent
LogPluginManager: Mounting plugin RuntimePhysXCooking
LogPluginManager: Mounting plugin SignificanceManager
LogPluginManager: Mounting plugin SteamVR
LogPluginManager: Mounting plugin WebMMoviePlayer
LogPluginManager: Mounting plugin WindowsMoviePlayer
LogInit: Using libcurl 7.55.1-DEV
LogInit:  - built for x86_64-pc-win32
LogInit:  - supports SSL with OpenSSL/1.1.1
LogInit:  - supports HTTP deflate (compression) using libz 1.2.8
LogInit:  - other features:
LogInit:      CURL_VERSION_SSL
LogInit:      CURL_VERSION_LIBZ
LogInit:      CURL_VERSION_IPV6
LogInit:      CURL_VERSION_ASYNCHDNS
LogInit:      CURL_VERSION_LARGEFILE
LogInit:      CURL_VERSION_IDN
LogInit:  CurlRequestOptions (configurable via config and command line):
LogInit:  - bVerifyPeer = true  - Libcurl will verify peer certificate
LogInit:  - bUseHttpProxy = false  - Libcurl will NOT use HTTP proxy
LogInit:  - bDontReuseConnections = false  - Libcurl will reuse connections
LogInit:  - MaxHostConnections = 16  - Libcurl will limit the number of connections to a host
LogInit:  - LocalHostAddr = Default
LogInit:  - BufferSize = 65536
LogInit: WinSock: version 1.1 (2.2), MaxSocks=32767, MaxUdp=65467
LogInit: Build: ++UE4+Release-4.22-CL-6063286
LogInit: Engine Version: 4.22.1-6063286+++UE4+Release-4.22
LogInit: Compatible Engine Version: 4.22.0-5660361+++UE4+Release-4.22
LogInit: Net CL: 5660361
LogInit: OS: Windows 10 (Release 1903) (), CPU: Intel(R) Core(TM) i7-6500U CPU @ 2.50GHz, GPU: Intel(R) HD Graphics 520
LogInit: Compiled (64-bit): Apr 24 2019 04:36:48
LogInit: Compiled with Visual C++: 19.16.27025.01
LogInit: Build Configuration: Development
LogInit: Branch Name: ++UE4+Release-4.22
LogInit: Command Line:  -skipcompile
LogInit: Base Directory: C:/Program Files/Epic Games/UE_4.22/Engine/Binaries/Win64/
LogInit: Installed Engine Build: 1
LogDevObjectVersion: Number of dev versions registered: 23
LogDevObjectVersion:   Dev-Blueprints (B0D832E4-1F89-4F0D-ACCF-7EB736FD4AA2): 10
LogDevObjectVersion:   Dev-Build (E1C64328-A22C-4D53-A36C-8E866417BD8C): 0
LogDevObjectVersion:   Dev-Core (375EC13C-06E4-48FB-B500-84F0262A717E): 3
LogDevObjectVersion:   Dev-Editor (E4B068ED-F494-42E9-A231-DA0B2E46BB41): 30
LogDevObjectVersion:   Dev-Framework (CFFC743F-43B0-4480-9391-14DF171D2073): 35
LogDevObjectVersion:   Dev-Mobile (B02B49B5-BB20-44E9-A304-32B752E40360): 2
LogDevObjectVersion:   Dev-Networking (A4E4105C-59A1-49B5-A7C5-40C4547EDFEE): 0
LogDevObjectVersion:   Dev-Online (39C831C9-5AE6-47DC-9A44-9C173E1C8E7C): 0
LogDevObjectVersion:   Dev-Physics (78F01B33-EBEA-4F98-B9B4-84EACCB95AA2): 0
LogDevObjectVersion:   Dev-Platform (6631380F-2D4D-43E0-8009-CF276956A95A): 0
LogDevObjectVersion:   Dev-Rendering (12F88B9F-8875-4AFC-A67C-D90C383ABD29): 28
LogDevObjectVersion:   Dev-Sequencer (7B5AE74C-D270-4C10-A958-57980B212A5A): 11
LogDevObjectVersion:   Dev-VR (D7296918-1DD6-4BDD-9DE2-64A83CC13884): 2
LogDevObjectVersion:   Dev-LoadTimes (C2A15278-BFE7-4AFE-6C17-90FF531DF755): 1
LogDevObjectVersion:   Private-Geometry (6EACA3D4-40EC-4CC1-B786-8BED09428FC5): 3
LogDevObjectVersion:   Dev-AnimPhys (29E575DD-E0A3-4627-9D10-D276232CDCEA): 17
LogDevObjectVersion:   Dev-Anim (AF43A65D-7FD3-4947-9873-3E8ED9C1BB05): 2
LogDevObjectVersion:   Dev-ReflectionCapture (6B266CEC-1EC7-4B8F-A30B-E4D90942FC07): 1
LogDevObjectVersion:   Dev-Automation (0DF73D61-A23F-47EA-B727-89E90C41499A): 1
LogDevObjectVersion:   FortniteMain (601D1886-AC64-4F84-AA16-D3DE0DEAC7D6): 25
LogDevObjectVersion:   Dev-Enterprise (9DFFBCD6-494F-0158-E221-12823C92A888): 6
LogDevObjectVersion:   Dev-Niagara (F2AED0AC-9AFE-416F-8664-AA7FFA26D6FC): 1
LogDevObjectVersion:   Dev-Destruction (174F1F0B-B4C6-45A5-B13F-2EE8D0FB917D): 2
LogInit: Presizing for max 16777216 objects, including 0 objects not considered by GC, pre-allocating 0 bytes for permanent pool.
LogInit: Object subsystem initialized
LogConfig: Setting CVar [[con.DebugEarlyDefault:1]]
LogConfig: Setting CVar [[r.setres:1280x720]]
[2020.03.05-17.27.04:487][  0]LogConfig: Setting CVar [[r.VSync:0]]
[2020.03.05-17.27.04:487][  0]LogConfig: Setting CVar [[r.RHICmdBypass:0]]
[2020.03.05-17.27.04:487][  0]LogConfig: Applying CVar settings from Section [/Script/Engine.RendererSettings] File [C:/Users/Felipe L/Desktop/Games/TankGame/InventorySystem_V1/Saved/Config/Windows/Engine.ini]
[2020.03.05-17.27.04:487][  0]LogConfig: Setting CVar [[r.GPUCrashDebugging:0]]
[2020.03.05-17.27.04:487][  0]LogConfig: Applying CVar settings from Section [/Script/Engine.RendererOverrideSettings] File [C:/Users/Felipe L/Desktop/Games/TankGame/InventorySystem_V1/Saved/Config/Windows/Engine.ini]
[2020.03.05-17.27.04:487][  0]LogConfig: Applying CVar settings from Section [/Script/Engine.StreamingSettings] File [C:/Users/Felipe L/Desktop/Games/TankGame/InventorySystem_V1/Saved/Config/Windows/Engine.ini]
[2020.03.05-17.27.04:487][  0]LogConfig: Setting CVar [[s.MinBulkDataSizeForAsyncLoading:131072]]
[2020.03.05-17.27.04:487][  0]LogConfig: Setting CVar [[s.AsyncLoadingThreadEnabled:0]]
[2020.03.05-17.27.04:487][  0]LogConfig: Setting CVar [[s.EventDrivenLoaderEnabled:1]]
[2020.03.05-17.27.04:487][  0]LogConfig: Setting CVar [[s.WarnIfTimeLimitExceeded:0]]
[2020.03.05-17.27.04:487][  0]LogConfig: Setting CVar [[s.TimeLimitExceededMultiplier:1.5]]
[2020.03.05-17.27.04:487][  0]LogConfig: Setting CVar [[s.TimeLimitExceededMinTime:0.005]]
[2020.03.05-17.27.04:487][  0]LogConfig: Setting CVar [[s.UseBackgroundLevelStreaming:1]]
[2020.03.05-17.27.04:487][  0]LogConfig: Setting CVar [[s.PriorityAsyncLoadingExtraTime:15.0]]
[2020.03.05-17.27.04:488][  0]LogConfig: Setting CVar [[s.LevelStreamingActorsUpdateTimeLimit:5.0]]
[2020.03.05-17.27.04:488][  0]LogConfig: Setting CVar [[s.PriorityLevelStreamingActorsUpdateExtraTime:5.0]]
[2020.03.05-17.27.04:488][  0]LogConfig: Setting CVar [[s.LevelStreamingComponentsRegistrationGranularity:10]]
[2020.03.05-17.27.04:488][  0]LogConfig: Setting CVar [[s.UnregisterComponentsTimeLimit:1.0]]
[2020.03.05-17.27.04:488][  0]LogConfig: Setting CVar [[s.LevelStreamingComponentsUnregistrationGranularity:5]]
[2020.03.05-17.27.04:488][  0]LogConfig: Applying CVar settings from Section [/Script/Engine.GarbageCollectionSettings] File [C:/Users/Felipe L/Desktop/Games/TankGame/InventorySystem_V1/Saved/Config/Windows/Engine.ini]
[2020.03.05-17.27.04:488][  0]LogConfig: Setting CVar [[gc.MaxObjectsNotConsideredByGC:1]]
[2020.03.05-17.27.04:488][  0]LogConfig: Setting CVar [[gc.SizeOfPermanentObjectPool:0]]
[2020.03.05-17.27.04:488][  0]LogConfig: Setting CVar [[gc.FlushStreamingOnGC:0]]
[2020.03.05-17.27.04:488][  0]LogConfig: Setting CVar [[gc.NumRetriesBeforeForcingGC:10]]
[2020.03.05-17.27.04:488][  0]LogConfig: Setting CVar [[gc.AllowParallelGC:1]]
[2020.03.05-17.27.04:488][  0]LogConfig: Setting CVar [[gc.TimeBetweenPurgingPendingKillObjects:61.1]]
[2020.03.05-17.27.04:488][  0]LogConfig: Setting CVar [[gc.MaxObjectsInEditor:16777216]]
[2020.03.05-17.27.04:488][  0]LogConfig: Setting CVar [[gc.IncrementalBeginDestroyEnabled:1]]
[2020.03.05-17.27.04:488][  0]LogConfig: Setting CVar [[gc.CreateGCClusters:1]]
[2020.03.05-17.27.04:488][  0]LogConfig: Setting CVar [[gc.MinGCClusterSize:5]]
[2020.03.05-17.27.04:489][  0]LogConfig: Setting CVar [[gc.ActorClusteringEnabled:0]]
[2020.03.05-17.27.04:489][  0]LogConfig: Setting CVar [[gc.BlueprintClusteringEnabled:0]]
[2020.03.05-17.27.04:489][  0]LogConfig: Setting CVar [[gc.UseDisregardForGCOnDedicatedServers:0]]
[2020.03.05-17.27.04:489][  0]LogConfig: Applying CVar settings from Section [/Script/Engine.NetworkSettings] File [C:/Users/Felipe L/Desktop/Games/TankGame/InventorySystem_V1/Saved/Config/Windows/Engine.ini]
[2020.03.05-17.27.04:489][  0]LogConfig: Applying CVar settings from Section [/Script/UnrealEd.CookerSettings] File [C:/Users/Felipe L/Desktop/Games/TankGame/InventorySystem_V1/Saved/Config/Windows/Engine.ini]
[2020.03.05-17.27.04:500][  0]LogConfig: Applying CVar settings from Section [ViewDistanceQuality@3] File [C:/Users/Felipe L/Desktop/Games/TankGame/InventorySystem_V1/Saved/Config/Windows/Scalability.ini]
[2020.03.05-17.27.04:500][  0]LogConfig: Setting CVar [[r.SkeletalMeshLODBias:0]]
[2020.03.05-17.27.04:500][  0]LogConfig: Setting CVar [[r.ViewDistanceScale:1.0]]
[2020.03.05-17.27.04:500][  0]LogConfig: Applying CVar settings from Section [AntiAliasingQuality@3] File [C:/Users/Felipe L/Desktop/Games/TankGame/InventorySystem_V1/Saved/Config/Windows/Scalability.ini]
[2020.03.05-17.27.04:500][  0]LogConfig: Setting CVar [[r.PostProcessAAQuality:4]]
[2020.03.05-17.27.04:500][  0]LogConfig: Applying CVar settings from Section [ShadowQuality@3] File [C:/Users/Felipe L/Desktop/Games/TankGame/InventorySystem_V1/Saved/Config/Windows/Scalability.ini]
[2020.03.05-17.27.04:500][  0]LogConfig: Setting CVar [[r.LightFunctionQuality:1]]
[2020.03.05-17.27.04:500][  0]LogConfig: Setting CVar [[r.ShadowQuality:5]]
[2020.03.05-17.27.04:500][  0]LogConfig: Setting CVar [[r.Shadow.CSM.MaxCascades:10]]
[2020.03.05-17.27.04:500][  0]LogConfig: Setting CVar [[r.Shadow.MaxResolution:2048]]
[2020.03.05-17.27.04:500][  0]LogConfig: Setting CVar [[r.Shadow.MaxCSMResolution:2048]]
[2020.03.05-17.27.04:500][  0]LogConfig: Setting CVar [[r.Shadow.RadiusThreshold:0.01]]
[2020.03.05-17.27.04:501][  0]LogConfig: Setting CVar [[r.Shadow.DistanceScale:1.0]]
[2020.03.05-17.27.04:501][  0]LogConfig: Setting CVar [[r.Shadow.CSM.TransitionScale:1.0]]
[2020.03.05-17.27.04:501][  0]LogConfig: Setting CVar [[r.Shadow.PreShadowResolutionFactor:1.0]]
[2020.03.05-17.27.04:501][  0]LogConfig: Setting CVar [[r.DistanceFieldShadowing:1]]
[2020.03.05-17.27.04:501][  0]LogConfig: Setting CVar [[r.DistanceFieldAO:1]]
[2020.03.05-17.27.04:501][  0]LogConfig: Setting CVar [[r.AOQuality:2]]
[2020.03.05-17.27.04:501][  0]LogConfig: Setting CVar [[r.VolumetricFog:1]]
[2020.03.05-17.27.04:501][  0]LogConfig: Setting CVar [[r.VolumetricFog.GridPixelSize:8]]
[2020.03.05-17.27.04:501][  0]LogConfig: Setting CVar [[r.VolumetricFog.GridSizeZ:128]]
[2020.03.05-17.27.04:501][  0]LogConfig: Setting CVar [[r.VolumetricFog.HistoryMissSupersampleCount:4]]
[2020.03.05-17.27.04:501][  0]LogConfig: Setting CVar [[r.LightMaxDrawDistanceScale:1]]
[2020.03.05-17.27.04:502][  0]LogConfig: Setting CVar [[r.CapsuleShadows:1]]
[2020.03.05-17.27.04:502][  0]LogConfig: Applying CVar settings from Section [PostProcessQuality@3] File [C:/Users/Felipe L/Desktop/Games/TankGame/InventorySystem_V1/Saved/Config/Windows/Scalability.ini]
[2020.03.05-17.27.04:502][  0]LogConfig: Setting CVar [[r.MotionBlurQuality:4]]
[2020.03.05-17.27.04:502][  0]LogConfig: Setting CVar [[r.AmbientOcclusionMipLevelFactor:0.4]]
[2020.03.05-17.27.04:502][  0]LogConfig: Setting CVar [[r.AmbientOcclusionMaxQuality:100]]
[2020.03.05-17.27.04:502][  0]LogConfig: Setting CVar [[r.AmbientOcclusionLevels:-1]]
[2020.03.05-17.27.04:502][  0]LogConfig: Setting CVar [[r.AmbientOcclusionRadiusScale:1.0]]
[2020.03.05-17.27.04:502][  0]LogConfig: Setting CVar [[r.DepthOfFieldQuality:2]]
[2020.03.05-17.27.04:502][  0]LogConfig: Setting CVar [[r.RenderTargetPoolMin:400]]
[2020.03.05-17.27.04:502][  0]LogConfig: Setting CVar [[r.LensFlareQuality:2]]
[2020.03.05-17.27.04:502][  0]LogConfig: Setting CVar [[r.SceneColorFringeQuality:1]]
[2020.03.05-17.27.04:502][  0]LogConfig: Setting CVar [[r.EyeAdaptationQuality:2]]
[2020.03.05-17.27.04:503][  0]LogConfig: Setting CVar [[r.BloomQuality:5]]
[2020.03.05-17.27.04:503][  0]LogConfig: Setting CVar [[r.FastBlurThreshold:100]]
[2020.03.05-17.27.04:503][  0]LogConfig: Setting CVar [[r.Upscale.Quality:3]]
[2020.03.05-17.27.04:503][  0]LogConfig: Setting CVar [[r.Tonemapper.GrainQuantization:1]]
[2020.03.05-17.27.04:503][  0]LogConfig: Setting CVar [[r.LightShaftQuality:1]]
[2020.03.05-17.27.04:503][  0]LogConfig: Setting CVar [[r.Filter.SizeScale:1]]
[2020.03.05-17.27.04:503][  0]LogConfig: Setting CVar [[r.Tonemapper.Quality:5]]
[2020.03.05-17.27.04:503][  0]LogConfig: Setting CVar [[r.DOF.Gather.AccumulatorQuality:1        ; higher gathering accumulator quality]]
[2020.03.05-17.27.04:503][  0]LogConfig: Setting CVar [[r.DOF.Gather.PostfilterMethod:1          ; Median3x3 postfilering method]]
[2020.03.05-17.27.04:503][  0]LogConfig: Setting CVar [[r.DOF.Gather.EnableBokehSettings:0       ; no bokeh simulation when gathering]]
[2020.03.05-17.27.04:503][  0]LogConfig: Setting CVar [[r.DOF.Gather.RingCount:4                 ; medium number of samples when gathering]]
[2020.03.05-17.27.04:503][  0]LogConfig: Setting CVar [[r.DOF.Scatter.ForegroundCompositing:1    ; additive foreground scattering]]
[2020.03.05-17.27.04:503][  0]LogConfig: Setting CVar [[r.DOF.Scatter.BackgroundCompositing:2    ; additive background scattering]]
[2020.03.05-17.27.04:504][  0]LogConfig: Setting CVar [[r.DOF.Scatter.EnableBokehSettings:1      ; bokeh simulation when scattering]]
[2020.03.05-17.27.04:504][  0]LogConfig: Setting CVar [[r.DOF.Scatter.MaxSpriteRatio:0.1         ; only a maximum of 10% of scattered bokeh]]
[2020.03.05-17.27.04:504][  0]LogConfig: Setting CVar [[r.DOF.Recombine.Quality:1                ; cheap slight out of focus]]
[2020.03.05-17.27.04:504][  0]LogConfig: Setting CVar [[r.DOF.Recombine.EnableBokehSettings:0    ; no bokeh simulation on slight out of focus]]
[2020.03.05-17.27.04:504][  0]LogConfig: Setting CVar [[r.DOF.TemporalAAQuality:1                ; more stable temporal accumulation]]
[2020.03.05-17.27.04:504][  0]LogConfig: Setting CVar [[r.DOF.Kernel.MaxForegroundRadius:0.025]]
[2020.03.05-17.27.04:504][  0]LogConfig: Setting CVar [[r.DOF.Kernel.MaxBackgroundRadius:0.025]]
[2020.03.05-17.27.04:505][  0]LogConfig: Applying CVar settings from Section [TextureQuality@3] File [C:/Users/Felipe L/Desktop/Games/TankGame/InventorySystem_V1/Saved/Config/Windows/Scalability.ini]
[2020.03.05-17.27.04:506][  0]LogConfig: Setting CVar [[r.Streaming.MipBias:0]]
[2020.03.05-17.27.04:506][  0]LogConfig: Setting CVar [[r.Streaming.AmortizeCPUToGPUCopy:0]]
[2020.03.05-17.27.04:506][  0]LogConfig: Setting CVar [[r.Streaming.MaxNumTexturesToStreamPerFrame:0]]
[2020.03.05-17.27.04:506][  0]LogConfig: Setting CVar [[r.Streaming.Boost:1]]
[2020.03.05-17.27.04:506][  0]LogConfig: Setting CVar [[r.MaxAnisotropy:8]]
[2020.03.05-17.27.04:506][  0]LogConfig: Setting CVar [[r.Streaming.LimitPoolSizeToVRAM:0]]
[2020.03.05-17.27.04:506][  0]LogConfig: Setting CVar [[r.Streaming.PoolSize:1000]]
[2020.03.05-17.27.04:506][  0]LogConfig: Setting CVar [[r.Streaming.MaxEffectiveScreenSize:0]]
[2020.03.05-17.27.04:507][  0]LogConfig: Applying CVar settings from Section [EffectsQuality@3] File [C:/Users/Felipe L/Desktop/Games/TankGame/InventorySystem_V1/Saved/Config/Windows/Scalability.ini]
[2020.03.05-17.27.04:507][  0]LogConfig: Setting CVar [[r.TranslucencyLightingVolumeDim:64]]
[2020.03.05-17.27.04:507][  0]LogConfig: Setting CVar [[r.RefractionQuality:2]]
[2020.03.05-17.27.04:507][  0]LogConfig: Setting CVar [[r.SSR.Quality:3]]
[2020.03.05-17.27.04:507][  0]LogConfig: Setting CVar [[r.SceneColorFormat:4]]
[2020.03.05-17.27.04:507][  0]LogConfig: Setting CVar [[r.DetailMode:2]]
[2020.03.05-17.27.04:507][  0]LogConfig: Setting CVar [[r.TranslucencyVolumeBlur:1]]
[2020.03.05-17.27.04:507][  0]LogConfig: Setting CVar [[r.MaterialQualityLevel:1 ; High quality]]
[2020.03.05-17.27.04:507][  0]LogConfig: Setting CVar [[r.SSS.Scale:1]]
[2020.03.05-17.27.04:507][  0]LogConfig: Setting CVar [[r.SSS.SampleSet:2]]
[2020.03.05-17.27.04:507][  0]LogConfig: Setting CVar [[r.SSS.Quality:1]]
[2020.03.05-17.27.04:507][  0]LogConfig: Setting CVar [[r.SSS.HalfRes:1]]
[2020.03.05-17.27.04:507][  0]LogConfig: Setting CVar [[r.EmitterSpawnRateScale:1.0]]
[2020.03.05-17.27.04:508][  0]LogConfig: Setting CVar [[r.ParticleLightQuality:2]]
[2020.03.05-17.27.04:508][  0]LogConfig: Applying CVar settings from Section [FoliageQuality@3] File [C:/Users/Felipe L/Desktop/Games/TankGame/InventorySystem_V1/Saved/Config/Windows/Scalability.ini]
[2020.03.05-17.27.04:508][  0]LogConfig: Setting CVar [[foliage.DensityScale:1.0]]
[2020.03.05-17.27.04:508][  0]LogConfig: Setting CVar [[grass.DensityScale:1.0]]
[2020.03.05-17.27.04:508][  0]LogInit: Selected Device Profile: [Windows]
[2020.03.05-17.27.04:508][  0]LogInit: Applying CVar settings loaded from the selected device profile: [Windows]
[2020.03.05-17.27.04:595][  0]LogHAL: Display: Platform has ~ 8 GB [8441831424 / 8589934592 / 8], which maps to Default [LargestMinGB=32, LargerMinGB=12, DefaultMinGB=8, SmallerMinGB=6, SmallestMinGB=0)
[2020.03.05-17.27.04:595][  0]LogConfig: Setting CVar [[r.Vulkan.UseRealUBs:0		; Required until we fix HLR fall-out]]
[2020.03.05-17.27.04:595][  0]LogInit: Going up to parent DeviceProfile []
[2020.03.05-17.27.04:596][  0]LogConfig: Applying CVar settings from Section [ViewDistanceQuality@0] File [C:/Users/Felipe L/Desktop/Games/TankGame/InventorySystem_V1/Saved/Config/Windows/Scalability.ini]
[2020.03.05-17.27.04:596][  0]LogConfig: Setting CVar [[r.SkeletalMeshLODBias:2]]
[2020.03.05-17.27.04:596][  0]LogConfig: Setting CVar [[r.ViewDistanceScale:0.4]]
[2020.03.05-17.27.04:596][  0]LogConfig: Applying CVar settings from Section [AntiAliasingQuality@0] File [C:/Users/Felipe L/Desktop/Games/TankGame/InventorySystem_V1/Saved/Config/Windows/Scalability.ini]
[2020.03.05-17.27.04:596][  0]LogConfig: Setting CVar [[r.PostProcessAAQuality:0]]
[2020.03.05-17.27.04:596][  0]LogConfig: Applying CVar settings from Section [ShadowQuality@0] File [C:/Users/Felipe L/Desktop/Games/TankGame/InventorySystem_V1/Saved/Config/Windows/Scalability.ini]
[2020.03.05-17.27.04:596][  0]LogConfig: Setting CVar [[r.LightFunctionQuality:0]]
[2020.03.05-17.27.04:596][  0]LogConfig: Setting CVar [[r.ShadowQuality:0]]
[2020.03.05-17.27.04:596][  0]LogConfig: Setting CVar [[r.Shadow.CSM.MaxCascades:1]]
[2020.03.05-17.27.04:596][  0]LogConfig: Setting CVar [[r.Shadow.MaxResolution:512]]
[2020.03.05-17.27.04:597][  0]LogConfig: Setting CVar [[r.Shadow.MaxCSMResolution:512]]
[2020.03.05-17.27.04:597][  0]LogConfig: Setting CVar [[r.Shadow.RadiusThreshold:0.06]]
[2020.03.05-17.27.04:597][  0]LogConfig: Setting CVar [[r.Shadow.DistanceScale:0.6]]
[2020.03.05-17.27.04:597][  0]LogConfig: Setting CVar [[r.Shadow.CSM.TransitionScale:0]]
[2020.03.05-17.27.04:597][  0]LogConfig: Setting CVar [[r.Shadow.PreShadowResolutionFactor:0.5]]
[2020.03.05-17.27.04:597][  0]LogConfig: Setting CVar [[r.DistanceFieldShadowing:0]]
[2020.03.05-17.27.04:597][  0]LogConfig: Setting CVar [[r.DistanceFieldAO:0]]
[2020.03.05-17.27.04:597][  0]LogConfig: Setting CVar [[r.VolumetricFog:0]]
[2020.03.05-17.27.04:597][  0]LogConfig: Setting CVar [[r.LightMaxDrawDistanceScale:0]]
[2020.03.05-17.27.04:597][  0]LogConfig: Setting CVar [[r.CapsuleShadows:0]]
[2020.03.05-17.27.04:597][  0]LogConfig: Applying CVar settings from Section [PostProcessQuality@0] File [C:/Users/Felipe L/Desktop/Games/TankGame/InventorySystem_V1/Saved/Config/Windows/Scalability.ini]
[2020.03.05-17.27.04:597][  0]LogConfig: Setting CVar [[r.MotionBlurQuality:0]]
[2020.03.05-17.27.04:597][  0]LogConfig: Setting CVar [[r.AmbientOcclusionMipLevelFactor:1.0]]
[2020.03.05-17.27.04:597][  0]LogConfig: Setting CVar [[r.AmbientOcclusionMaxQuality:0]]
[2020.03.05-17.27.04:597][  0]LogConfig: Setting CVar [[r.AmbientOcclusionLevels:0]]
[2020.03.05-17.27.04:597][  0]LogConfig: Setting CVar [[r.AmbientOcclusionRadiusScale:1.2]]
[2020.03.05-17.27.04:598][  0]LogConfig: Setting CVar [[r.DepthOfFieldQuality:0]]
[2020.03.05-17.27.04:598][  0]LogConfig: Setting CVar [[r.RenderTargetPoolMin:300]]
[2020.03.05-17.27.04:598][  0]LogConfig: Setting CVar [[r.LensFlareQuality:0]]
[2020.03.05-17.27.04:598][  0]LogConfig: Setting CVar [[r.SceneColorFringeQuality:0]]
[2020.03.05-17.27.04:598][  0]LogConfig: Setting CVar [[r.EyeAdaptationQuality:0]]
[2020.03.05-17.27.04:598][  0]LogConfig: Setting CVar [[r.BloomQuality:4]]
[2020.03.05-17.27.04:598][  0]LogConfig: Setting CVar [[r.FastBlurThreshold:0]]
[2020.03.05-17.27.04:598][  0]LogConfig: Setting CVar [[r.Upscale.Quality:1]]
[2020.03.05-17.27.04:598][  0]LogConfig: Setting CVar [[r.Tonemapper.GrainQuantization:0]]
[2020.03.05-17.27.04:598][  0]LogConfig: Setting CVar [[r.LightShaftQuality:0]]
[2020.03.05-17.27.04:598][  0]LogConfig: Setting CVar [[r.Filter.SizeScale:0.6]]
[2020.03.05-17.27.04:598][  0]LogConfig: Setting CVar [[r.Tonemapper.Quality:0]]
[2020.03.05-17.27.04:598][  0]LogConfig: Applying CVar settings from Section [TextureQuality@0] File [C:/Users/Felipe L/Desktop/Games/TankGame/InventorySystem_V1/Saved/Config/Windows/Scalability.ini]
[2020.03.05-17.27.04:598][  0]LogConfig: Setting CVar [[r.Streaming.MipBias:16]]
[2020.03.05-17.27.04:598][  0]LogConfig: Setting CVar [[r.Streaming.AmortizeCPUToGPUCopy:1]]
[2020.03.05-17.27.04:598][  0]LogConfig: Setting CVar [[r.Streaming.MaxNumTexturesToStreamPerFrame:1]]
[2020.03.05-17.27.04:599][  0]LogConfig: Setting CVar [[r.Streaming.Boost:0.3]]
[2020.03.05-17.27.04:599][  0]LogConfig: Setting CVar [[r.MaxAnisotropy:0]]
[2020.03.05-17.27.04:599][  0]LogConfig: Setting CVar [[r.Streaming.LimitPoolSizeToVRAM:1]]
[2020.03.05-17.27.04:599][  0]LogConfig: Setting CVar [[r.Streaming.PoolSize:400]]
[2020.03.05-17.27.04:599][  0]LogConfig: Setting CVar [[r.Streaming.MaxEffectiveScreenSize:0]]
[2020.03.05-17.27.04:599][  0]LogConfig: Applying CVar settings from Section [EffectsQuality@0] File [C:/Users/Felipe L/Desktop/Games/TankGame/InventorySystem_V1/Saved/Config/Windows/Scalability.ini]
[2020.03.05-17.27.04:599][  0]LogConfig: Setting CVar [[r.TranslucencyLightingVolumeDim:24]]
[2020.03.05-17.27.04:599][  0]LogConfig: Setting CVar [[r.RefractionQuality:0]]
[2020.03.05-17.27.04:599][  0]LogConfig: Setting CVar [[r.SSR.Quality:0]]
[2020.03.05-17.27.04:599][  0]LogConfig: Setting CVar [[r.SceneColorFormat:3]]
[2020.03.05-17.27.04:599][  0]LogConfig: Setting CVar [[r.DetailMode:0]]
[2020.03.05-17.27.04:599][  0]LogConfig: Setting CVar [[r.TranslucencyVolumeBlur:0]]
[2020.03.05-17.27.04:599][  0]LogConfig: Setting CVar [[r.MaterialQualityLevel:0 ; Low quality]]
[2020.03.05-17.27.04:599][  0]LogConfig: Setting CVar [[r.SSS.Scale:0]]
[2020.03.05-17.27.04:599][  0]LogConfig: Setting CVar [[r.SSS.SampleSet:0]]
[2020.03.05-17.27.04:599][  0]LogConfig: Setting CVar [[r.SSS.Quality:0]]
[2020.03.05-17.27.04:600][  0]LogConfig: Setting CVar [[r.SSS.HalfRes:1]]
[2020.03.05-17.27.04:600][  0]LogConfig: Setting CVar [[r.EmitterSpawnRateScale:0.125]]
[2020.03.05-17.27.04:600][  0]LogConfig: Setting CVar [[r.ParticleLightQuality:0]]
[2020.03.05-17.27.04:600][  0]LogConfig: Applying CVar settings from Section [FoliageQuality@0] File [C:/Users/Felipe L/Desktop/Games/TankGame/InventorySystem_V1/Saved/Config/Windows/Scalability.ini]
[2020.03.05-17.27.04:600][  0]LogConfig: Setting CVar [[foliage.DensityScale:0]]
[2020.03.05-17.27.04:600][  0]LogConfig: Setting CVar [[grass.DensityScale:0]]
[2020.03.05-17.27.04:600][  0]LogConfig: Applying CVar settings from Section [Startup] File [../../../Engine/Config/ConsoleVariables.ini]
[2020.03.05-17.27.04:600][  0]LogConfig: Setting CVar [[net.UseAdaptiveNetUpdateFrequency:0]]
[2020.03.05-17.27.04:601][  0]LogConfig: Setting CVar [[p.chaos.AllowCreatePhysxBodies:1]]
[2020.03.05-17.27.04:601][  0]LogConfig: Applying CVar settings from Section [ConsoleVariables] File [C:/Users/Felipe L/Desktop/Games/TankGame/InventorySystem_V1/Saved/Config/Windows/Engine.ini]
[2020.03.05-17.27.04:601][  0]LogInit: Computer: LAPTOP-G0QMGNUT
[2020.03.05-17.27.04:601][  0]LogInit: User: FelipeL
[2020.03.05-17.27.04:601][  0]LogInit: CPU Page size=4096, Cores=2
[2020.03.05-17.27.04:601][  0]LogInit: High frequency timer resolution =10.000000 MHz
[2020.03.05-17.27.04:602][  0]LogMemory: Memory total: Physical=7.9GB (8GB approx)
[2020.03.05-17.27.04:602][  0]LogMemory: Platform Memory Stats for Windows
[2020.03.05-17.27.04:602][  0]LogMemory: Process Physical Memory: 97.71 MB used, 97.71 MB peak
[2020.03.05-17.27.04:602][  0]LogMemory: Process Virtual Memory: 91.98 MB used, 91.98 MB peak
[2020.03.05-17.27.04:602][  0]LogMemory: Physical Memory: 4791.19 MB used,  3259.57 MB free, 8050.76 MB total
[2020.03.05-17.27.04:602][  0]LogMemory: Virtual Memory: 4628.94 MB used,  134213096.00 MB free, 134217728.00 MB total
[2020.03.05-17.27.06:880][  0]LogInit: Overriding language with editor language configuration option (en).
[2020.03.05-17.27.06:880][  0]LogInit: Overriding locale with editor locale configuration option (en).
[2020.03.05-17.27.09:924][  0]LogInit: Setting process to per monitor DPI aware
[2020.03.05-17.27.10:885][  0]LogSlate: New Slate User Created.  User Index 0, Is Virtual User: 0
[2020.03.05-17.27.10:885][  0]LogSlate: Slate User Registered.  User Index 0, Is Virtual User: 0
[2020.03.05-17.27.23:657][  0]LogHMD: Failed to initialize OpenVR with code 110
[2020.03.05-17.27.23:657][  0]LogD3D11RHI: D3D11 adapters:
[2020.03.05-17.27.25:418][  0]LogD3D11RHI:    0. 'AMD Radeon(TM) R7 M360' (Feature Level 11_0)
[2020.03.05-17.27.25:419][  0]LogD3D11RHI:       2035/0/4025 MB DedicatedVideo/DedicatedSystem/SharedSystem, Outputs:1, VendorId:0x1002
[2020.03.05-17.27.25:536][  0]LogD3D11RHI:    1. 'Intel(R) HD Graphics 520' (Feature Level 11_0)
[2020.03.05-17.27.25:536][  0]LogD3D11RHI:       128/0/4025 MB DedicatedVideo/DedicatedSystem/SharedSystem, Outputs:0, VendorId:0x8086
[2020.03.05-17.27.25:591][  0]LogD3D11RHI:    2. 'Microsoft Basic Render Driver' (Feature Level 11_0)
[2020.03.05-17.27.25:592][  0]LogD3D11RHI:       0/0/4025 MB DedicatedVideo/DedicatedSystem/SharedSystem, Outputs:0, VendorId:0x1414
[2020.03.05-17.27.25:592][  0]LogD3D11RHI: Chosen D3D11 Adapter: 0
[2020.03.05-17.27.25:663][  0]LogD3D11RHI: Creating new Direct3DDevice
[2020.03.05-17.27.25:664][  0]LogD3D11RHI:     GPU DeviceId: 0x6900 (for the marketing name, search the web for "GPU Device Id")
[2020.03.05-17.27.25:664][  0]LogWindows: EnumDisplayDevices:
[2020.03.05-17.27.25:664][  0]LogWindows:    0. 'Intel(R) HD Graphics 520' (P:1 D:1)
[2020.03.05-17.27.25:665][  0]LogWindows:    1. 'Intel(R) HD Graphics 520' (P:0 D:0)
[2020.03.05-17.27.25:665][  0]LogWindows:    2. 'Intel(R) HD Graphics 520' (P:0 D:0)
[2020.03.05-17.27.25:666][  0]LogWindows: DebugString: PrimaryIsNotTheChoosenAdapter PrimaryIsNotTheChoosenAdapter PrimaryIsNotTheChoosenAdapter FoundDriverCount:0 
[2020.03.05-17.27.25:666][  0]LogD3D11RHI:     Adapter Name: AMD Radeon(TM) R7 M360
[2020.03.05-17.27.25:666][  0]LogD3D11RHI:   Driver Version: Unknown (internal:Unknown, unified:Unknown)
[2020.03.05-17.27.25:666][  0]LogD3D11RHI:      Driver Date: Unknown
[2020.03.05-17.27.25:666][  0]LogRHI: Texture pool is 1424 MB (70% of 2035 MB)
[2020.03.05-17.27.26:027][  0]LogD3D11RHI: Async texture creation enabled
[2020.03.05-17.27.26:034][  0]LogRendererCore: FGlobalReadBuffer::InitRHI
[2020.03.05-17.27.26:035][  0]LogRendererCore: FGlobalReadBuffer::InitRHI
[2020.03.05-17.27.26:035][  0]LogRendererCore: FGlobalReadBuffer::InitRHI
[2020.03.05-17.27.26:045][  0]LogD3D11RHI: GPU Timing Frequency: 27.000000 (Debug: 2 1)
[2020.03.05-17.27.26:817][  0]LogTemp: Display: Module 'AllDesktopTargetPlatform' loaded TargetPlatform 'AllDesktop'
[2020.03.05-17.27.26:857][  0]LogTemp: Display: Module 'MacClientTargetPlatform' loaded TargetPlatform 'MacClient'
[2020.03.05-17.27.26:921][  0]LogTemp: Display: Module 'MacNoEditorTargetPlatform' loaded TargetPlatform 'MacNoEditor'
[2020.03.05-17.27.27:155][  0]LogTemp: Display: Module 'MacServerTargetPlatform' loaded TargetPlatform 'MacServer'
[2020.03.05-17.27.27:304][  0]LogTemp: Display: Module 'MacTargetPlatform' loaded TargetPlatform 'Mac'
[2020.03.05-17.27.27:421][  0]LogTemp: Display: Module 'WindowsClientTargetPlatform' loaded TargetPlatform 'WindowsClient'
[2020.03.05-17.27.27:572][  0]LogTemp: Display: Module 'WindowsNoEditorTargetPlatform' loaded TargetPlatform 'WindowsNoEditor'
[2020.03.05-17.27.27:678][  0]LogTemp: Display: Module 'WindowsServerTargetPlatform' loaded TargetPlatform 'WindowsServer'
[2020.03.05-17.27.27:716][  0]LogTemp: Display: Module 'WindowsTargetPlatform' loaded TargetPlatform 'Windows'
[2020.03.05-17.27.27:947][  0]LogTemp: Display: Module 'AndroidTargetPlatform' loaded TargetPlatform 'Android'
[2020.03.05-17.27.27:947][  0]LogTemp: Display: Module 'AndroidTargetPlatform' loaded TargetPlatform 'Android_ASTC'
[2020.03.05-17.27.27:947][  0]LogTemp: Display: Module 'AndroidTargetPlatform' loaded TargetPlatform 'Android_ATC'
[2020.03.05-17.27.27:947][  0]LogTemp: Display: Module 'AndroidTargetPlatform' loaded TargetPlatform 'Android_DXT'
[2020.03.05-17.27.27:947][  0]LogTemp: Display: Module 'AndroidTargetPlatform' loaded TargetPlatform 'Android_ETC1'
[2020.03.05-17.27.27:947][  0]LogTemp: Display: Module 'AndroidTargetPlatform' loaded TargetPlatform 'Android_ETC1a'
[2020.03.05-17.27.27:947][  0]LogTemp: Display: Module 'AndroidTargetPlatform' loaded TargetPlatform 'Android_ETC2'
[2020.03.05-17.27.27:948][  0]LogTemp: Display: Module 'AndroidTargetPlatform' loaded TargetPlatform 'Android_PVRTC'
[2020.03.05-17.27.27:948][  0]LogTemp: Display: Module 'AndroidTargetPlatform' loaded TargetPlatform 'AndroidClient'
[2020.03.05-17.27.27:948][  0]LogTemp: Display: Module 'AndroidTargetPlatform' loaded TargetPlatform 'Android_ASTCClient'
[2020.03.05-17.27.27:948][  0]LogTemp: Display: Module 'AndroidTargetPlatform' loaded TargetPlatform 'Android_ATCClient'
[2020.03.05-17.27.27:949][  0]LogTemp: Display: Module 'AndroidTargetPlatform' loaded TargetPlatform 'Android_DXTClient'
[2020.03.05-17.27.27:950][  0]LogTemp: Display: Module 'AndroidTargetPlatform' loaded TargetPlatform 'Android_ETC1Client'
[2020.03.05-17.27.27:950][  0]LogTemp: Display: Module 'AndroidTargetPlatform' loaded TargetPlatform 'Android_ETC1aClient'
[2020.03.05-17.27.27:950][  0]LogTemp: Display: Module 'AndroidTargetPlatform' loaded TargetPlatform 'Android_ETC2Client'
[2020.03.05-17.27.27:950][  0]LogTemp: Display: Module 'AndroidTargetPlatform' loaded TargetPlatform 'Android_PVRTCClient'
[2020.03.05-17.27.27:951][  0]LogTemp: Display: Module 'AndroidTargetPlatform' loaded TargetPlatform 'Android_Multi'
[2020.03.05-17.27.27:952][  0]LogTemp: Display: Module 'AndroidTargetPlatform' loaded TargetPlatform 'Android_MultiClient'
[2020.03.05-17.27.28:003][  0]LogTemp: Display: Module 'HTML5TargetPlatform' loaded TargetPlatform 'HTML5'
[2020.03.05-17.27.28:279][  0]LogTemp: Display: Module 'IOSTargetPlatform' loaded TargetPlatform 'IOSClient'
[2020.03.05-17.27.28:280][  0]LogTemp: Display: Module 'IOSTargetPlatform' loaded TargetPlatform 'IOS'
[2020.03.05-17.27.28:416][  0]LogTemp: Display: Module 'TVOSTargetPlatform' loaded TargetPlatform 'TVOSClient'
[2020.03.05-17.27.28:416][  0]LogTemp: Display: Module 'TVOSTargetPlatform' loaded TargetPlatform 'TVOS'
[2020.03.05-17.27.28:505][  0]LogTemp: Display: Module 'LinuxClientTargetPlatform' loaded TargetPlatform 'LinuxClient'
[2020.03.05-17.27.28:568][  0]LogTemp: Display: Module 'LinuxNoEditorTargetPlatform' loaded TargetPlatform 'LinuxNoEditor'
[2020.03.05-17.27.28:614][  0]LogTemp: Display: Module 'LinuxServerTargetPlatform' loaded TargetPlatform 'LinuxServer'
[2020.03.05-17.27.28:746][  0]LogTemp: Display: Module 'LinuxTargetPlatform' loaded TargetPlatform 'Linux'
[2020.03.05-17.27.28:874][  0]LogTemp: Display: Module 'LuminTargetPlatform' loaded TargetPlatform 'Lumin'
[2020.03.05-17.27.28:874][  0]LogTemp: Display: Module 'LuminTargetPlatform' loaded TargetPlatform 'LuminClient'
[2020.03.05-17.27.28:874][  0]LogTargetPlatformManager: Display: Building Assets For Windows
[2020.03.05-17.27.29:118][  0]LogAudioDebug: Display: Lib vorbis DLL was dynamically loaded.
[2020.03.05-17.27.30:462][  0]LogShaderCompilers: Guid format shader working directory is -26 characters bigger than the processId version (../../../../../../Users/Felipe L/Desktop/Games/TankGame/InventorySystem_V1/Intermediate/Shaders/WorkingDirectory/10316/).
[2020.03.05-17.27.30:463][  0]LogShaderCompilers: Cleaned the shader compiler working directory 'C:/Users/Felipe L/AppData/Local/Temp/UnrealShaderWorkingDir/ECD53A4349067A945DD5E6B335E11336/'.
[2020.03.05-17.27.30:542][  0]LogXGEController: Cleaning working directory: C:/Users/Felipe L/AppData/Local/Temp/UnrealXGEWorkingDir/
[2020.03.05-17.27.30:543][  0]LogXGEController: Cannot use XGE Controller as Incredibuild is not installed on this machine.
[2020.03.05-17.27.30:543][  0]LogShaderCompilers: Cannot use XGE Shader Compiler as Incredibuild is not installed on this machine.
[2020.03.05-17.27.30:543][  0]LogShaderCompilers: Display: Using Local Shader Compiler.
[2020.03.05-17.27.42:767][  0]LogDerivedDataCache: Display: Max Cache Size: 512 MB
[2020.03.05-17.27.44:369][  0]LogDerivedDataCache: Loaded boot cache 1.58s 74MB C:/Users/Felipe L/AppData/Local/UnrealEngine/4.22/DerivedDataCache/Boot.ddc.
[2020.03.05-17.27.44:370][  0]LogDerivedDataCache: Display: Loaded Boot cache: C:/Users/Felipe L/AppData/Local/UnrealEngine/4.22/DerivedDataCache/Boot.ddc
[2020.03.05-17.27.44:370][  0]LogDerivedDataCache: FDerivedDataBackendGraph:  Pak pak cache file ../../../../../../Users/Felipe L/Desktop/Games/TankGame/InventorySystem_V1/DerivedDataCache/DDC.ddp not found, will not use a pak cache.
[2020.03.05-17.27.44:370][  0]LogDerivedDataCache: Unable to find inner node Pak for hierarchical cache Hierarchy.
[2020.03.05-17.27.44:370][  0]LogDerivedDataCache: FDerivedDataBackendGraph:  CompressedPak pak cache file ../../../../../../Users/Felipe L/Desktop/Games/TankGame/InventorySystem_V1/DerivedDataCache/Compressed.ddp not found, will not use a pak cache.
[2020.03.05-17.27.44:370][  0]LogDerivedDataCache: Unable to find inner node CompressedPak for hierarchical cache Hierarchy.
[2020.03.05-17.27.44:386][  0]LogDerivedDataCache: Display: Pak cache opened for reading ../../../Engine/DerivedDataCache/Compressed.ddp.
[2020.03.05-17.27.44:387][  0]LogDerivedDataCache: FDerivedDataBackendGraph:  EnterprisePak pak cache file ../../../Enterprise/DerivedDataCache/Compressed.ddp not found, will not use a pak cache.
[2020.03.05-17.27.44:387][  0]LogDerivedDataCache: Unable to find inner node EnterprisePak for hierarchical cache Hierarchy.
[2020.03.05-17.27.44:400][  0]LogDerivedDataCache: Using Local data cache path C:/Users/Felipe L/AppData/Local/UnrealEngine/Common/DerivedDataCache: Writable
[2020.03.05-17.27.44:400][  0]LogDerivedDataCache: Shared data cache path not found in *engine.ini, will not use an Shared cache.
[2020.03.05-17.27.44:400][  0]LogDerivedDataCache: Unable to find inner node Shared for hierarchical cache Hierarchy.
[2020.03.05-17.27.44:437][  0]LogMaterial: Verifying Global Shaders for PCD3D_SM5
[2020.03.05-17.27.44:439][  0]LogSlate: Using FreeType 2.6.0
[2020.03.05-17.27.44:648][  0]LogSlate: SlateFontServices - WITH_FREETYPE: 1, WITH_HARFBUZZ: 1
[2020.03.05-17.27.49:004][  0]LogAssetRegistry: FAssetRegistry took 0.0383 seconds to start up
[2020.03.05-17.27.49:411][  0]LogInit: Selected Device Profile: [Windows]
[2020.03.05-17.27.50:728][  0]LogMeshReduction: Using QuadricMeshReduction for automatic static mesh reduction
[2020.03.05-17.27.50:729][  0]LogMeshReduction: Using SimplygonMeshReduction for automatic skeletal mesh reduction
[2020.03.05-17.27.50:729][  0]LogMeshReduction: Using ProxyLODMeshReduction for automatic mesh merging
[2020.03.05-17.27.50:729][  0]LogMeshReduction: No distributed automatic mesh merging module available
[2020.03.05-17.27.50:729][  0]LogMeshMerging: No distributed automatic mesh merging module available
[2020.03.05-17.27.50:849][  0]LogNetVersion: InventorySystem_V1 1.0.0, NetCL: 5660361, EngineNetVer: 10, GameNetVer: 0 (Checksum: 3935092218)
[2020.03.05-17.27.51:841][  0]LogPackageLocalizationCache: Processed 10 localized package path(s) for 1 prioritized culture(s) in 0.171877 seconds
[2020.03.05-17.27.51:852][  0]LogUObjectArray: 42205 objects as part of root set at end of initial load.
[2020.03.05-17.27.51:852][  0]LogUObjectAllocator: 7325032 out of 0 bytes used by permanent object pool.
[2020.03.05-17.27.51:852][  0]LogUObjectArray: CloseDisregardForGC: 0/0 objects in disregard for GC pool
[2020.03.05-17.28.48:653][  0]LogTcpMessaging: Initializing TcpMessaging bridge
[2020.03.05-17.28.48:753][  0]LogUdpMessaging: Initializing bridge on interface 0.0.0.0:0 to multicast group 230.0.0.1:6666.
[2020.03.05-17.28.52:110][  0]SourceControl: Source control is disabled
[2020.03.05-17.28.52:110][  0]SourceControl: Source control is disabled
[2020.03.05-17.28.52:352][  0]SourceControl: Source control is disabled
[2020.03.05-17.28.52:424][  0]SourceControl: Source control is disabled
[2020.03.05-17.28.56:145][  0]LogAndroidPermission: UAndroidPermissionCallbackProxy::GetInstance
[2020.03.05-17.28.58:121][  0]LogOcInput: OculusInput pre-init called
[2020.03.05-17.28.59:786][  0]LogEngine: Initializing Engine...
[2020.03.05-17.28.59:787][  0]LogHMD: Failed to initialize OpenVR with code 110
[2020.03.05-17.28.59:788][  0]LogStats: UGameplayTagsManager::InitializeManager -  0.000 s
[2020.03.05-17.29.00:072][  0]LogInit: Initializing FReadOnlyCVARCache
[2020.03.05-17.29.00:524][  0]LogAIModule: Creating AISystem for world Untitled
[2020.03.05-17.29.00:584][  0]LogInit: XAudio2 using 'Altavoces (Realtek High Definition Audio)' : 2 channels at 48 kHz using 32 bits per sample (channel mask 0x3)
[2020.03.05-17.29.01:044][  0]LogInit: FAudioDevice initialized.
[2020.03.05-17.29.01:045][  0]LogNetVersion: Set ProjectVersion to 1.0.0.0. Version Checksum will be recalculated on next use.
[2020.03.05-17.29.01:698][  0]LogDerivedDataCache: Saved boot cache 0.65s 74MB C:/Users/Felipe L/AppData/Local/UnrealEngine/4.22/DerivedDataCache/Boot.ddc.
[2020.03.05-17.29.01:713][  0]LogInit: Texture streaming: Enabled
[2020.03.05-17.29.02:400][  0]LogEngineSessionManager: EngineSessionManager initialized
[2020.03.05-17.29.02:400][  0]LogEngineSessionManager: EngineSessionManager sent abnormal shutdown report. Type=Debugger, SessionId={90B4CE42-4574-0347-4E81-C7BC3407796C}
[2020.03.05-17.29.02:955][  0]LogInit: Transaction tracking system initialized
[2020.03.05-17.29.04:159][  0]BlueprintLog: New page: Editor Load
[2020.03.05-17.29.08:021][  0]LocalizationService: Localization service is disabled
[2020.03.05-17.29.16:025][  0]LogFileCache: Scanning file cache for directory 'C:/Users/Felipe L/Desktop/Games/TankGame/InventorySystem_V1/Content/' took 0.06s
[2020.03.05-17.29.16:025][  0]LogCook: Display: Max memory allowance for cook 16384mb min free memory 0mb
[2020.03.05-17.29.16:026][  0]LogCook: Display: Mobile HDR setting 1
[2020.03.05-17.29.23:187][  0]SourceControl: Source control is disabled
[2020.03.05-17.29.23:188][  0]Cmd: MAP LOAD FILE="../../../../../../Users/Felipe L/Desktop/Games/TankGame/InventorySystem_V1/Content/FirstPersonCPP/Maps/FirstPersonExampleMap.umap" TEMPLATE=0 SHOWPROGRESS=1 FEATURELEVEL=3
[2020.03.05-17.29.23:189][  0]LightingResults: New page: Lighting Build
[2020.03.05-17.29.23:331][  0]MapCheck: New page: Map Check
[2020.03.05-17.29.23:331][  0]LightingResults: New page: Lighting Build
[2020.03.05-17.29.23:357][  0]LogUObjectHash: Compacting FUObjectHashTables data took   2.35ms
[2020.03.05-17.29.24:473][  0]LogAIModule: Creating AISystem for world FirstPersonExampleMap
[2020.03.05-17.29.24:490][  0]LogEditorServer: Finished looking for orphan Actors (0.000 secs)
[2020.03.05-17.29.24:585][  0]LogUObjectHash: Compacting FUObjectHashTables data took   3.47ms
[2020.03.05-17.29.24:586][  0]Cmd: MAP CHECKDEP NOCLEARLOG
[2020.03.05-17.29.24:586][  0]MapCheck: Map check complete: 0 Error(s), 0 Warning(s), took 0.275ms to complete.
[2020.03.05-17.29.24:586][  0]LogFileHelpers: Loading map 'FirstPersonExampleMap' took 1.398
[2020.03.05-17.29.24:995][  0]LogSlate: Updating window title bar state: overlay mode, drag disabled, window buttons hidden, title bar hidden
[2020.03.05-17.29.25:005][  0]LogSlate: Updating window title bar state: overlay mode, drag disabled, window buttons hidden, title bar hidden
[2020.03.05-17.29.25:014][  0]LogSlate: Updating window title bar state: overlay mode, drag disabled, window buttons hidden, title bar hidden
[2020.03.05-17.29.25:023][  0]LogSlate: Updating window title bar state: overlay mode, drag disabled, window buttons hidden, title bar hidden
[2020.03.05-17.29.25:212][  0]LogCollectionManager: Loaded 0 collections in 0.002332 seconds
[2020.03.05-17.29.25:337][  0]LogFileCache: Scanning file cache for directory 'C:/Users/Felipe L/Desktop/Games/TankGame/InventorySystem_V1/Saved/Collections/' took 0.01s
[2020.03.05-17.29.25:337][  0]LogFileCache: Scanning file cache for directory 'C:/Users/Felipe L/Desktop/Games/TankGame/InventorySystem_V1/Content/Developers/FelipeL/Collections/' took 0.00s
[2020.03.05-17.29.25:337][  0]LogFileCache: Scanning file cache for directory 'C:/Users/Felipe L/Desktop/Games/TankGame/InventorySystem_V1/Content/Collections/' took 0.00s
[2020.03.05-17.29.25:337][  0]LogCollectionManager: Rebuilt the GUID cache for 0 collections in 0.000000 seconds
[2020.03.05-17.29.25:354][  0]LogContentBrowser: Native class hierarchy populated in 0.0158 seconds. Added 2739 classes and 663 folders.
[2020.03.05-17.29.25:560][  0]LogContentBrowser: Native class hierarchy updated for 'WidgetCarousel' in 0.0006 seconds. Added 0 classes and 0 folders.
[2020.03.05-17.29.25:877][  0]LogPakFile: Registered encryption key '00000000000000000000000000000000': 0 pak files mounted, 0 remain pending
[2020.03.05-17.29.25:943][  0]LogPakFile: Registered encryption key '00000000000000000000000000000000': 0 pak files mounted, 0 remain pending
[2020.03.05-17.29.26:072][  0]LogPakFile: Registered encryption key '00000000000000000000000000000000': 0 pak files mounted, 0 remain pending
[2020.03.05-17.29.26:168][  0]LogPakFile: Registered encryption key '00000000000000000000000000000000': 0 pak files mounted, 0 remain pending
[2020.03.05-17.29.26:271][  0]LogPakFile: Registered encryption key '00000000000000000000000000000000': 0 pak files mounted, 0 remain pending
[2020.03.05-17.29.26:361][  0]LogPakFile: Registered encryption key '00000000000000000000000000000000': 0 pak files mounted, 0 remain pending
[2020.03.05-17.29.26:536][  0]LogPakFile: Registered encryption key '00000000000000000000000000000000': 0 pak files mounted, 0 remain pending
[2020.03.05-17.29.26:651][  0]LogPakFile: Registered encryption key '00000000000000000000000000000000': 0 pak files mounted, 0 remain pending
[2020.03.05-17.29.26:778][  0]LogPakFile: Registered encryption key '00000000000000000000000000000000': 0 pak files mounted, 0 remain pending
[2020.03.05-17.29.26:880][  0]LogPakFile: Registered encryption key '00000000000000000000000000000000': 0 pak files mounted, 0 remain pending
[2020.03.05-17.29.27:016][  0]LogPakFile: Registered encryption key '00000000000000000000000000000000': 0 pak files mounted, 0 remain pending
[2020.03.05-17.29.27:190][  0]LogPakFile: Registered encryption key '00000000000000000000000000000000': 0 pak files mounted, 0 remain pending
[2020.03.05-17.29.27:330][  0]LogPakFile: Registered encryption key '00000000000000000000000000000000': 0 pak files mounted, 0 remain pending
[2020.03.05-17.29.27:454][  0]LogPakFile: Registered encryption key '00000000000000000000000000000000': 0 pak files mounted, 0 remain pending
[2020.03.05-17.29.27:586][  0]LogPakFile: Registered encryption key '00000000000000000000000000000000': 0 pak files mounted, 0 remain pending
[2020.03.05-17.29.27:702][  0]LogPakFile: Registered encryption key '00000000000000000000000000000000': 0 pak files mounted, 0 remain pending
[2020.03.05-17.29.27:837][  0]LogPakFile: Registered encryption key '00000000000000000000000000000000': 0 pak files mounted, 0 remain pending
[2020.03.05-17.29.28:005][  0]LogPakFile: Registered encryption key '00000000000000000000000000000000': 0 pak files mounted, 0 remain pending
[2020.03.05-17.29.28:117][  0]LogPakFile: Registered encryption key '00000000000000000000000000000000': 0 pak files mounted, 0 remain pending
[2020.03.05-17.29.28:251][  0]LogPakFile: Registered encryption key '00000000000000000000000000000000': 0 pak files mounted, 0 remain pending
[2020.03.05-17.29.28:356][  0]LogPakFile: Registered encryption key '00000000000000000000000000000000': 0 pak files mounted, 0 remain pending
[2020.03.05-17.29.28:463][  0]LogPakFile: Registered encryption key '00000000000000000000000000000000': 0 pak files mounted, 0 remain pending
[2020.03.05-17.29.28:649][  0]LogPakFile: Registered encryption key '00000000000000000000000000000000': 0 pak files mounted, 0 remain pending
[2020.03.05-17.29.28:841][  0]LogPakFile: Registered encryption key '00000000000000000000000000000000': 0 pak files mounted, 0 remain pending
[2020.03.05-17.29.29:030][  0]LogPakFile: Registered encryption key '00000000000000000000000000000000': 0 pak files mounted, 0 remain pending
[2020.03.05-17.29.29:149][  0]LogPakFile: Registered encryption key '00000000000000000000000000000000': 0 pak files mounted, 0 remain pending
[2020.03.05-17.29.33:244][  0]LogContentBrowser: Native class hierarchy updated for 'AddContentDialog' in 0.0005 seconds. Added 0 classes and 0 folders.
[2020.03.05-17.29.33:418][  0]LogContentBrowser: Native class hierarchy updated for 'SceneOutliner' in 0.0006 seconds. Added 1 classes and 2 folders.
[2020.03.05-17.29.33:820][  0]LogContentBrowser: Native class hierarchy updated for 'WorldBrowser' in 0.0006 seconds. Added 2 classes and 3 folders.
[2020.03.05-17.29.34:133][  0]LogSlate: Took 0.221901 seconds to synchronously load lazily loaded font '../../../Engine/Content/Slate/Fonts/Roboto-Regular.ttf' (155K)
[2020.03.05-17.29.34:331][  0]LogSlate: Took 0.193706 seconds to synchronously load lazily loaded font '../../../Engine/Content/Slate/Fonts/Roboto-Bold.ttf' (160K)
[2020.03.05-17.29.34:369][  0]LogSlate: Took 0.034697 seconds to synchronously load lazily loaded font '../../../Engine/Content/Editor/Slate/Fonts/FontAwesome.ttf' (139K)
[2020.03.05-17.29.34:436][  0]LogRenderer: Reallocating scene render targets to support 992x356 Format 9 NumSamples 1 (Frame:1).
[2020.03.05-17.29.34:928][  0]LogSlate: Took 0.066244 seconds to synchronously load lazily loaded font '../../../Engine/Content/Slate/Fonts/Roboto-Light.ttf' (167K)
[2020.03.05-17.29.35:221][  0]LogContentBrowser: Native class hierarchy updated for 'HierarchicalLODOutliner' in 0.0006 seconds. Added 0 classes and 0 folders.
[2020.03.05-17.29.35:222][  0]LogLoad: (Engine Initialization) Total time: 169.29 seconds
[2020.03.05-17.29.35:222][  0]LogLoad: (Engine Initialization) Total Blueprint compile time: 0.00 seconds
[2020.03.05-17.29.35:277][  0]LogAssetRegistry: Asset discovery search completed in 106.2980 seconds
[2020.03.05-17.29.35:281][  0]LogCollectionManager: Rebuilt the object cache for 0 collections in 0.000000 seconds (found 0 objects)
[2020.03.05-17.29.35:281][  0]LogCollectionManager: Fixed up redirectors for 0 collections in 0.000239 seconds (updated 0 objects)
[2020.03.05-17.29.35:282][  0]LogContentStreaming: Texture pool size now 400 MB
[2020.03.05-17.29.45:785][584]LogSlate: FSceneViewport::OnFocusLost() reason 0
[2020.03.05-17.29.45:819][586]LogTemp: Repeating last play command: Selected Viewport
[2020.03.05-17.29.45:844][586]LogBlueprintUserMessages: Early PlayInEditor Detection: Level '/Game/FirstPersonCPP/Maps/FirstPersonExampleMap.FirstPersonExampleMap:PersistentLevel' has LevelScriptBlueprint '/Game/FirstPersonCPP/Maps/FirstPersonExampleMap.FirstPersonExampleMap:PersistentLevel.FirstPersonExampleMap' with GeneratedClass '/Game/FirstPersonCPP/Maps/FirstPersonExampleMap.FirstPersonExampleMap_C' with ClassGeneratedBy '/Game/FirstPersonCPP/Maps/FirstPersonExampleMap.FirstPersonExampleMap:PersistentLevel.FirstPersonExampleMap'
[2020.03.05-17.29.45:844][586]LogPlayLevel: PlayLevel: No blueprints needed recompiling
[2020.03.05-17.29.45:845][586]PIE: New page: PIE session: FirstPersonExampleMap (Mar 5, 2020, 7:29:45 PM)
[2020.03.05-17.29.45:861][586]LogPlayLevel: Creating play world package: /Game/FirstPersonCPP/Maps/UEDPIE_0_FirstPersonExampleMap
[2020.03.05-17.29.45:884][586]LogPlayLevel: PIE: StaticDuplicateObject took: (0.023527s)
[2020.03.05-17.29.45:885][586]LogAIModule: Creating AISystem for world FirstPersonExampleMap
[2020.03.05-17.29.45:886][586]LogPlayLevel: PIE: World Init took: (0.001734s)
[2020.03.05-17.29.45:886][586]LogPlayLevel: PIE: Created PIE world by copying editor world from /Game/FirstPersonCPP/Maps/FirstPersonExampleMap.FirstPersonExampleMap to /Game/FirstPersonCPP/Maps/UEDPIE_0_FirstPersonExampleMap.FirstPersonExampleMap (0.026174s)
[2020.03.05-17.29.45:907][586]LogUObjectHash: Compacting FUObjectHashTables data took   1.26ms
[2020.03.05-17.29.45:917][586]LogInit: XAudio2 using 'Altavoces (Realtek High Definition Audio)' : 2 channels at 48 kHz using 32 bits per sample (channel mask 0x3)
[2020.03.05-17.29.45:936][586]LogInit: FAudioDevice initialized.
[2020.03.05-17.29.45:992][586]LogLoad: Game class is 'Inventory_C'
[2020.03.05-17.29.45:995][586]LogWorld: Bringing World /Game/FirstPersonCPP/Maps/UEDPIE_0_FirstPersonExampleMap.FirstPersonExampleMap up for play (max tick rate 60) at 2020.03.05-18.29.45
[2020.03.05-17.29.45:996][586]LogWorld: Bringing up level for play took: 0.002819
[2020.03.05-17.29.46:105][586]LogContentBrowser: Native class hierarchy updated for 'MovieSceneCapture' in 0.0006 seconds. Added 20 classes and 0 folders.
[2020.03.05-17.29.46:107][586]PIE: Play in editor start time for /Game/FirstPersonCPP/Maps/UEDPIE_0_FirstPersonExampleMap 1.239
[2020.03.05-17.29.46:107][586]LogBlueprintUserMessages: Late PlayInEditor Detection: Level '/Game/FirstPersonCPP/Maps/FirstPersonExampleMap.FirstPersonExampleMap:PersistentLevel' has LevelScriptBlueprint '/Game/FirstPersonCPP/Maps/FirstPersonExampleMap.FirstPersonExampleMap:PersistentLevel.FirstPersonExampleMap' with GeneratedClass '/Game/FirstPersonCPP/Maps/FirstPersonExampleMap.FirstPersonExampleMap_C' with ClassGeneratedBy '/Game/FirstPersonCPP/Maps/FirstPersonExampleMap.FirstPersonExampleMap:PersistentLevel.FirstPersonExampleMap'
[2020.03.05-17.29.48:542][723]LogSlate: FSceneViewport::OnFocusLost() reason 2
[2020.03.05-17.29.50:517][842]LogBlueprintUserMessages: Early EndPlayMap Detection: Level '/Game/FirstPersonCPP/Maps/FirstPersonExampleMap.FirstPersonExampleMap:PersistentLevel' has LevelScriptBlueprint '/Game/FirstPersonCPP/Maps/FirstPersonExampleMap.FirstPersonExampleMap:PersistentLevel.FirstPersonExampleMap' with GeneratedClass '/Game/FirstPersonCPP/Maps/FirstPersonExampleMap.FirstPersonExampleMap_C' with ClassGeneratedBy '/Game/FirstPersonCPP/Maps/FirstPersonExampleMap.FirstPersonExampleMap:PersistentLevel.FirstPersonExampleMap'
[2020.03.05-17.29.50:518][842]LogSlate: Updating window title bar state: overlay mode, drag disabled, window buttons hidden, title bar hidden
[2020.03.05-17.29.50:555][842]LogPlayLevel: Display: Shutting down PIE online subsystems
[2020.03.05-17.29.50:556][842]LogBlueprintUserMessages: Late EndPlayMap Detection: Level '/Game/FirstPersonCPP/Maps/FirstPersonExampleMap.FirstPersonExampleMap:PersistentLevel' has LevelScriptBlueprint '/Game/FirstPersonCPP/Maps/FirstPersonExampleMap.FirstPersonExampleMap:PersistentLevel.FirstPersonExampleMap' with GeneratedClass '/Game/FirstPersonCPP/Maps/FirstPersonExampleMap.FirstPersonExampleMap_C' with ClassGeneratedBy '/Game/FirstPersonCPP/Maps/FirstPersonExampleMap.FirstPersonExampleMap:PersistentLevel.FirstPersonExampleMap'
[2020.03.05-17.29.50:587][842]LogSlate: Updating window title bar state: overlay mode, drag disabled, window buttons hidden, title bar hidden
[2020.03.05-17.29.50:592][842]LogUObjectHash: Compacting FUObjectHashTables data took   2.19ms
[2020.03.05-17.29.50:619][843]LogPlayLevel: Display: Destroying online subsystem :Context_1
[2020.03.05-17.29.56:039][165]LogSlate: FSceneViewport::OnFocusLost() reason 0
[2020.03.05-17.29.56:132][170]LogSlate: Took 0.000953 seconds to synchronously load lazily loaded font '../../../Engine/Content/Slate/Fonts/Roboto-Light.ttf' (167K)
[2020.03.05-17.29.56:139][170]LogAssetEditorManager: Opening Asset editor for Blueprint /Game/InventorySystem/MyFirstItem.MyFirstItem
[2020.03.05-17.29.56:609][170]LogContentBrowser: Native class hierarchy updated for 'BlueprintGraph' in 0.0010 seconds. Added 121 classes and 0 folders.
[2020.03.05-17.29.57:768][170]LogSlate: Took 0.040877 seconds to synchronously load lazily loaded font '../../../Engine/Content/Slate/Fonts/Roboto-BoldCondensed.ttf' (158K)
[2020.03.05-17.29.57:961][171]LogSlate: Took 0.039049 seconds to synchronously load lazily loaded font '../../../Engine/Content/Slate/Fonts/Roboto-Italic.ttf' (157K)
[2020.03.05-17.30.54:452][276]LogSlate: Window 'Pick Parent Class' being destroyed
[2020.03.05-17.31.03:069][764]LogAssetEditorManager: Opening Asset editor for Blueprint /Game/InventorySystem/MySecondItem.MySecondItem
[2020.03.05-17.31.03:640][764]LogRenderer: Reallocating scene render targets to support 992x368 Format 9 NumSamples 1 (Frame:1).
[2020.03.05-17.31.15:336][157]LogSlate: Window 'MySecondItem' being destroyed
[2020.03.05-17.31.28:344][486]LogUObjectHash: Compacting FUObjectHashTables data took   6.20ms
[2020.03.05-17.31.28:684][486]LogSavePackage: Moving '../../../../../../Users/Felipe L/Desktop/Games/TankGame/InventorySystem_V1/Saved/FirstPersonExampleMapF9FD91854B2A28D73A8A748D52C7D1A8.tmp' to '../../../../../../Users/Felipe L/Desktop/Games/TankGame/InventorySystem_V1/Content/FirstPersonCPP/Maps/FirstPersonExampleMap.umap'
[2020.03.05-17.31.32:744][486]LogSavePackage: Moving '../../../../../../Users/Felipe L/Desktop/Games/TankGame/InventorySystem_V1/Saved/FirstPersonExampleMap_BuiltData39525D0F4B4EB302EE7A7EAA08C50279.tmp' to '../../../../../../Users/Felipe L/Desktop/Games/TankGame/InventorySystem_V1/Content/FirstPersonCPP/Maps/FirstPersonExampleMap_BuiltData.uasset'
[2020.03.05-17.31.35:291][629]Cmd: OBJ SAVEPACKAGE PACKAGE="/Game/InventorySystem/MySecondItem" FILE="../../../../../../Users/Felipe L/Desktop/Games/TankGame/InventorySystem_V1/Content/InventorySystem/MySecondItem.uasset" SILENT=true
[2020.03.05-17.31.35:364][629]LogSavePackage: Moving '../../../../../../Users/Felipe L/Desktop/Games/TankGame/InventorySystem_V1/Saved/MySecondItem6851D9124C9C2678E1245FB8584B7A00.tmp' to '../../../../../../Users/Felipe L/Desktop/Games/TankGame/InventorySystem_V1/Content/InventorySystem/MySecondItem.uasset'
[2020.03.05-17.31.36:512][694]LogUObjectHash: Compacting FUObjectHashTables data took   4.25ms
[2020.03.05-17.31.36:823][694]LogSlate: Window 'InventorySystem_V1 - Unreal Editor' being destroyed
[2020.03.05-17.31.36:842][694]LogWindowsTextInputMethodSystem: Display: IME system now deactivated.
[2020.03.05-17.31.37:268][695]Cmd: QUIT_EDITOR
[2020.03.05-17.31.38:517][695]LogExit: Preparing to exit.
[2020.03.05-17.31.40:260][695]LogExit: Editor shut down
[2020.03.05-17.31.40:262][695]LogExit: Transaction tracking system shut down
