Log file open, 03/22/20 04:43:51
LogWindows: Failed to load 'aqProf.dll' (GetLastError=126)
LogWindows: File 'aqProf.dll' does not exist
LogWindows: Failed to load 'VtuneApi.dll' (GetLastError=126)
LogWindows: File 'VtuneApi.dll' does not exist
LogWindows: Failed to load 'VtuneApi32e.dll' (GetLastError=126)
LogWindows: File 'VtuneApi32e.dll' does not exist
LogConsoleResponse: Display: Failed to find resolution value strings in scalability ini. Falling back to default.
LogInit: Display: Running engine for game: InventorySystem_V1
LogPakFile: Registered encryption key '00000000000000000000000000000000': 0 pak files mounted, 0 remain pending
LogPlatformFile: Not using cached read wrapper
LogTaskGraph: Started task graph with 5 named threads and 11 total threads with 3 sets of task threads.
LogStats: Stats thread started at 0.953494
LogD3D11RHI: Loaded GFSDK_Aftermath_Lib.x64.dll
LogICUInternationalization: ICU TimeZone Detection - Raw Offset: +1:00, Platform Override: ''
LogPluginManager: Mounting plugin Paper2D
LogPluginManager: Mounting plugin AISupport
LogPluginManager: Mounting plugin LightPropagationVolume
LogPluginManager: Mounting plugin ActorLayerUtilities
LogPluginManager: Mounting plugin AnimationSharing
LogPluginManager: Mounting plugin CLionSourceCodeAccess
LogPluginManager: Mounting plugin CodeLiteSourceCodeAccess
LogPluginManager: Mounting plugin GitSourceControl
LogPluginManager: Mounting plugin KDevelopSourceCodeAccess
LogPluginManager: Mounting plugin NullSourceCodeAccess
LogPluginManager: Mounting plugin PerforceSourceControl
LogPluginManager: Mounting plugin SubversionSourceControl
LogPluginManager: Mounting plugin UObjectPlugin
LogPluginManager: Mounting plugin VisualStudioCodeSourceCodeAccess
LogPluginManager: Mounting plugin VisualStudioSourceCodeAccess
LogPluginManager: Mounting plugin XCodeSourceCodeAccess
LogPluginManager: Mounting plugin AssetManagerEditor
LogPluginManager: Mounting plugin CryptoKeys
LogPluginManager: Mounting plugin DataValidation
LogPluginManager: Mounting plugin FacialAnimation
LogPluginManager: Mounting plugin GameplayTagsEditor
LogPluginManager: Mounting plugin MacGraphicsSwitching
LogPluginManager: Mounting plugin MaterialAnalyzer
LogPluginManager: Mounting plugin MobileLauncherProfileWizard
LogPluginManager: Mounting plugin PluginBrowser
LogPluginManager: Mounting plugin SpeedTreeImporter
LogPluginManager: Mounting plugin DatasmithContent
LogPluginManager: Mounting plugin VariantManagerContent
LogPluginManager: Mounting plugin AlembicImporter
LogPluginManager: Mounting plugin AppleImageUtils
LogPluginManager: Mounting plugin AppleVision
LogPluginManager: Mounting plugin BackChannel
LogPluginManager: Mounting plugin CharacterAI
LogPluginManager: Mounting plugin GeometryCache
LogPluginManager: Mounting plugin HTML5Networking
LogPluginManager: Mounting plugin ProxyLODPlugin
LogPluginManager: Mounting plugin SkeletalReduction
LogPluginManager: Mounting plugin MagicLeap
LogPluginManager: Mounting plugin MagicLeapMedia
LogPluginManager: Mounting plugin AndroidMedia
LogPluginManager: Mounting plugin AvfMedia
LogPluginManager: Mounting plugin ImgMedia
LogPluginManager: Mounting plugin LinearTimecode
LogPluginManager: Mounting plugin MediaCompositing
LogPluginManager: Mounting plugin MediaPlayerEditor
LogPluginManager: Mounting plugin WebMMedia
LogPluginManager: Mounting plugin WmfMedia
LogPluginManager: Mounting plugin TcpMessaging
LogPluginManager: Mounting plugin UdpMessaging
LogPluginManager: Mounting plugin ActorSequence
LogPluginManager: Mounting plugin LevelSequenceEditor
LogPluginManager: Mounting plugin MatineeToLevelSequence
LogPluginManager: Mounting plugin NetcodeUnitTest
LogPluginManager: Mounting plugin NUTUnrealEngine4
LogPluginManager: Mounting plugin OnlineSubsystemGooglePlay
LogPluginManager: Mounting plugin OnlineSubsystemIOS
LogPluginManager: Mounting plugin OnlineSubsystem
LogPluginManager: Mounting plugin OnlineSubsystemNull
LogPluginManager: Mounting plugin OnlineSubsystemUtils
LogPluginManager: Mounting plugin LauncherChunkInstaller
LogPluginManager: Mounting plugin AndroidDeviceProfileSelector
LogPluginManager: Mounting plugin AndroidMoviePlayer
LogPluginManager: Mounting plugin AndroidPermission
LogPluginManager: Mounting plugin AppleMoviePlayer
LogPluginManager: Mounting plugin ArchVisCharacter
LogPluginManager: Mounting plugin AudioCapture
LogPluginManager: Mounting plugin CableComponent
LogPluginManager: Mounting plugin CustomMeshComponent
LogPluginManager: Mounting plugin EditableMesh
LogPluginManager: Mounting plugin ExampleDeviceProfileSelector
LogPluginManager: Mounting plugin Firebase
LogPluginManager: Mounting plugin GoogleCloudMessaging
LogPluginManager: Mounting plugin IOSDeviceProfileSelector
LogPluginManager: Mounting plugin LinuxDeviceProfileSelector
LogPluginManager: Mounting plugin LocationServicesBPLibrary
LogPluginManager: Mounting plugin MobilePatchingUtils
LogPluginManager: Mounting plugin OculusVR
LogPluginManager: Mounting plugin PhysXVehicles
LogPluginManager: Mounting plugin ProceduralMeshComponent
LogPluginManager: Mounting plugin RuntimePhysXCooking
LogPluginManager: Mounting plugin SignificanceManager
LogPluginManager: Mounting plugin SteamVR
LogPluginManager: Mounting plugin WebMMoviePlayer
LogPluginManager: Mounting plugin WindowsMoviePlayer
LogInit: Using libcurl 7.55.1-DEV
LogInit:  - built for x86_64-pc-win32
LogInit:  - supports SSL with OpenSSL/1.1.1
LogInit:  - supports HTTP deflate (compression) using libz 1.2.8
LogInit:  - other features:
LogInit:      CURL_VERSION_SSL
LogInit:      CURL_VERSION_LIBZ
LogInit:      CURL_VERSION_IPV6
LogInit:      CURL_VERSION_ASYNCHDNS
LogInit:      CURL_VERSION_LARGEFILE
LogInit:      CURL_VERSION_IDN
LogInit:  CurlRequestOptions (configurable via config and command line):
LogInit:  - bVerifyPeer = true  - Libcurl will verify peer certificate
LogInit:  - bUseHttpProxy = false  - Libcurl will NOT use HTTP proxy
LogInit:  - bDontReuseConnections = false  - Libcurl will reuse connections
LogInit:  - MaxHostConnections = 16  - Libcurl will limit the number of connections to a host
LogInit:  - LocalHostAddr = Default
LogInit:  - BufferSize = 65536
LogInit: WinSock: version 1.1 (2.2), MaxSocks=32767, MaxUdp=65467
LogInit: Build: ++UE4+Release-4.22-CL-6063286
LogInit: Engine Version: 4.22.1-6063286+++UE4+Release-4.22
LogInit: Compatible Engine Version: 4.22.0-5660361+++UE4+Release-4.22
LogInit: Net CL: 5660361
LogInit: OS: Windows 10 (Release 1903) (), CPU: Intel(R) Core(TM) i7-6500U CPU @ 2.50GHz, GPU: Intel(R) HD Graphics 520
LogInit: Compiled (64-bit): Apr 24 2019 04:36:48
LogInit: Compiled with Visual C++: 19.16.27025.01
LogInit: Build Configuration: Development
LogInit: Branch Name: ++UE4+Release-4.22
LogInit: Command Line:  -skipcompile
LogInit: Base Directory: C:/Program Files/Epic Games/UE_4.22/Engine/Binaries/Win64/
LogInit: Installed Engine Build: 1
LogDevObjectVersion: Number of dev versions registered: 23
LogDevObjectVersion:   Dev-Blueprints (B0D832E4-1F89-4F0D-ACCF-7EB736FD4AA2): 10
LogDevObjectVersion:   Dev-Build (E1C64328-A22C-4D53-A36C-8E866417BD8C): 0
LogDevObjectVersion:   Dev-Core (375EC13C-06E4-48FB-B500-84F0262A717E): 3
LogDevObjectVersion:   Dev-Editor (E4B068ED-F494-42E9-A231-DA0B2E46BB41): 30
LogDevObjectVersion:   Dev-Framework (CFFC743F-43B0-4480-9391-14DF171D2073): 35
LogDevObjectVersion:   Dev-Mobile (B02B49B5-BB20-44E9-A304-32B752E40360): 2
LogDevObjectVersion:   Dev-Networking (A4E4105C-59A1-49B5-A7C5-40C4547EDFEE): 0
LogDevObjectVersion:   Dev-Online (39C831C9-5AE6-47DC-9A44-9C173E1C8E7C): 0
LogDevObjectVersion:   Dev-Physics (78F01B33-EBEA-4F98-B9B4-84EACCB95AA2): 0
LogDevObjectVersion:   Dev-Platform (6631380F-2D4D-43E0-8009-CF276956A95A): 0
LogDevObjectVersion:   Dev-Rendering (12F88B9F-8875-4AFC-A67C-D90C383ABD29): 28
LogDevObjectVersion:   Dev-Sequencer (7B5AE74C-D270-4C10-A958-57980B212A5A): 11
LogDevObjectVersion:   Dev-VR (D7296918-1DD6-4BDD-9DE2-64A83CC13884): 2
LogDevObjectVersion:   Dev-LoadTimes (C2A15278-BFE7-4AFE-6C17-90FF531DF755): 1
LogDevObjectVersion:   Private-Geometry (6EACA3D4-40EC-4CC1-B786-8BED09428FC5): 3
LogDevObjectVersion:   Dev-AnimPhys (29E575DD-E0A3-4627-9D10-D276232CDCEA): 17
LogDevObjectVersion:   Dev-Anim (AF43A65D-7FD3-4947-9873-3E8ED9C1BB05): 2
LogDevObjectVersion:   Dev-ReflectionCapture (6B266CEC-1EC7-4B8F-A30B-E4D90942FC07): 1
LogDevObjectVersion:   Dev-Automation (0DF73D61-A23F-47EA-B727-89E90C41499A): 1
LogDevObjectVersion:   FortniteMain (601D1886-AC64-4F84-AA16-D3DE0DEAC7D6): 25
LogDevObjectVersion:   Dev-Enterprise (9DFFBCD6-494F-0158-E221-12823C92A888): 6
LogDevObjectVersion:   Dev-Niagara (F2AED0AC-9AFE-416F-8664-AA7FFA26D6FC): 1
LogDevObjectVersion:   Dev-Destruction (174F1F0B-B4C6-45A5-B13F-2EE8D0FB917D): 2
LogInit: Presizing for max 16777216 objects, including 0 objects not considered by GC, pre-allocating 0 bytes for permanent pool.
LogInit: Object subsystem initialized
LogConfig: Setting CVar [[con.DebugEarlyDefault:1]]
LogConfig: Setting CVar [[r.setres:1280x720]]
[2020.03.22-03.43.52:898][  0]LogConfig: Setting CVar [[r.VSync:0]]
[2020.03.22-03.43.52:898][  0]LogConfig: Setting CVar [[r.RHICmdBypass:0]]
[2020.03.22-03.43.52:898][  0]LogConfig: Applying CVar settings from Section [/Script/Engine.RendererSettings] File [C:/Users/Felipe L/Desktop/Games/TankGameGit/InventorySystem_V1/Saved/Config/Windows/Engine.ini]
[2020.03.22-03.43.52:898][  0]LogConfig: Setting CVar [[r.GPUCrashDebugging:0]]
[2020.03.22-03.43.52:898][  0]LogConfig: Applying CVar settings from Section [/Script/Engine.RendererOverrideSettings] File [C:/Users/Felipe L/Desktop/Games/TankGameGit/InventorySystem_V1/Saved/Config/Windows/Engine.ini]
[2020.03.22-03.43.52:898][  0]LogConfig: Applying CVar settings from Section [/Script/Engine.StreamingSettings] File [C:/Users/Felipe L/Desktop/Games/TankGameGit/InventorySystem_V1/Saved/Config/Windows/Engine.ini]
[2020.03.22-03.43.52:899][  0]LogConfig: Setting CVar [[s.MinBulkDataSizeForAsyncLoading:131072]]
[2020.03.22-03.43.52:899][  0]LogConfig: Setting CVar [[s.AsyncLoadingThreadEnabled:0]]
[2020.03.22-03.43.52:899][  0]LogConfig: Setting CVar [[s.EventDrivenLoaderEnabled:1]]
[2020.03.22-03.43.52:899][  0]LogConfig: Setting CVar [[s.WarnIfTimeLimitExceeded:0]]
[2020.03.22-03.43.52:899][  0]LogConfig: Setting CVar [[s.TimeLimitExceededMultiplier:1.5]]
[2020.03.22-03.43.52:899][  0]LogConfig: Setting CVar [[s.TimeLimitExceededMinTime:0.005]]
[2020.03.22-03.43.52:899][  0]LogConfig: Setting CVar [[s.UseBackgroundLevelStreaming:1]]
[2020.03.22-03.43.52:899][  0]LogConfig: Setting CVar [[s.PriorityAsyncLoadingExtraTime:15.0]]
[2020.03.22-03.43.52:899][  0]LogConfig: Setting CVar [[s.LevelStreamingActorsUpdateTimeLimit:5.0]]
[2020.03.22-03.43.52:899][  0]LogConfig: Setting CVar [[s.PriorityLevelStreamingActorsUpdateExtraTime:5.0]]
[2020.03.22-03.43.52:899][  0]LogConfig: Setting CVar [[s.LevelStreamingComponentsRegistrationGranularity:10]]
[2020.03.22-03.43.52:899][  0]LogConfig: Setting CVar [[s.UnregisterComponentsTimeLimit:1.0]]
[2020.03.22-03.43.52:899][  0]LogConfig: Setting CVar [[s.LevelStreamingComponentsUnregistrationGranularity:5]]
[2020.03.22-03.43.52:899][  0]LogConfig: Applying CVar settings from Section [/Script/Engine.GarbageCollectionSettings] File [C:/Users/Felipe L/Desktop/Games/TankGameGit/InventorySystem_V1/Saved/Config/Windows/Engine.ini]
[2020.03.22-03.43.52:899][  0]LogConfig: Setting CVar [[gc.MaxObjectsNotConsideredByGC:1]]
[2020.03.22-03.43.52:899][  0]LogConfig: Setting CVar [[gc.SizeOfPermanentObjectPool:0]]
[2020.03.22-03.43.52:900][  0]LogConfig: Setting CVar [[gc.FlushStreamingOnGC:0]]
[2020.03.22-03.43.52:900][  0]LogConfig: Setting CVar [[gc.NumRetriesBeforeForcingGC:10]]
[2020.03.22-03.43.52:900][  0]LogConfig: Setting CVar [[gc.AllowParallelGC:1]]
[2020.03.22-03.43.52:900][  0]LogConfig: Setting CVar [[gc.TimeBetweenPurgingPendingKillObjects:61.1]]
[2020.03.22-03.43.52:900][  0]LogConfig: Setting CVar [[gc.MaxObjectsInEditor:16777216]]
[2020.03.22-03.43.52:900][  0]LogConfig: Setting CVar [[gc.IncrementalBeginDestroyEnabled:1]]
[2020.03.22-03.43.52:900][  0]LogConfig: Setting CVar [[gc.CreateGCClusters:1]]
[2020.03.22-03.43.52:900][  0]LogConfig: Setting CVar [[gc.MinGCClusterSize:5]]
[2020.03.22-03.43.52:900][  0]LogConfig: Setting CVar [[gc.ActorClusteringEnabled:0]]
[2020.03.22-03.43.52:900][  0]LogConfig: Setting CVar [[gc.BlueprintClusteringEnabled:0]]
[2020.03.22-03.43.52:900][  0]LogConfig: Setting CVar [[gc.UseDisregardForGCOnDedicatedServers:0]]
[2020.03.22-03.43.52:900][  0]LogConfig: Applying CVar settings from Section [/Script/Engine.NetworkSettings] File [C:/Users/Felipe L/Desktop/Games/TankGameGit/InventorySystem_V1/Saved/Config/Windows/Engine.ini]
[2020.03.22-03.43.52:900][  0]LogConfig: Applying CVar settings from Section [/Script/UnrealEd.CookerSettings] File [C:/Users/Felipe L/Desktop/Games/TankGameGit/InventorySystem_V1/Saved/Config/Windows/Engine.ini]
[2020.03.22-03.43.52:909][  0]LogConfig: Applying CVar settings from Section [ViewDistanceQuality@3] File [C:/Users/Felipe L/Desktop/Games/TankGameGit/InventorySystem_V1/Saved/Config/Windows/Scalability.ini]
[2020.03.22-03.43.52:910][  0]LogConfig: Setting CVar [[r.SkeletalMeshLODBias:0]]
[2020.03.22-03.43.52:911][  0]LogConfig: Setting CVar [[r.ViewDistanceScale:1.0]]
[2020.03.22-03.43.52:911][  0]LogConfig: Applying CVar settings from Section [AntiAliasingQuality@3] File [C:/Users/Felipe L/Desktop/Games/TankGameGit/InventorySystem_V1/Saved/Config/Windows/Scalability.ini]
[2020.03.22-03.43.52:911][  0]LogConfig: Setting CVar [[r.PostProcessAAQuality:4]]
[2020.03.22-03.43.52:911][  0]LogConfig: Applying CVar settings from Section [ShadowQuality@3] File [C:/Users/Felipe L/Desktop/Games/TankGameGit/InventorySystem_V1/Saved/Config/Windows/Scalability.ini]
[2020.03.22-03.43.52:911][  0]LogConfig: Setting CVar [[r.LightFunctionQuality:1]]
[2020.03.22-03.43.52:911][  0]LogConfig: Setting CVar [[r.ShadowQuality:5]]
[2020.03.22-03.43.52:911][  0]LogConfig: Setting CVar [[r.Shadow.CSM.MaxCascades:10]]
[2020.03.22-03.43.52:911][  0]LogConfig: Setting CVar [[r.Shadow.MaxResolution:2048]]
[2020.03.22-03.43.52:911][  0]LogConfig: Setting CVar [[r.Shadow.MaxCSMResolution:2048]]
[2020.03.22-03.43.52:911][  0]LogConfig: Setting CVar [[r.Shadow.RadiusThreshold:0.01]]
[2020.03.22-03.43.52:911][  0]LogConfig: Setting CVar [[r.Shadow.DistanceScale:1.0]]
[2020.03.22-03.43.52:911][  0]LogConfig: Setting CVar [[r.Shadow.CSM.TransitionScale:1.0]]
[2020.03.22-03.43.52:911][  0]LogConfig: Setting CVar [[r.Shadow.PreShadowResolutionFactor:1.0]]
[2020.03.22-03.43.52:911][  0]LogConfig: Setting CVar [[r.DistanceFieldShadowing:1]]
[2020.03.22-03.43.52:912][  0]LogConfig: Setting CVar [[r.DistanceFieldAO:1]]
[2020.03.22-03.43.52:912][  0]LogConfig: Setting CVar [[r.AOQuality:2]]
[2020.03.22-03.43.52:912][  0]LogConfig: Setting CVar [[r.VolumetricFog:1]]
[2020.03.22-03.43.52:912][  0]LogConfig: Setting CVar [[r.VolumetricFog.GridPixelSize:8]]
[2020.03.22-03.43.52:912][  0]LogConfig: Setting CVar [[r.VolumetricFog.GridSizeZ:128]]
[2020.03.22-03.43.52:912][  0]LogConfig: Setting CVar [[r.VolumetricFog.HistoryMissSupersampleCount:4]]
[2020.03.22-03.43.52:912][  0]LogConfig: Setting CVar [[r.LightMaxDrawDistanceScale:1]]
[2020.03.22-03.43.52:912][  0]LogConfig: Setting CVar [[r.CapsuleShadows:1]]
[2020.03.22-03.43.52:912][  0]LogConfig: Applying CVar settings from Section [PostProcessQuality@3] File [C:/Users/Felipe L/Desktop/Games/TankGameGit/InventorySystem_V1/Saved/Config/Windows/Scalability.ini]
[2020.03.22-03.43.52:912][  0]LogConfig: Setting CVar [[r.MotionBlurQuality:4]]
[2020.03.22-03.43.52:912][  0]LogConfig: Setting CVar [[r.AmbientOcclusionMipLevelFactor:0.4]]
[2020.03.22-03.43.52:912][  0]LogConfig: Setting CVar [[r.AmbientOcclusionMaxQuality:100]]
[2020.03.22-03.43.52:912][  0]LogConfig: Setting CVar [[r.AmbientOcclusionLevels:-1]]
[2020.03.22-03.43.52:912][  0]LogConfig: Setting CVar [[r.AmbientOcclusionRadiusScale:1.0]]
[2020.03.22-03.43.52:912][  0]LogConfig: Setting CVar [[r.DepthOfFieldQuality:2]]
[2020.03.22-03.43.52:913][  0]LogConfig: Setting CVar [[r.RenderTargetPoolMin:400]]
[2020.03.22-03.43.52:913][  0]LogConfig: Setting CVar [[r.LensFlareQuality:2]]
[2020.03.22-03.43.52:913][  0]LogConfig: Setting CVar [[r.SceneColorFringeQuality:1]]
[2020.03.22-03.43.52:913][  0]LogConfig: Setting CVar [[r.EyeAdaptationQuality:2]]
[2020.03.22-03.43.52:913][  0]LogConfig: Setting CVar [[r.BloomQuality:5]]
[2020.03.22-03.43.52:913][  0]LogConfig: Setting CVar [[r.FastBlurThreshold:100]]
[2020.03.22-03.43.52:913][  0]LogConfig: Setting CVar [[r.Upscale.Quality:3]]
[2020.03.22-03.43.52:913][  0]LogConfig: Setting CVar [[r.Tonemapper.GrainQuantization:1]]
[2020.03.22-03.43.52:913][  0]LogConfig: Setting CVar [[r.LightShaftQuality:1]]
[2020.03.22-03.43.52:913][  0]LogConfig: Setting CVar [[r.Filter.SizeScale:1]]
[2020.03.22-03.43.52:913][  0]LogConfig: Setting CVar [[r.Tonemapper.Quality:5]]
[2020.03.22-03.43.52:913][  0]LogConfig: Setting CVar [[r.DOF.Gather.AccumulatorQuality:1        ; higher gathering accumulator quality]]
[2020.03.22-03.43.52:913][  0]LogConfig: Setting CVar [[r.DOF.Gather.PostfilterMethod:1          ; Median3x3 postfilering method]]
[2020.03.22-03.43.52:913][  0]LogConfig: Setting CVar [[r.DOF.Gather.EnableBokehSettings:0       ; no bokeh simulation when gathering]]
[2020.03.22-03.43.52:914][  0]LogConfig: Setting CVar [[r.DOF.Gather.RingCount:4                 ; medium number of samples when gathering]]
[2020.03.22-03.43.52:914][  0]LogConfig: Setting CVar [[r.DOF.Scatter.ForegroundCompositing:1    ; additive foreground scattering]]
[2020.03.22-03.43.52:914][  0]LogConfig: Setting CVar [[r.DOF.Scatter.BackgroundCompositing:2    ; additive background scattering]]
[2020.03.22-03.43.52:914][  0]LogConfig: Setting CVar [[r.DOF.Scatter.EnableBokehSettings:1      ; bokeh simulation when scattering]]
[2020.03.22-03.43.52:914][  0]LogConfig: Setting CVar [[r.DOF.Scatter.MaxSpriteRatio:0.1         ; only a maximum of 10% of scattered bokeh]]
[2020.03.22-03.43.52:914][  0]LogConfig: Setting CVar [[r.DOF.Recombine.Quality:1                ; cheap slight out of focus]]
[2020.03.22-03.43.52:914][  0]LogConfig: Setting CVar [[r.DOF.Recombine.EnableBokehSettings:0    ; no bokeh simulation on slight out of focus]]
[2020.03.22-03.43.52:914][  0]LogConfig: Setting CVar [[r.DOF.TemporalAAQuality:1                ; more stable temporal accumulation]]
[2020.03.22-03.43.52:914][  0]LogConfig: Setting CVar [[r.DOF.Kernel.MaxForegroundRadius:0.025]]
[2020.03.22-03.43.52:915][  0]LogConfig: Setting CVar [[r.DOF.Kernel.MaxBackgroundRadius:0.025]]
[2020.03.22-03.43.52:915][  0]LogConfig: Applying CVar settings from Section [TextureQuality@3] File [C:/Users/Felipe L/Desktop/Games/TankGameGit/InventorySystem_V1/Saved/Config/Windows/Scalability.ini]
[2020.03.22-03.43.52:915][  0]LogConfig: Setting CVar [[r.Streaming.MipBias:0]]
[2020.03.22-03.43.52:915][  0]LogConfig: Setting CVar [[r.Streaming.AmortizeCPUToGPUCopy:0]]
[2020.03.22-03.43.52:915][  0]LogConfig: Setting CVar [[r.Streaming.MaxNumTexturesToStreamPerFrame:0]]
[2020.03.22-03.43.52:915][  0]LogConfig: Setting CVar [[r.Streaming.Boost:1]]
[2020.03.22-03.43.52:915][  0]LogConfig: Setting CVar [[r.MaxAnisotropy:8]]
[2020.03.22-03.43.52:915][  0]LogConfig: Setting CVar [[r.Streaming.LimitPoolSizeToVRAM:0]]
[2020.03.22-03.43.52:916][  0]LogConfig: Setting CVar [[r.Streaming.PoolSize:1000]]
[2020.03.22-03.43.52:916][  0]LogConfig: Setting CVar [[r.Streaming.MaxEffectiveScreenSize:0]]
[2020.03.22-03.43.52:916][  0]LogConfig: Applying CVar settings from Section [EffectsQuality@3] File [C:/Users/Felipe L/Desktop/Games/TankGameGit/InventorySystem_V1/Saved/Config/Windows/Scalability.ini]
[2020.03.22-03.43.52:916][  0]LogConfig: Setting CVar [[r.TranslucencyLightingVolumeDim:64]]
[2020.03.22-03.43.52:916][  0]LogConfig: Setting CVar [[r.RefractionQuality:2]]
[2020.03.22-03.43.52:916][  0]LogConfig: Setting CVar [[r.SSR.Quality:3]]
[2020.03.22-03.43.52:916][  0]LogConfig: Setting CVar [[r.SceneColorFormat:4]]
[2020.03.22-03.43.52:916][  0]LogConfig: Setting CVar [[r.DetailMode:2]]
[2020.03.22-03.43.52:916][  0]LogConfig: Setting CVar [[r.TranslucencyVolumeBlur:1]]
[2020.03.22-03.43.52:916][  0]LogConfig: Setting CVar [[r.MaterialQualityLevel:1 ; High quality]]
[2020.03.22-03.43.52:916][  0]LogConfig: Setting CVar [[r.SSS.Scale:1]]
[2020.03.22-03.43.52:916][  0]LogConfig: Setting CVar [[r.SSS.SampleSet:2]]
[2020.03.22-03.43.52:916][  0]LogConfig: Setting CVar [[r.SSS.Quality:1]]
[2020.03.22-03.43.52:916][  0]LogConfig: Setting CVar [[r.SSS.HalfRes:1]]
[2020.03.22-03.43.52:916][  0]LogConfig: Setting CVar [[r.EmitterSpawnRateScale:1.0]]
[2020.03.22-03.43.52:917][  0]LogConfig: Setting CVar [[r.ParticleLightQuality:2]]
[2020.03.22-03.43.52:917][  0]LogConfig: Applying CVar settings from Section [FoliageQuality@3] File [C:/Users/Felipe L/Desktop/Games/TankGameGit/InventorySystem_V1/Saved/Config/Windows/Scalability.ini]
[2020.03.22-03.43.52:917][  0]LogConfig: Setting CVar [[foliage.DensityScale:1.0]]
[2020.03.22-03.43.52:917][  0]LogConfig: Setting CVar [[grass.DensityScale:1.0]]
[2020.03.22-03.43.52:917][  0]LogInit: Selected Device Profile: [Windows]
[2020.03.22-03.43.52:917][  0]LogInit: Applying CVar settings loaded from the selected device profile: [Windows]
[2020.03.22-03.43.52:957][  0]LogHAL: Display: Platform has ~ 8 GB [8441831424 / 8589934592 / 8], which maps to Default [LargestMinGB=32, LargerMinGB=12, DefaultMinGB=8, SmallerMinGB=6, SmallestMinGB=0)
[2020.03.22-03.43.52:957][  0]LogConfig: Setting CVar [[r.Vulkan.UseRealUBs:0		; Required until we fix HLR fall-out]]
[2020.03.22-03.43.52:957][  0]LogInit: Going up to parent DeviceProfile []
[2020.03.22-03.43.52:957][  0]LogConfig: Applying CVar settings from Section [ViewDistanceQuality@0] File [C:/Users/Felipe L/Desktop/Games/TankGameGit/InventorySystem_V1/Saved/Config/Windows/Scalability.ini]
[2020.03.22-03.43.52:957][  0]LogConfig: Setting CVar [[r.SkeletalMeshLODBias:2]]
[2020.03.22-03.43.52:957][  0]LogConfig: Setting CVar [[r.ViewDistanceScale:0.4]]
[2020.03.22-03.43.52:957][  0]LogConfig: Applying CVar settings from Section [AntiAliasingQuality@0] File [C:/Users/Felipe L/Desktop/Games/TankGameGit/InventorySystem_V1/Saved/Config/Windows/Scalability.ini]
[2020.03.22-03.43.52:957][  0]LogConfig: Setting CVar [[r.PostProcessAAQuality:0]]
[2020.03.22-03.43.52:958][  0]LogConfig: Applying CVar settings from Section [ShadowQuality@0] File [C:/Users/Felipe L/Desktop/Games/TankGameGit/InventorySystem_V1/Saved/Config/Windows/Scalability.ini]
[2020.03.22-03.43.52:958][  0]LogConfig: Setting CVar [[r.LightFunctionQuality:0]]
[2020.03.22-03.43.52:958][  0]LogConfig: Setting CVar [[r.ShadowQuality:0]]
[2020.03.22-03.43.52:958][  0]LogConfig: Setting CVar [[r.Shadow.CSM.MaxCascades:1]]
[2020.03.22-03.43.52:958][  0]LogConfig: Setting CVar [[r.Shadow.MaxResolution:512]]
[2020.03.22-03.43.52:958][  0]LogConfig: Setting CVar [[r.Shadow.MaxCSMResolution:512]]
[2020.03.22-03.43.52:958][  0]LogConfig: Setting CVar [[r.Shadow.RadiusThreshold:0.06]]
[2020.03.22-03.43.52:958][  0]LogConfig: Setting CVar [[r.Shadow.DistanceScale:0.6]]
[2020.03.22-03.43.52:958][  0]LogConfig: Setting CVar [[r.Shadow.CSM.TransitionScale:0]]
[2020.03.22-03.43.52:958][  0]LogConfig: Setting CVar [[r.Shadow.PreShadowResolutionFactor:0.5]]
[2020.03.22-03.43.52:958][  0]LogConfig: Setting CVar [[r.DistanceFieldShadowing:0]]
[2020.03.22-03.43.52:958][  0]LogConfig: Setting CVar [[r.DistanceFieldAO:0]]
[2020.03.22-03.43.52:958][  0]LogConfig: Setting CVar [[r.VolumetricFog:0]]
[2020.03.22-03.43.52:958][  0]LogConfig: Setting CVar [[r.LightMaxDrawDistanceScale:0]]
[2020.03.22-03.43.52:959][  0]LogConfig: Setting CVar [[r.CapsuleShadows:0]]
[2020.03.22-03.43.52:959][  0]LogConfig: Applying CVar settings from Section [PostProcessQuality@0] File [C:/Users/Felipe L/Desktop/Games/TankGameGit/InventorySystem_V1/Saved/Config/Windows/Scalability.ini]
[2020.03.22-03.43.52:959][  0]LogConfig: Setting CVar [[r.MotionBlurQuality:0]]
[2020.03.22-03.43.52:959][  0]LogConfig: Setting CVar [[r.AmbientOcclusionMipLevelFactor:1.0]]
[2020.03.22-03.43.52:959][  0]LogConfig: Setting CVar [[r.AmbientOcclusionMaxQuality:0]]
[2020.03.22-03.43.52:959][  0]LogConfig: Setting CVar [[r.AmbientOcclusionLevels:0]]
[2020.03.22-03.43.52:959][  0]LogConfig: Setting CVar [[r.AmbientOcclusionRadiusScale:1.2]]
[2020.03.22-03.43.52:959][  0]LogConfig: Setting CVar [[r.DepthOfFieldQuality:0]]
[2020.03.22-03.43.52:959][  0]LogConfig: Setting CVar [[r.RenderTargetPoolMin:300]]
[2020.03.22-03.43.52:959][  0]LogConfig: Setting CVar [[r.LensFlareQuality:0]]
[2020.03.22-03.43.52:959][  0]LogConfig: Setting CVar [[r.SceneColorFringeQuality:0]]
[2020.03.22-03.43.52:959][  0]LogConfig: Setting CVar [[r.EyeAdaptationQuality:0]]
[2020.03.22-03.43.52:959][  0]LogConfig: Setting CVar [[r.BloomQuality:4]]
[2020.03.22-03.43.52:959][  0]LogConfig: Setting CVar [[r.FastBlurThreshold:0]]
[2020.03.22-03.43.52:960][  0]LogConfig: Setting CVar [[r.Upscale.Quality:1]]
[2020.03.22-03.43.52:960][  0]LogConfig: Setting CVar [[r.Tonemapper.GrainQuantization:0]]
[2020.03.22-03.43.52:960][  0]LogConfig: Setting CVar [[r.LightShaftQuality:0]]
[2020.03.22-03.43.52:960][  0]LogConfig: Setting CVar [[r.Filter.SizeScale:0.6]]
[2020.03.22-03.43.52:960][  0]LogConfig: Setting CVar [[r.Tonemapper.Quality:0]]
[2020.03.22-03.43.52:960][  0]LogConfig: Applying CVar settings from Section [TextureQuality@0] File [C:/Users/Felipe L/Desktop/Games/TankGameGit/InventorySystem_V1/Saved/Config/Windows/Scalability.ini]
[2020.03.22-03.43.52:960][  0]LogConfig: Setting CVar [[r.Streaming.MipBias:16]]
[2020.03.22-03.43.52:960][  0]LogConfig: Setting CVar [[r.Streaming.AmortizeCPUToGPUCopy:1]]
[2020.03.22-03.43.52:960][  0]LogConfig: Setting CVar [[r.Streaming.MaxNumTexturesToStreamPerFrame:1]]
[2020.03.22-03.43.52:960][  0]LogConfig: Setting CVar [[r.Streaming.Boost:0.3]]
[2020.03.22-03.43.52:960][  0]LogConfig: Setting CVar [[r.MaxAnisotropy:0]]
[2020.03.22-03.43.52:960][  0]LogConfig: Setting CVar [[r.Streaming.LimitPoolSizeToVRAM:1]]
[2020.03.22-03.43.52:960][  0]LogConfig: Setting CVar [[r.Streaming.PoolSize:400]]
[2020.03.22-03.43.52:960][  0]LogConfig: Setting CVar [[r.Streaming.MaxEffectiveScreenSize:0]]
[2020.03.22-03.43.52:960][  0]LogConfig: Applying CVar settings from Section [EffectsQuality@0] File [C:/Users/Felipe L/Desktop/Games/TankGameGit/InventorySystem_V1/Saved/Config/Windows/Scalability.ini]
[2020.03.22-03.43.52:961][  0]LogConfig: Setting CVar [[r.TranslucencyLightingVolumeDim:24]]
[2020.03.22-03.43.52:961][  0]LogConfig: Setting CVar [[r.RefractionQuality:0]]
[2020.03.22-03.43.52:961][  0]LogConfig: Setting CVar [[r.SSR.Quality:0]]
[2020.03.22-03.43.52:961][  0]LogConfig: Setting CVar [[r.SceneColorFormat:3]]
[2020.03.22-03.43.52:961][  0]LogConfig: Setting CVar [[r.DetailMode:0]]
[2020.03.22-03.43.52:961][  0]LogConfig: Setting CVar [[r.TranslucencyVolumeBlur:0]]
[2020.03.22-03.43.52:961][  0]LogConfig: Setting CVar [[r.MaterialQualityLevel:0 ; Low quality]]
[2020.03.22-03.43.52:961][  0]LogConfig: Setting CVar [[r.SSS.Scale:0]]
[2020.03.22-03.43.52:961][  0]LogConfig: Setting CVar [[r.SSS.SampleSet:0]]
[2020.03.22-03.43.52:961][  0]LogConfig: Setting CVar [[r.SSS.Quality:0]]
[2020.03.22-03.43.52:961][  0]LogConfig: Setting CVar [[r.SSS.HalfRes:1]]
[2020.03.22-03.43.52:961][  0]LogConfig: Setting CVar [[r.EmitterSpawnRateScale:0.125]]
[2020.03.22-03.43.52:961][  0]LogConfig: Setting CVar [[r.ParticleLightQuality:0]]
[2020.03.22-03.43.52:961][  0]LogConfig: Applying CVar settings from Section [FoliageQuality@0] File [C:/Users/Felipe L/Desktop/Games/TankGameGit/InventorySystem_V1/Saved/Config/Windows/Scalability.ini]
[2020.03.22-03.43.52:961][  0]LogConfig: Setting CVar [[foliage.DensityScale:0]]
[2020.03.22-03.43.52:961][  0]LogConfig: Setting CVar [[grass.DensityScale:0]]
[2020.03.22-03.43.52:962][  0]LogConfig: Applying CVar settings from Section [Startup] File [../../../Engine/Config/ConsoleVariables.ini]
[2020.03.22-03.43.52:962][  0]LogConfig: Setting CVar [[net.UseAdaptiveNetUpdateFrequency:0]]
[2020.03.22-03.43.52:962][  0]LogConfig: Setting CVar [[p.chaos.AllowCreatePhysxBodies:1]]
[2020.03.22-03.43.52:962][  0]LogConfig: Applying CVar settings from Section [ConsoleVariables] File [C:/Users/Felipe L/Desktop/Games/TankGameGit/InventorySystem_V1/Saved/Config/Windows/Engine.ini]
[2020.03.22-03.43.52:962][  0]LogInit: Computer: LAPTOP-G0QMGNUT
[2020.03.22-03.43.52:963][  0]LogInit: User: FelipeL
[2020.03.22-03.43.52:963][  0]LogInit: CPU Page size=4096, Cores=2
[2020.03.22-03.43.52:963][  0]LogInit: High frequency timer resolution =10.000000 MHz
[2020.03.22-03.43.52:963][  0]LogMemory: Memory total: Physical=7.9GB (8GB approx)
[2020.03.22-03.43.52:963][  0]LogMemory: Platform Memory Stats for Windows
[2020.03.22-03.43.52:963][  0]LogMemory: Process Physical Memory: 98.42 MB used, 98.42 MB peak
[2020.03.22-03.43.52:963][  0]LogMemory: Process Virtual Memory: 91.79 MB used, 91.79 MB peak
[2020.03.22-03.43.52:963][  0]LogMemory: Physical Memory: 4666.34 MB used,  3384.42 MB free, 8050.76 MB total
[2020.03.22-03.43.52:964][  0]LogMemory: Virtual Memory: 4628.96 MB used,  134213096.00 MB free, 134217728.00 MB total
[2020.03.22-03.43.53:603][  0]LogInit: Overriding language with editor language configuration option (en).
[2020.03.22-03.43.53:604][  0]LogInit: Overriding locale with editor locale configuration option (en).
[2020.03.22-03.43.54:332][  0]LogInit: Setting process to per monitor DPI aware
[2020.03.22-03.43.54:641][  0]LogSlate: New Slate User Created.  User Index 0, Is Virtual User: 0
[2020.03.22-03.43.54:641][  0]LogSlate: Slate User Registered.  User Index 0, Is Virtual User: 0
[2020.03.22-03.44.00:210][  0]LogHMD: Failed to initialize OpenVR with code 110
[2020.03.22-03.44.00:210][  0]LogD3D11RHI: D3D11 adapters:
[2020.03.22-03.44.00:578][  0]LogD3D11RHI:    0. 'AMD Radeon(TM) R7 M360' (Feature Level 11_0)
[2020.03.22-03.44.00:578][  0]LogD3D11RHI:       2035/0/4025 MB DedicatedVideo/DedicatedSystem/SharedSystem, Outputs:1, VendorId:0x1002
[2020.03.22-03.44.00:598][  0]LogD3D11RHI:    1. 'Intel(R) HD Graphics 520' (Feature Level 11_0)
[2020.03.22-03.44.00:598][  0]LogD3D11RHI:       128/0/4025 MB DedicatedVideo/DedicatedSystem/SharedSystem, Outputs:0, VendorId:0x8086
[2020.03.22-03.44.00:613][  0]LogD3D11RHI:    2. 'Microsoft Basic Render Driver' (Feature Level 11_0)
[2020.03.22-03.44.00:614][  0]LogD3D11RHI:       0/0/4025 MB DedicatedVideo/DedicatedSystem/SharedSystem, Outputs:0, VendorId:0x1414
[2020.03.22-03.44.00:614][  0]LogD3D11RHI: Chosen D3D11 Adapter: 0
[2020.03.22-03.44.00:711][  0]LogD3D11RHI: Creating new Direct3DDevice
[2020.03.22-03.44.00:711][  0]LogD3D11RHI:     GPU DeviceId: 0x6900 (for the marketing name, search the web for "GPU Device Id")
[2020.03.22-03.44.00:711][  0]LogWindows: EnumDisplayDevices:
[2020.03.22-03.44.00:712][  0]LogWindows:    0. 'Intel(R) HD Graphics 520' (P:1 D:1)
[2020.03.22-03.44.00:712][  0]LogWindows:    1. 'Intel(R) HD Graphics 520' (P:0 D:0)
[2020.03.22-03.44.00:713][  0]LogWindows:    2. 'Intel(R) HD Graphics 520' (P:0 D:0)
[2020.03.22-03.44.00:713][  0]LogWindows: DebugString: PrimaryIsNotTheChoosenAdapter PrimaryIsNotTheChoosenAdapter PrimaryIsNotTheChoosenAdapter FoundDriverCount:0 
[2020.03.22-03.44.00:714][  0]LogD3D11RHI:     Adapter Name: AMD Radeon(TM) R7 M360
[2020.03.22-03.44.00:714][  0]LogD3D11RHI:   Driver Version: Unknown (internal:Unknown, unified:Unknown)
[2020.03.22-03.44.00:714][  0]LogD3D11RHI:      Driver Date: Unknown
[2020.03.22-03.44.00:714][  0]LogRHI: Texture pool is 1424 MB (70% of 2035 MB)
[2020.03.22-03.44.00:837][  0]LogD3D11RHI: Async texture creation enabled
[2020.03.22-03.44.00:844][  0]LogRendererCore: FGlobalReadBuffer::InitRHI
[2020.03.22-03.44.00:846][  0]LogRendererCore: FGlobalReadBuffer::InitRHI
[2020.03.22-03.44.00:846][  0]LogRendererCore: FGlobalReadBuffer::InitRHI
[2020.03.22-03.44.00:855][  0]LogD3D11RHI: GPU Timing Frequency: 27.000000 (Debug: 2 1)
[2020.03.22-03.44.01:284][  0]LogTemp: Display: Module 'AllDesktopTargetPlatform' loaded TargetPlatform 'AllDesktop'
[2020.03.22-03.44.01:312][  0]LogTemp: Display: Module 'MacClientTargetPlatform' loaded TargetPlatform 'MacClient'
[2020.03.22-03.44.01:344][  0]LogTemp: Display: Module 'MacNoEditorTargetPlatform' loaded TargetPlatform 'MacNoEditor'
[2020.03.22-03.44.01:369][  0]LogTemp: Display: Module 'MacServerTargetPlatform' loaded TargetPlatform 'MacServer'
[2020.03.22-03.44.01:416][  0]LogTemp: Display: Module 'MacTargetPlatform' loaded TargetPlatform 'Mac'
[2020.03.22-03.44.01:455][  0]LogTemp: Display: Module 'WindowsClientTargetPlatform' loaded TargetPlatform 'WindowsClient'
[2020.03.22-03.44.01:480][  0]LogTemp: Display: Module 'WindowsNoEditorTargetPlatform' loaded TargetPlatform 'WindowsNoEditor'
[2020.03.22-03.44.01:551][  0]LogTemp: Display: Module 'WindowsServerTargetPlatform' loaded TargetPlatform 'WindowsServer'
[2020.03.22-03.44.01:568][  0]LogTemp: Display: Module 'WindowsTargetPlatform' loaded TargetPlatform 'Windows'
[2020.03.22-03.44.01:713][  0]LogTemp: Display: Module 'AndroidTargetPlatform' loaded TargetPlatform 'Android'
[2020.03.22-03.44.01:713][  0]LogTemp: Display: Module 'AndroidTargetPlatform' loaded TargetPlatform 'Android_ASTC'
[2020.03.22-03.44.01:713][  0]LogTemp: Display: Module 'AndroidTargetPlatform' loaded TargetPlatform 'Android_ATC'
[2020.03.22-03.44.01:713][  0]LogTemp: Display: Module 'AndroidTargetPlatform' loaded TargetPlatform 'Android_DXT'
[2020.03.22-03.44.01:713][  0]LogTemp: Display: Module 'AndroidTargetPlatform' loaded TargetPlatform 'Android_ETC1'
[2020.03.22-03.44.01:713][  0]LogTemp: Display: Module 'AndroidTargetPlatform' loaded TargetPlatform 'Android_ETC1a'
[2020.03.22-03.44.01:713][  0]LogTemp: Display: Module 'AndroidTargetPlatform' loaded TargetPlatform 'Android_ETC2'
[2020.03.22-03.44.01:714][  0]LogTemp: Display: Module 'AndroidTargetPlatform' loaded TargetPlatform 'Android_PVRTC'
[2020.03.22-03.44.01:714][  0]LogTemp: Display: Module 'AndroidTargetPlatform' loaded TargetPlatform 'AndroidClient'
[2020.03.22-03.44.01:714][  0]LogTemp: Display: Module 'AndroidTargetPlatform' loaded TargetPlatform 'Android_ASTCClient'
[2020.03.22-03.44.01:714][  0]LogTemp: Display: Module 'AndroidTargetPlatform' loaded TargetPlatform 'Android_ATCClient'
[2020.03.22-03.44.01:714][  0]LogTemp: Display: Module 'AndroidTargetPlatform' loaded TargetPlatform 'Android_DXTClient'
[2020.03.22-03.44.01:714][  0]LogTemp: Display: Module 'AndroidTargetPlatform' loaded TargetPlatform 'Android_ETC1Client'
[2020.03.22-03.44.01:714][  0]LogTemp: Display: Module 'AndroidTargetPlatform' loaded TargetPlatform 'Android_ETC1aClient'
[2020.03.22-03.44.01:714][  0]LogTemp: Display: Module 'AndroidTargetPlatform' loaded TargetPlatform 'Android_ETC2Client'
[2020.03.22-03.44.01:714][  0]LogTemp: Display: Module 'AndroidTargetPlatform' loaded TargetPlatform 'Android_PVRTCClient'
[2020.03.22-03.44.01:714][  0]LogTemp: Display: Module 'AndroidTargetPlatform' loaded TargetPlatform 'Android_Multi'
[2020.03.22-03.44.01:714][  0]LogTemp: Display: Module 'AndroidTargetPlatform' loaded TargetPlatform 'Android_MultiClient'
[2020.03.22-03.44.01:771][  0]LogTemp: Display: Module 'HTML5TargetPlatform' loaded TargetPlatform 'HTML5'
[2020.03.22-03.44.01:905][  0]LogTemp: Display: Module 'IOSTargetPlatform' loaded TargetPlatform 'IOSClient'
[2020.03.22-03.44.01:905][  0]LogTemp: Display: Module 'IOSTargetPlatform' loaded TargetPlatform 'IOS'
[2020.03.22-03.44.01:956][  0]LogTemp: Display: Module 'TVOSTargetPlatform' loaded TargetPlatform 'TVOSClient'
[2020.03.22-03.44.01:956][  0]LogTemp: Display: Module 'TVOSTargetPlatform' loaded TargetPlatform 'TVOS'
[2020.03.22-03.44.02:022][  0]LogTemp: Display: Module 'LinuxClientTargetPlatform' loaded TargetPlatform 'LinuxClient'
[2020.03.22-03.44.02:053][  0]LogTemp: Display: Module 'LinuxNoEditorTargetPlatform' loaded TargetPlatform 'LinuxNoEditor'
[2020.03.22-03.44.02:071][  0]LogTemp: Display: Module 'LinuxServerTargetPlatform' loaded TargetPlatform 'LinuxServer'
[2020.03.22-03.44.02:128][  0]LogTemp: Display: Module 'LinuxTargetPlatform' loaded TargetPlatform 'Linux'
[2020.03.22-03.44.02:188][  0]LogTemp: Display: Module 'LuminTargetPlatform' loaded TargetPlatform 'Lumin'
[2020.03.22-03.44.02:188][  0]LogTemp: Display: Module 'LuminTargetPlatform' loaded TargetPlatform 'LuminClient'
[2020.03.22-03.44.02:188][  0]LogTargetPlatformManager: Display: Building Assets For Windows
[2020.03.22-03.44.02:330][  0]LogAudioDebug: Display: Lib vorbis DLL was dynamically loaded.
[2020.03.22-03.44.02:817][  0]LogShaderCompilers: Guid format shader working directory is -28 characters bigger than the processId version (../../../../../../Users/Felipe L/Desktop/Games/TankGameGit/InventorySystem_V1/Intermediate/Shaders/WorkingDirectory/4476/).
[2020.03.22-03.44.02:818][  0]LogShaderCompilers: Cleaned the shader compiler working directory 'C:/Users/Felipe L/AppData/Local/Temp/UnrealShaderWorkingDir/7811327246E84041D205B39D6DC19C3A/'.
[2020.03.22-03.44.02:831][  0]LogXGEController: Cleaning working directory: C:/Users/Felipe L/AppData/Local/Temp/UnrealXGEWorkingDir/
[2020.03.22-03.44.02:831][  0]LogXGEController: Cannot use XGE Controller as Incredibuild is not installed on this machine.
[2020.03.22-03.44.02:832][  0]LogShaderCompilers: Cannot use XGE Shader Compiler as Incredibuild is not installed on this machine.
[2020.03.22-03.44.02:832][  0]LogShaderCompilers: Display: Using Local Shader Compiler.
[2020.03.22-03.44.08:241][  0]LogDerivedDataCache: Display: Max Cache Size: 512 MB
[2020.03.22-03.44.09:222][  0]LogDerivedDataCache: Loaded boot cache 0.98s 74MB C:/Users/Felipe L/AppData/Local/UnrealEngine/4.22/DerivedDataCache/Boot.ddc.
[2020.03.22-03.44.09:223][  0]LogDerivedDataCache: Display: Loaded Boot cache: C:/Users/Felipe L/AppData/Local/UnrealEngine/4.22/DerivedDataCache/Boot.ddc
[2020.03.22-03.44.09:223][  0]LogDerivedDataCache: FDerivedDataBackendGraph:  Pak pak cache file ../../../../../../Users/Felipe L/Desktop/Games/TankGameGit/InventorySystem_V1/DerivedDataCache/DDC.ddp not found, will not use a pak cache.
[2020.03.22-03.44.09:223][  0]LogDerivedDataCache: Unable to find inner node Pak for hierarchical cache Hierarchy.
[2020.03.22-03.44.09:223][  0]LogDerivedDataCache: FDerivedDataBackendGraph:  CompressedPak pak cache file ../../../../../../Users/Felipe L/Desktop/Games/TankGameGit/InventorySystem_V1/DerivedDataCache/Compressed.ddp not found, will not use a pak cache.
[2020.03.22-03.44.09:223][  0]LogDerivedDataCache: Unable to find inner node CompressedPak for hierarchical cache Hierarchy.
[2020.03.22-03.44.09:238][  0]LogDerivedDataCache: Display: Pak cache opened for reading ../../../Engine/DerivedDataCache/Compressed.ddp.
[2020.03.22-03.44.09:239][  0]LogDerivedDataCache: FDerivedDataBackendGraph:  EnterprisePak pak cache file ../../../Enterprise/DerivedDataCache/Compressed.ddp not found, will not use a pak cache.
[2020.03.22-03.44.09:239][  0]LogDerivedDataCache: Unable to find inner node EnterprisePak for hierarchical cache Hierarchy.
[2020.03.22-03.44.09:272][  0]LogDerivedDataCache: Using Local data cache path C:/Users/Felipe L/AppData/Local/UnrealEngine/Common/DerivedDataCache: Writable
[2020.03.22-03.44.09:272][  0]LogDerivedDataCache: Shared data cache path not found in *engine.ini, will not use an Shared cache.
[2020.03.22-03.44.09:272][  0]LogDerivedDataCache: Unable to find inner node Shared for hierarchical cache Hierarchy.
[2020.03.22-03.44.09:304][  0]LogMaterial: Verifying Global Shaders for PCD3D_SM5
[2020.03.22-03.44.09:306][  0]LogSlate: Using FreeType 2.6.0
[2020.03.22-03.44.09:366][  0]LogSlate: SlateFontServices - WITH_FREETYPE: 1, WITH_HARFBUZZ: 1
[2020.03.22-03.44.11:848][  0]LogAssetRegistry: FAssetRegistry took 0.0411 seconds to start up
[2020.03.22-03.44.12:268][  0]LogInit: Selected Device Profile: [Windows]
[2020.03.22-03.44.13:249][  0]LogMeshReduction: Using QuadricMeshReduction for automatic static mesh reduction
[2020.03.22-03.44.13:249][  0]LogMeshReduction: Using SimplygonMeshReduction for automatic skeletal mesh reduction
[2020.03.22-03.44.13:249][  0]LogMeshReduction: Using ProxyLODMeshReduction for automatic mesh merging
[2020.03.22-03.44.13:249][  0]LogMeshReduction: No distributed automatic mesh merging module available
[2020.03.22-03.44.13:250][  0]LogMeshMerging: No distributed automatic mesh merging module available
[2020.03.22-03.44.13:267][  0]LogNetVersion: InventorySystem_V1 1.0.0, NetCL: 5660361, EngineNetVer: 10, GameNetVer: 0 (Checksum: 3935092218)
[2020.03.22-03.44.14:534][  0]LogPackageLocalizationCache: Processed 10 localized package path(s) for 1 prioritized culture(s) in 0.210934 seconds
[2020.03.22-03.44.14:542][  0]LogUObjectArray: 42205 objects as part of root set at end of initial load.
[2020.03.22-03.44.14:542][  0]LogUObjectAllocator: 7325032 out of 0 bytes used by permanent object pool.
[2020.03.22-03.44.14:542][  0]LogUObjectArray: CloseDisregardForGC: 0/0 objects in disregard for GC pool
[2020.03.22-03.44.41:971][  0]LogTcpMessaging: Initializing TcpMessaging bridge
[2020.03.22-03.44.42:037][  0]LogUdpMessaging: Initializing bridge on interface 0.0.0.0:0 to multicast group 230.0.0.1:6666.
[2020.03.22-03.44.43:380][  0]SourceControl: Source control is disabled
[2020.03.22-03.44.43:380][  0]SourceControl: Source control is disabled
[2020.03.22-03.44.43:411][  0]SourceControl: Source control is disabled
[2020.03.22-03.44.43:424][  0]SourceControl: Source control is disabled
[2020.03.22-03.44.44:020][  0]LogAndroidPermission: UAndroidPermissionCallbackProxy::GetInstance
[2020.03.22-03.44.44:404][  0]LogOcInput: OculusInput pre-init called
[2020.03.22-03.44.45:487][  0]LogEngine: Initializing Engine...
[2020.03.22-03.44.45:488][  0]LogHMD: Failed to initialize OpenVR with code 110
[2020.03.22-03.44.45:489][  0]LogStats: UGameplayTagsManager::InitializeManager -  0.000 s
[2020.03.22-03.44.45:769][  0]LogInit: Initializing FReadOnlyCVARCache
[2020.03.22-03.44.45:911][  0]LogAIModule: Creating AISystem for world Untitled
[2020.03.22-03.44.45:946][  0]LogInit: XAudio2 using 'Altavoces (Realtek High Definition Audio)' : 2 channels at 48 kHz using 32 bits per sample (channel mask 0x3)
[2020.03.22-03.44.46:100][  0]LogInit: FAudioDevice initialized.
[2020.03.22-03.44.46:100][  0]LogNetVersion: Set ProjectVersion to 1.0.0.0. Version Checksum will be recalculated on next use.
[2020.03.22-03.44.46:368][  0]LogDerivedDataCache: Saved boot cache 0.27s 76MB C:/Users/Felipe L/AppData/Local/UnrealEngine/4.22/DerivedDataCache/Boot.ddc.
[2020.03.22-03.44.46:384][  0]LogInit: Texture streaming: Enabled
[2020.03.22-03.44.46:729][  0]LogEngineSessionManager: EngineSessionManager initialized
[2020.03.22-03.44.46:875][  0]LogEngineSessionManager: EngineSessionManager sent abnormal shutdown report. Type=Debugger, SessionId={1BA988B0-484E-057C-E103-7DA23BFD0F9E}
[2020.03.22-03.44.47:087][  0]LogInit: Transaction tracking system initialized
[2020.03.22-03.44.47:531][  0]BlueprintLog: New page: Editor Load
[2020.03.22-03.44.48:291][  0]LocalizationService: Localization service is disabled
[2020.03.22-03.44.50:367][  0]LogFileCache: Scanning file cache for directory 'C:/Users/Felipe L/Desktop/Games/TankGameGit/InventorySystem_V1/Content/' took 0.02s
[2020.03.22-03.44.50:368][  0]LogCook: Display: Max memory allowance for cook 16384mb min free memory 0mb
[2020.03.22-03.44.50:368][  0]LogCook: Display: Mobile HDR setting 1
[2020.03.22-03.44.52:176][  0]SourceControl: Source control is disabled
[2020.03.22-03.44.52:176][  0]Cmd: MAP LOAD FILE="../../../../../../Users/Felipe L/Desktop/Games/TankGameGit/InventorySystem_V1/Content/FirstPersonCPP/Maps/FirstPersonExampleMap.umap" TEMPLATE=0 SHOWPROGRESS=1 FEATURELEVEL=3
[2020.03.22-03.44.52:177][  0]LightingResults: New page: Lighting Build
[2020.03.22-03.44.52:200][  0]MapCheck: New page: Map Check
[2020.03.22-03.44.52:200][  0]LightingResults: New page: Lighting Build
[2020.03.22-03.44.52:231][  0]LogUObjectHash: Compacting FUObjectHashTables data took   2.38ms
[2020.03.22-03.44.53:024][  0]LogAIModule: Creating AISystem for world FirstPersonExampleMap
[2020.03.22-03.44.53:048][  0]LogEditorServer: Finished looking for orphan Actors (0.000 secs)
[2020.03.22-03.44.53:143][  0]LogUObjectHash: Compacting FUObjectHashTables data took   2.29ms
[2020.03.22-03.44.53:143][  0]Cmd: MAP CHECKDEP NOCLEARLOG
[2020.03.22-03.44.53:144][  0]MapCheck: Map check complete: 0 Error(s), 0 Warning(s), took 0.344ms to complete.
[2020.03.22-03.44.53:144][  0]LogFileHelpers: Loading map 'FirstPersonExampleMap' took 0.967
[2020.03.22-03.44.53:436][  0]LogSlate: Updating window title bar state: overlay mode, drag disabled, window buttons hidden, title bar hidden
[2020.03.22-03.44.53:452][  0]LogSlate: Updating window title bar state: overlay mode, drag disabled, window buttons hidden, title bar hidden
[2020.03.22-03.44.53:470][  0]LogSlate: Updating window title bar state: overlay mode, drag disabled, window buttons hidden, title bar hidden
[2020.03.22-03.44.53:485][  0]LogSlate: Updating window title bar state: overlay mode, drag disabled, window buttons hidden, title bar hidden
[2020.03.22-03.44.53:523][  0]LogCollectionManager: Loaded 0 collections in 0.003110 seconds
[2020.03.22-03.44.53:563][  0]LogFileCache: Scanning file cache for directory 'C:/Users/Felipe L/Desktop/Games/TankGameGit/InventorySystem_V1/Saved/Collections/' took 0.02s
[2020.03.22-03.44.53:563][  0]LogFileCache: Scanning file cache for directory 'C:/Users/Felipe L/Desktop/Games/TankGameGit/InventorySystem_V1/Content/Developers/FelipeL/Collections/' took 0.00s
[2020.03.22-03.44.53:563][  0]LogFileCache: Scanning file cache for directory 'C:/Users/Felipe L/Desktop/Games/TankGameGit/InventorySystem_V1/Content/Collections/' took 0.00s
[2020.03.22-03.44.53:563][  0]LogCollectionManager: Rebuilt the GUID cache for 0 collections in 0.000001 seconds
[2020.03.22-03.44.53:575][  0]LogContentBrowser: Native class hierarchy populated in 0.0113 seconds. Added 2741 classes and 664 folders.
[2020.03.22-03.44.53:621][  0]LogContentBrowser: Native class hierarchy updated for 'WidgetCarousel' in 0.0006 seconds. Added 0 classes and 0 folders.
[2020.03.22-03.44.53:748][  0]LogPakFile: Registered encryption key '00000000000000000000000000000000': 0 pak files mounted, 0 remain pending
[2020.03.22-03.44.53:793][  0]LogPakFile: Registered encryption key '00000000000000000000000000000000': 0 pak files mounted, 0 remain pending
[2020.03.22-03.44.53:824][  0]LogPakFile: Registered encryption key '00000000000000000000000000000000': 0 pak files mounted, 0 remain pending
[2020.03.22-03.44.53:900][  0]LogPakFile: Registered encryption key '00000000000000000000000000000000': 0 pak files mounted, 0 remain pending
[2020.03.22-03.44.53:917][  0]LogPakFile: Registered encryption key '00000000000000000000000000000000': 0 pak files mounted, 0 remain pending
[2020.03.22-03.44.53:962][  0]LogPakFile: Registered encryption key '00000000000000000000000000000000': 0 pak files mounted, 0 remain pending
[2020.03.22-03.44.53:988][  0]LogPakFile: Registered encryption key '00000000000000000000000000000000': 0 pak files mounted, 0 remain pending
[2020.03.22-03.44.54:001][  0]LogPakFile: Registered encryption key '00000000000000000000000000000000': 0 pak files mounted, 0 remain pending
[2020.03.22-03.44.54:019][  0]LogPakFile: Registered encryption key '00000000000000000000000000000000': 0 pak files mounted, 0 remain pending
[2020.03.22-03.44.54:043][  0]LogPakFile: Registered encryption key '00000000000000000000000000000000': 0 pak files mounted, 0 remain pending
[2020.03.22-03.44.54:059][  0]LogPakFile: Registered encryption key '00000000000000000000000000000000': 0 pak files mounted, 0 remain pending
[2020.03.22-03.44.54:070][  0]LogPakFile: Registered encryption key '00000000000000000000000000000000': 0 pak files mounted, 0 remain pending
[2020.03.22-03.44.54:104][  0]LogPakFile: Registered encryption key '00000000000000000000000000000000': 0 pak files mounted, 0 remain pending
[2020.03.22-03.44.54:198][  0]LogPakFile: Registered encryption key '00000000000000000000000000000000': 0 pak files mounted, 0 remain pending
[2020.03.22-03.44.54:227][  0]LogPakFile: Registered encryption key '00000000000000000000000000000000': 0 pak files mounted, 0 remain pending
[2020.03.22-03.44.54:249][  0]LogPakFile: Registered encryption key '00000000000000000000000000000000': 0 pak files mounted, 0 remain pending
[2020.03.22-03.44.54:349][  0]LogPakFile: Registered encryption key '00000000000000000000000000000000': 0 pak files mounted, 0 remain pending
[2020.03.22-03.44.54:377][  0]LogPakFile: Registered encryption key '00000000000000000000000000000000': 0 pak files mounted, 0 remain pending
[2020.03.22-03.44.54:397][  0]LogPakFile: Registered encryption key '00000000000000000000000000000000': 0 pak files mounted, 0 remain pending
[2020.03.22-03.44.54:527][  0]LogPakFile: Registered encryption key '00000000000000000000000000000000': 0 pak files mounted, 0 remain pending
[2020.03.22-03.44.54:549][  0]LogPakFile: Registered encryption key '00000000000000000000000000000000': 0 pak files mounted, 0 remain pending
[2020.03.22-03.44.54:564][  0]LogPakFile: Registered encryption key '00000000000000000000000000000000': 0 pak files mounted, 0 remain pending
[2020.03.22-03.44.54:588][  0]LogPakFile: Registered encryption key '00000000000000000000000000000000': 0 pak files mounted, 0 remain pending
[2020.03.22-03.44.54:612][  0]LogPakFile: Registered encryption key '00000000000000000000000000000000': 0 pak files mounted, 0 remain pending
[2020.03.22-03.44.54:633][  0]LogPakFile: Registered encryption key '00000000000000000000000000000000': 0 pak files mounted, 0 remain pending
[2020.03.22-03.44.54:656][  0]LogPakFile: Registered encryption key '00000000000000000000000000000000': 0 pak files mounted, 0 remain pending
[2020.03.22-03.44.56:447][  0]LogContentBrowser: Native class hierarchy updated for 'AddContentDialog' in 0.0005 seconds. Added 0 classes and 0 folders.
[2020.03.22-03.44.56:485][  0]LogContentBrowser: Native class hierarchy updated for 'SceneOutliner' in 0.0005 seconds. Added 1 classes and 2 folders.
[2020.03.22-03.44.56:549][  0]LogContentBrowser: Native class hierarchy updated for 'WorldBrowser' in 0.0006 seconds. Added 2 classes and 3 folders.
[2020.03.22-03.44.56:710][  0]LogSlate: Took 0.072046 seconds to synchronously load lazily loaded font '../../../Engine/Content/Slate/Fonts/Roboto-Regular.ttf' (155K)
[2020.03.22-03.44.56:731][  0]LogSlate: Took 0.016601 seconds to synchronously load lazily loaded font '../../../Engine/Content/Slate/Fonts/Roboto-Bold.ttf' (160K)
[2020.03.22-03.44.56:750][  0]LogSlate: Took 0.016344 seconds to synchronously load lazily loaded font '../../../Engine/Content/Editor/Slate/Fonts/FontAwesome.ttf' (139K)
[2020.03.22-03.44.56:820][  0]LogRenderer: Reallocating scene render targets to support 992x376 Format 9 NumSamples 1 (Frame:1).
[2020.03.22-03.44.57:350][  0]LogSlate: Took 0.030594 seconds to synchronously load lazily loaded font '../../../Engine/Content/Slate/Fonts/Roboto-Light.ttf' (167K)
[2020.03.22-03.44.57:515][  0]LogContentBrowser: Native class hierarchy updated for 'HierarchicalLODOutliner' in 0.0005 seconds. Added 0 classes and 0 folders.
[2020.03.22-03.44.57:516][  0]LogLoad: (Engine Initialization) Total time: 70.36 seconds
[2020.03.22-03.44.57:516][  0]LogLoad: (Engine Initialization) Total Blueprint compile time: 0.00 seconds
[2020.03.22-03.44.57:581][  0]LogAssetRegistry: Asset discovery search completed in 45.7593 seconds
[2020.03.22-03.44.57:585][  0]LogCollectionManager: Rebuilt the object cache for 0 collections in 0.000001 seconds (found 0 objects)
[2020.03.22-03.44.57:585][  0]LogCollectionManager: Fixed up redirectors for 0 collections in 0.000265 seconds (updated 0 objects)
[2020.03.22-03.44.57:587][  0]LogContentStreaming: Texture pool size now 400 MB
[2020.03.22-03.44.57:669][  1]LogFileCache: Retrieving MD5 hashes for directory 'C:/Users/Felipe L/Desktop/Games/TankGameGit/InventorySystem_V1/Content/' took 0.12s
[2020.03.22-03.45.00:548][266]LogSlate: Took 0.000208 seconds to synchronously load lazily loaded font '../../../Engine/Content/Slate/Fonts/Roboto-Light.ttf' (167K)
[2020.03.22-03.45.05:843][870]LogSlate: FSceneViewport::OnFocusLost() reason 0
[2020.03.22-03.45.05:976][880]AssetReimport: New page: Outstanding source content changes 5:45:05 AM
[2020.03.22-03.45.06:010][881]LogFactory: FactoryCreateFile: Texture with ReimportTextureFactory (0 0 C:/Users/Felipe L/Desktop/Games/TankGameGit/InventorySystem_V1/Content/ImageInventory/4.png)
[2020.03.22-03.45.06:214][882]LogFactory: FactoryCreateFile: Texture with ReimportTextureFactory (0 0 C:/Users/Felipe L/Desktop/Games/TankGameGit/InventorySystem_V1/Content/ImageInventory/5.png)
[2020.03.22-03.45.06:280][883]LogFactory: FactoryCreateFile: Texture with ReimportTextureFactory (0 0 C:/Users/Felipe L/Desktop/Games/TankGameGit/InventorySystem_V1/Content/ImageInventory/6.png)
[2020.03.22-03.45.06:393][884]LogFactory: FactoryCreateFile: Texture with ReimportTextureFactory (0 0 C:/Users/Felipe L/Desktop/Games/TankGameGit/InventorySystem_V1/Content/ImageInventory/7.png)
[2020.03.22-03.45.06:464][885]LogFactory: FactoryCreateFile: Texture with ReimportTextureFactory (0 0 C:/Users/Felipe L/Desktop/Games/TankGameGit/InventorySystem_V1/Content/ImageInventory/8.png)
[2020.03.22-03.45.06:509][886]LogFactory: FactoryCreateFile: Texture with ReimportTextureFactory (0 0 C:/Users/Felipe L/Desktop/Games/TankGameGit/InventorySystem_V1/Content/ImageInventory/9.png)
[2020.03.22-03.45.06:622][887]Cmd: OBJ SAVEPACKAGE PACKAGE="/Game/ImageInventory/4" FILE="../../../../../../Users/Felipe L/Desktop/Games/TankGameGit/InventorySystem_V1/Content/ImageInventory/4.uasset" SILENT=true
[2020.03.22-03.45.06:639][887]LogSavePackage: Moving '../../../../../../Users/Felipe L/Desktop/Games/TankGameGit/InventorySystem_V1/Saved/433937591479EC766CBA31CAF8DDB211F.tmp' to '../../../../../../Users/Felipe L/Desktop/Games/TankGameGit/InventorySystem_V1/Content/ImageInventory/4.uasset'
[2020.03.22-03.45.06:670][887]Cmd: OBJ SAVEPACKAGE PACKAGE="/Game/ImageInventory/5" FILE="../../../../../../Users/Felipe L/Desktop/Games/TankGameGit/InventorySystem_V1/Content/ImageInventory/5.uasset" SILENT=true
[2020.03.22-03.45.06:684][887]LogSavePackage: Moving '../../../../../../Users/Felipe L/Desktop/Games/TankGameGit/InventorySystem_V1/Saved/5EE22B03949B8564CA53AE3A30D8B0CE4.tmp' to '../../../../../../Users/Felipe L/Desktop/Games/TankGameGit/InventorySystem_V1/Content/ImageInventory/5.uasset'
[2020.03.22-03.45.06:716][887]Cmd: OBJ SAVEPACKAGE PACKAGE="/Game/ImageInventory/6" FILE="../../../../../../Users/Felipe L/Desktop/Games/TankGameGit/InventorySystem_V1/Content/ImageInventory/6.uasset" SILENT=true
[2020.03.22-03.45.06:760][887]LogSavePackage: Moving '../../../../../../Users/Felipe L/Desktop/Games/TankGameGit/InventorySystem_V1/Saved/6B6857DD84C0C724656E85E8EC5B8D060.tmp' to '../../../../../../Users/Felipe L/Desktop/Games/TankGameGit/InventorySystem_V1/Content/ImageInventory/6.uasset'
[2020.03.22-03.45.06:785][887]Cmd: OBJ SAVEPACKAGE PACKAGE="/Game/ImageInventory/7" FILE="../../../../../../Users/Felipe L/Desktop/Games/TankGameGit/InventorySystem_V1/Content/ImageInventory/7.uasset" SILENT=true
[2020.03.22-03.45.06:800][887]LogSavePackage: Moving '../../../../../../Users/Felipe L/Desktop/Games/TankGameGit/InventorySystem_V1/Saved/7DFDD754146DFE3F23E5A72BB30F1B66A.tmp' to '../../../../../../Users/Felipe L/Desktop/Games/TankGameGit/InventorySystem_V1/Content/ImageInventory/7.uasset'
[2020.03.22-03.45.06:827][887]Cmd: OBJ SAVEPACKAGE PACKAGE="/Game/ImageInventory/8" FILE="../../../../../../Users/Felipe L/Desktop/Games/TankGameGit/InventorySystem_V1/Content/ImageInventory/8.uasset" SILENT=true
[2020.03.22-03.45.06:841][887]LogSavePackage: Moving '../../../../../../Users/Felipe L/Desktop/Games/TankGameGit/InventorySystem_V1/Saved/81C4AF9454C0E30C5F3998681A9B6C7D6.tmp' to '../../../../../../Users/Felipe L/Desktop/Games/TankGameGit/InventorySystem_V1/Content/ImageInventory/8.uasset'
[2020.03.22-03.45.06:867][887]Cmd: OBJ SAVEPACKAGE PACKAGE="/Game/ImageInventory/9" FILE="../../../../../../Users/Felipe L/Desktop/Games/TankGameGit/InventorySystem_V1/Content/ImageInventory/9.uasset" SILENT=true
[2020.03.22-03.45.06:881][887]LogSavePackage: Moving '../../../../../../Users/Felipe L/Desktop/Games/TankGameGit/InventorySystem_V1/Saved/973D4F30E431F4D53C5DAF2B21FDAE18F.tmp' to '../../../../../../Users/Felipe L/Desktop/Games/TankGameGit/InventorySystem_V1/Content/ImageInventory/9.uasset'
[2020.03.22-03.45.09:901][ 95]AssetReimport: Importing new asset /Game/ImageInventory/4.
[2020.03.22-03.45.09:902][ 95]AssetReimport: Importing new asset /Game/ImageInventory/5.
[2020.03.22-03.45.09:903][ 95]AssetReimport: Importing new asset /Game/ImageInventory/6.
[2020.03.22-03.45.09:904][ 95]AssetReimport: Importing new asset /Game/ImageInventory/7.
[2020.03.22-03.45.09:905][ 95]AssetReimport: Importing new asset /Game/ImageInventory/8.
[2020.03.22-03.45.09:908][ 95]AssetReimport: Importing new asset /Game/ImageInventory/9.
[2020.03.22-03.45.11:449][179]LogSlate: FSceneViewport::OnFocusLost() reason 0
[2020.03.22-03.45.12:367][272]LogAssetEditorManager: Opening Asset editor for WidgetBlueprint /Game/InventorySystem/InventorySystem_HUD/HUD.HUD
[2020.03.22-03.45.12:811][272]LogContentBrowser: Native class hierarchy updated for 'BlueprintGraph' in 0.0013 seconds. Added 121 classes and 0 folders.
[2020.03.22-03.45.13:792][272]LogBlueprintActionDatabase: Requesting refresh due to module change: SequencerWidgets (loaded)
[2020.03.22-03.45.14:365][272]LogSlate: Took 0.026309 seconds to synchronously load lazily loaded font '../../../Engine/Content/Slate/Fonts/Roboto-BoldCondensed.ttf' (158K)
[2020.03.22-03.45.22:071][178]LogSlate: Took 0.108024 seconds to synchronously load lazily loaded font '../../../Engine/Content/Slate/Fonts/DroidSansFallback.ttf' (3848K)
[2020.03.22-03.45.48:088][ 55]BlueprintLog: New page: Compile HUD
[2020.03.22-03.45.48:236][ 55]LogUObjectHash: Compacting FUObjectHashTables data took   8.90ms
[2020.03.22-03.45.48:525][ 70]LogSavePackage: Moving '../../../../../../Users/Felipe L/Desktop/Games/TankGameGit/InventorySystem_V1/Saved/HUDC50318414F2A67901326DF97F281FC91.tmp' to '../../../../../../Users/Felipe L/Desktop/Games/TankGameGit/InventorySystem_V1/Content/InventorySystem/InventorySystem_HUD/HUD.uasset'
[2020.03.22-03.45.57:542][ 50]LogHttp: Warning: 000001AD1FB4C2C0: request failed, libcurl error: 6 (Couldn't resolve host name)
[2020.03.22-03.45.57:543][ 50]LogHttp: Warning: 000001AD1FB4C2C0: libcurl info message cache 0 (Could not resolve host: datarouter.ol.epicgames.com)
[2020.03.22-03.45.57:543][ 50]LogHttp: Warning: 000001AD1FB4C2C0: libcurl info message cache 1 (Closing connection 0)
[2020.03.22-03.45.57:543][ 50]LogHttp: Warning: Retry exhausted on https://datarouter.ol.epicgames.com/datarouter/api/v1/public/data?SessionID=%7B45188936-4FC4-21EC-A397-CE958F2FFC7E%7D&AppID=UEEditor.Rocket.Release&AppVersion=4.22.1-6063286%2B%2B%2BUE4%2BRelease-4.22&UserID=ea019f70480b82548ea166a37ba0cee2%7C15fbd41e3a1344ccb721ba07f1d86505%7C42aaecbe-6a04-48c9-a65c-5ffc34d338e4&AppEnvironment=datacollector-binary&UploadType=eteventstream
[2020.03.22-03.46.05:802][ 29]BlueprintLog: New page: Compile HUD
[2020.03.22-03.46.05:855][ 29]LogUObjectHash: Compacting FUObjectHashTables data took   5.43ms
[2020.03.22-03.46.06:279][ 60]LogSavePackage: Moving '../../../../../../Users/Felipe L/Desktop/Games/TankGameGit/InventorySystem_V1/Saved/HUDD91C032B44DDAEA9F13494A8C3AB509A.tmp' to '../../../../../../Users/Felipe L/Desktop/Games/TankGameGit/InventorySystem_V1/Content/InventorySystem/InventorySystem_HUD/HUD.uasset'
[2020.03.22-03.47.10:743][593]Cmd: TRANSACTION UNDO
[2020.03.22-03.47.10:743][593]LogEditorTransaction: Undo Edit Specified Color
[2020.03.22-03.47.12:321][740]LogSlate: Window 'Color Picker' being destroyed
[2020.03.22-03.47.43:503][362]BlueprintLog: New page: Compile HUD
[2020.03.22-03.47.43:556][362]LogUObjectHash: Compacting FUObjectHashTables data took   4.30ms
[2020.03.22-03.47.44:713][482]LogSavePackage: Moving '../../../../../../Users/Felipe L/Desktop/Games/TankGameGit/InventorySystem_V1/Saved/HUDDA42C7934C2B359CDEF731ADD47F7CF5.tmp' to '../../../../../../Users/Felipe L/Desktop/Games/TankGameGit/InventorySystem_V1/Content/InventorySystem/InventorySystem_HUD/HUD.uasset'
[2020.03.22-03.47.45:870][601]LogTemp: Repeating last play command: Selected Viewport
[2020.03.22-03.47.45:943][601]LogBlueprintUserMessages: Early PlayInEditor Detection: Level '/Game/FirstPersonCPP/Maps/FirstPersonExampleMap.FirstPersonExampleMap:PersistentLevel' has LevelScriptBlueprint '/Game/FirstPersonCPP/Maps/FirstPersonExampleMap.FirstPersonExampleMap:PersistentLevel.FirstPersonExampleMap' with GeneratedClass '/Game/FirstPersonCPP/Maps/FirstPersonExampleMap.FirstPersonExampleMap_C' with ClassGeneratedBy '/Game/FirstPersonCPP/Maps/FirstPersonExampleMap.FirstPersonExampleMap:PersistentLevel.FirstPersonExampleMap'
[2020.03.22-03.47.45:943][601]LogPlayLevel: PlayLevel: No blueprints needed recompiling
[2020.03.22-03.47.45:943][601]PIE: New page: PIE session: FirstPersonExampleMap (Mar 22, 2020, 5:47:45 AM)
[2020.03.22-03.47.45:960][601]LogPlayLevel: Creating play world package: /Game/FirstPersonCPP/Maps/UEDPIE_0_FirstPersonExampleMap
[2020.03.22-03.47.45:987][601]LogPlayLevel: PIE: StaticDuplicateObject took: (0.025879s)
[2020.03.22-03.47.45:989][601]LogAIModule: Creating AISystem for world FirstPersonExampleMap
[2020.03.22-03.47.45:990][601]LogPlayLevel: PIE: World Init took: (0.002305s)
[2020.03.22-03.47.45:991][601]LogPlayLevel: PIE: Created PIE world by copying editor world from /Game/FirstPersonCPP/Maps/FirstPersonExampleMap.FirstPersonExampleMap to /Game/FirstPersonCPP/Maps/UEDPIE_0_FirstPersonExampleMap.FirstPersonExampleMap (0.030834s)
[2020.03.22-03.47.46:040][601]LogUObjectHash: Compacting FUObjectHashTables data took   4.81ms
[2020.03.22-03.47.46:054][601]LogInit: XAudio2 using 'Altavoces (Realtek High Definition Audio)' : 2 channels at 48 kHz using 32 bits per sample (channel mask 0x3)
[2020.03.22-03.47.46:076][601]LogInit: FAudioDevice initialized.
[2020.03.22-03.47.46:132][601]LogLoad: Game class is 'Inventory_C'
[2020.03.22-03.47.46:135][601]LogWorld: Bringing World /Game/FirstPersonCPP/Maps/UEDPIE_0_FirstPersonExampleMap.FirstPersonExampleMap up for play (max tick rate 0) at 2020.03.22-04.47.46
[2020.03.22-03.47.46:136][601]LogWorld: Bringing up level for play took: 0.003249
[2020.03.22-03.47.46:156][601]LogBlueprintActionDatabase: Requesting refresh due to module change: Voice (loaded)
[2020.03.22-03.47.46:177][601]LogBlueprintActionDatabase: Requesting refresh due to module change: MovieSceneCapture (loaded)
[2020.03.22-03.47.46:178][601]LogContentBrowser: Native class hierarchy updated for 'MovieSceneCapture' in 0.0008 seconds. Added 20 classes and 0 folders.
[2020.03.22-03.47.46:180][601]PIE: Play in editor start time for /Game/FirstPersonCPP/Maps/UEDPIE_0_FirstPersonExampleMap -0.193
[2020.03.22-03.47.46:181][601]LogBlueprintUserMessages: Late PlayInEditor Detection: Level '/Game/FirstPersonCPP/Maps/FirstPersonExampleMap.FirstPersonExampleMap:PersistentLevel' has LevelScriptBlueprint '/Game/FirstPersonCPP/Maps/FirstPersonExampleMap.FirstPersonExampleMap:PersistentLevel.FirstPersonExampleMap' with GeneratedClass '/Game/FirstPersonCPP/Maps/FirstPersonExampleMap.FirstPersonExampleMap_C' with ClassGeneratedBy '/Game/FirstPersonCPP/Maps/FirstPersonExampleMap.FirstPersonExampleMap:PersistentLevel.FirstPersonExampleMap'
[2020.03.22-03.47.50:409][ 25]LogBlueprintUserMessages: Early EndPlayMap Detection: Level '/Game/FirstPersonCPP/Maps/FirstPersonExampleMap.FirstPersonExampleMap:PersistentLevel' has LevelScriptBlueprint '/Game/FirstPersonCPP/Maps/FirstPersonExampleMap.FirstPersonExampleMap:PersistentLevel.FirstPersonExampleMap' with GeneratedClass '/Game/FirstPersonCPP/Maps/FirstPersonExampleMap.FirstPersonExampleMap_C' with ClassGeneratedBy '/Game/FirstPersonCPP/Maps/FirstPersonExampleMap.FirstPersonExampleMap:PersistentLevel.FirstPersonExampleMap'
[2020.03.22-03.47.50:410][ 25]LogSlate: Updating window title bar state: overlay mode, drag disabled, window buttons hidden, title bar hidden
[2020.03.22-03.47.50:447][ 25]LogPlayLevel: Display: Shutting down PIE online subsystems
[2020.03.22-03.47.50:447][ 25]LogBlueprintUserMessages: Late EndPlayMap Detection: Level '/Game/FirstPersonCPP/Maps/FirstPersonExampleMap.FirstPersonExampleMap:PersistentLevel' has LevelScriptBlueprint '/Game/FirstPersonCPP/Maps/FirstPersonExampleMap.FirstPersonExampleMap:PersistentLevel.FirstPersonExampleMap' with GeneratedClass '/Game/FirstPersonCPP/Maps/FirstPersonExampleMap.FirstPersonExampleMap_C' with ClassGeneratedBy '/Game/FirstPersonCPP/Maps/FirstPersonExampleMap.FirstPersonExampleMap:PersistentLevel.FirstPersonExampleMap'
[2020.03.22-03.47.50:515][ 25]LogSlate: Updating window title bar state: overlay mode, drag disabled, window buttons hidden, title bar hidden
[2020.03.22-03.47.50:562][ 25]LogUObjectHash: Compacting FUObjectHashTables data took   7.71ms
[2020.03.22-03.47.50:597][ 26]LogPlayLevel: Display: Destroying online subsystem :Context_7
[2020.03.22-03.47.51:511][129]LogSlate: FSceneViewport::OnFocusLost() reason 0
[2020.03.22-03.47.55:301][546]LogAssetEditorManager: Opening Asset editor for WidgetBlueprint /Game/InventorySystem/InventorySystem_HUD/Inventory_Slot.Inventory_Slot
[2020.03.22-03.47.57:581][756]LogHttp: Warning: 000001AD82BEAE80: request failed, libcurl error: 6 (Couldn't resolve host name)
[2020.03.22-03.47.57:581][756]LogHttp: Warning: 000001AD82BEAE80: libcurl info message cache 0 (Could not resolve host: datarouter.ol.epicgames.com)
[2020.03.22-03.47.57:581][756]LogHttp: Warning: 000001AD82BEAE80: libcurl info message cache 1 (Closing connection 1)
[2020.03.22-03.47.57:581][756]LogHttp: Warning: Retry exhausted on https://datarouter.ol.epicgames.com/datarouter/api/v1/public/data?SessionID=%7B45188936-4FC4-21EC-A397-CE958F2FFC7E%7D&AppID=UEEditor.Rocket.Release&AppVersion=4.22.1-6063286%2B%2B%2BUE4%2BRelease-4.22&UserID=ea019f70480b82548ea166a37ba0cee2%7C15fbd41e3a1344ccb721ba07f1d86505%7C42aaecbe-6a04-48c9-a65c-5ffc34d338e4&AppEnvironment=datacollector-binary&UploadType=eteventstream
[2020.03.22-03.48.00:754][ 97]LogSlate: Took 0.028259 seconds to synchronously load lazily loaded font '../../../Engine/Content/Slate/Fonts/Roboto-Italic.ttf' (157K)
[2020.03.22-03.49.03:129][486]LogSlate: Took 0.025760 seconds to synchronously load lazily loaded font '../../../Engine/Content/Slate/Fonts/Roboto-BoldCondensedItalic.ttf' (160K)
[2020.03.22-03.49.57:639][933]LogHttp: Warning: 000001AD360EFC40: request failed, libcurl error: 6 (Couldn't resolve host name)
[2020.03.22-03.49.57:639][933]LogHttp: Warning: 000001AD360EFC40: libcurl info message cache 0 (Could not resolve host: datarouter.ol.epicgames.com)
[2020.03.22-03.49.57:639][933]LogHttp: Warning: 000001AD360EFC40: libcurl info message cache 1 (Closing connection 2)
[2020.03.22-03.49.57:647][934]LogHttp: Warning: Retry exhausted on https://datarouter.ol.epicgames.com/datarouter/api/v1/public/data?SessionID=%7B45188936-4FC4-21EC-A397-CE958F2FFC7E%7D&AppID=UEEditor.Rocket.Release&AppVersion=4.22.1-6063286%2B%2B%2BUE4%2BRelease-4.22&UserID=ea019f70480b82548ea166a37ba0cee2%7C15fbd41e3a1344ccb721ba07f1d86505%7C42aaecbe-6a04-48c9-a65c-5ffc34d338e4&AppEnvironment=datacollector-binary&UploadType=eteventstream
[2020.03.22-03.51.57:701][997]LogHttp: Warning: 000001AD854C3D80: request failed, libcurl error: 6 (Couldn't resolve host name)
[2020.03.22-03.51.57:701][997]LogHttp: Warning: 000001AD854C3D80: libcurl info message cache 0 (Could not resolve host: datarouter.ol.epicgames.com)
[2020.03.22-03.51.57:701][997]LogHttp: Warning: 000001AD854C3D80: libcurl info message cache 1 (Closing connection 3)
[2020.03.22-03.51.57:707][998]LogHttp: Warning: Retry exhausted on https://datarouter.ol.epicgames.com/datarouter/api/v1/public/data?SessionID=%7B45188936-4FC4-21EC-A397-CE958F2FFC7E%7D&AppID=UEEditor.Rocket.Release&AppVersion=4.22.1-6063286%2B%2B%2BUE4%2BRelease-4.22&UserID=ea019f70480b82548ea166a37ba0cee2%7C15fbd41e3a1344ccb721ba07f1d86505%7C42aaecbe-6a04-48c9-a65c-5ffc34d338e4&AppEnvironment=datacollector-binary&UploadType=eteventstream
[2020.03.22-03.53.57:763][609]LogHttp: Warning: 000001AD867DCA40: request failed, libcurl error: 6 (Couldn't resolve host name)
[2020.03.22-03.53.57:763][609]LogHttp: Warning: 000001AD867DCA40: libcurl info message cache 0 (Could not resolve host: datarouter.ol.epicgames.com)
[2020.03.22-03.53.57:763][609]LogHttp: Warning: 000001AD867DCA40: libcurl info message cache 1 (Closing connection 4)
[2020.03.22-03.53.57:772][610]LogHttp: Warning: Retry exhausted on https://datarouter.ol.epicgames.com/datarouter/api/v1/public/data?SessionID=%7B45188936-4FC4-21EC-A397-CE958F2FFC7E%7D&AppID=UEEditor.Rocket.Release&AppVersion=4.22.1-6063286%2B%2B%2BUE4%2BRelease-4.22&UserID=ea019f70480b82548ea166a37ba0cee2%7C15fbd41e3a1344ccb721ba07f1d86505%7C42aaecbe-6a04-48c9-a65c-5ffc34d338e4&AppEnvironment=datacollector-binary&UploadType=eteventstream
[2020.03.22-03.54.08:505][745]BlueprintLog: New page: Compile HUD
[2020.03.22-03.54.08:544][745]LogBlueprint: Warning: [Compiler HUD] Event Reply  Return Value  should not be empty.  Return a reply such as Handled or Unhandled.
[2020.03.22-03.54.08:691][745]LogUObjectHash: Compacting FUObjectHashTables data took   6.62ms
[2020.03.22-03.54.08:722][745]LogBlueprint: Warning: [Compiler HUD] [0621.51] Compile of HUD successful, but with 1 Warning(s) [in 215 ms] (/Game/InventorySystem/InventorySystem_HUD/HUD.HUD)
[2020.03.22-03.54.09:147][779]LogSavePackage: Moving '../../../../../../Users/Felipe L/Desktop/Games/TankGameGit/InventorySystem_V1/Saved/HUD0ECDF76B43F7CB3D229DDEAF198D103D.tmp' to '../../../../../../Users/Felipe L/Desktop/Games/TankGameGit/InventorySystem_V1/Content/InventorySystem/InventorySystem_HUD/HUD.uasset'
[2020.03.22-03.54.18:613][658]LogSlate: Window 'Delete Variable' being destroyed
[2020.03.22-03.54.24:950][332]BlueprintLog: New page: Compile HUD
[2020.03.22-03.54.25:022][332]LogUObjectHash: Compacting FUObjectHashTables data took   7.33ms
[2020.03.22-03.54.25:574][375]LogSavePackage: Moving '../../../../../../Users/Felipe L/Desktop/Games/TankGameGit/InventorySystem_V1/Saved/HUDB2918C1D45D26958C64FF7A9F6AA7458.tmp' to '../../../../../../Users/Felipe L/Desktop/Games/TankGameGit/InventorySystem_V1/Content/InventorySystem/InventorySystem_HUD/HUD.uasset'
[2020.03.22-03.55.57:826][119]LogHttp: Warning: 000001AD86CC7740: request failed, libcurl error: 6 (Couldn't resolve host name)
[2020.03.22-03.55.57:826][119]LogHttp: Warning: 000001AD86CC7740: libcurl info message cache 0 (Could not resolve host: datarouter.ol.epicgames.com)
[2020.03.22-03.55.57:827][119]LogHttp: Warning: 000001AD86CC7740: libcurl info message cache 1 (Closing connection 5)
[2020.03.22-03.55.57:834][120]LogHttp: Warning: Retry exhausted on https://datarouter.ol.epicgames.com/datarouter/api/v1/public/data?SessionID=%7B45188936-4FC4-21EC-A397-CE958F2FFC7E%7D&AppID=UEEditor.Rocket.Release&AppVersion=4.22.1-6063286%2B%2B%2BUE4%2BRelease-4.22&UserID=ea019f70480b82548ea166a37ba0cee2%7C15fbd41e3a1344ccb721ba07f1d86505%7C42aaecbe-6a04-48c9-a65c-5ffc34d338e4&AppEnvironment=datacollector-binary&UploadType=eteventstream
[2020.03.22-03.56.29:376][654]BlueprintLog: New page: Compile HUD
[2020.03.22-03.56.29:461][654]LogUObjectHash: Compacting FUObjectHashTables data took   6.42ms
[2020.03.22-03.56.40:598][882]LogSlate: Window 'Color Picker' being destroyed
[2020.03.22-03.57.11:620][496]LogSlate: Window 'Color Picker' being destroyed
[2020.03.22-03.57.20:117][444]BlueprintLog: New page: Compile HUD
[2020.03.22-03.57.20:191][444]LogUObjectHash: Compacting FUObjectHashTables data took   7.28ms
[2020.03.22-03.57.20:860][494]LogSavePackage: Moving '../../../../../../Users/Felipe L/Desktop/Games/TankGameGit/InventorySystem_V1/Saved/HUDECCACD42433895B6E6A3E8B5FA682E71.tmp' to '../../../../../../Users/Felipe L/Desktop/Games/TankGameGit/InventorySystem_V1/Content/InventorySystem/InventorySystem_HUD/HUD.uasset'
[2020.03.22-03.57.25:225][965]LogTemp: Repeating last play command: Selected Viewport
[2020.03.22-03.57.25:279][965]LogBlueprintUserMessages: Early PlayInEditor Detection: Level '/Game/FirstPersonCPP/Maps/FirstPersonExampleMap.FirstPersonExampleMap:PersistentLevel' has LevelScriptBlueprint '/Game/FirstPersonCPP/Maps/FirstPersonExampleMap.FirstPersonExampleMap:PersistentLevel.FirstPersonExampleMap' with GeneratedClass '/Game/FirstPersonCPP/Maps/FirstPersonExampleMap.FirstPersonExampleMap_C' with ClassGeneratedBy '/Game/FirstPersonCPP/Maps/FirstPersonExampleMap.FirstPersonExampleMap:PersistentLevel.FirstPersonExampleMap'
[2020.03.22-03.57.25:279][965]LogPlayLevel: PlayLevel: No blueprints needed recompiling
[2020.03.22-03.57.25:280][965]PIE: New page: PIE session: FirstPersonExampleMap (Mar 22, 2020, 5:57:25 AM)
[2020.03.22-03.57.25:281][965]LogPlayLevel: Creating play world package: /Game/FirstPersonCPP/Maps/UEDPIE_0_FirstPersonExampleMap
[2020.03.22-03.57.25:303][965]LogPlayLevel: PIE: StaticDuplicateObject took: (0.022496s)
[2020.03.22-03.57.25:305][965]LogAIModule: Creating AISystem for world FirstPersonExampleMap
[2020.03.22-03.57.25:305][965]LogPlayLevel: PIE: World Init took: (0.001719s)
[2020.03.22-03.57.25:306][965]LogPlayLevel: PIE: Created PIE world by copying editor world from /Game/FirstPersonCPP/Maps/FirstPersonExampleMap.FirstPersonExampleMap to /Game/FirstPersonCPP/Maps/UEDPIE_0_FirstPersonExampleMap.FirstPersonExampleMap (0.025059s)
[2020.03.22-03.57.25:373][965]LogUObjectHash: Compacting FUObjectHashTables data took   5.32ms
[2020.03.22-03.57.25:391][965]LogInit: XAudio2 using 'Altavoces (Realtek High Definition Audio)' : 2 channels at 48 kHz using 32 bits per sample (channel mask 0x3)
[2020.03.22-03.57.25:414][965]LogInit: FAudioDevice initialized.
[2020.03.22-03.57.25:450][965]LogLoad: Game class is 'Inventory_C'
[2020.03.22-03.57.25:454][965]LogWorld: Bringing World /Game/FirstPersonCPP/Maps/UEDPIE_0_FirstPersonExampleMap.FirstPersonExampleMap up for play (max tick rate 0) at 2020.03.22-04.57.25
[2020.03.22-03.57.25:455][965]LogWorld: Bringing up level for play took: 0.004270
[2020.03.22-03.57.25:471][965]PIE: Play in editor start time for /Game/FirstPersonCPP/Maps/UEDPIE_0_FirstPersonExampleMap 1.042
[2020.03.22-03.57.25:472][965]LogBlueprintUserMessages: Late PlayInEditor Detection: Level '/Game/FirstPersonCPP/Maps/FirstPersonExampleMap.FirstPersonExampleMap:PersistentLevel' has LevelScriptBlueprint '/Game/FirstPersonCPP/Maps/FirstPersonExampleMap.FirstPersonExampleMap:PersistentLevel.FirstPersonExampleMap' with GeneratedClass '/Game/FirstPersonCPP/Maps/FirstPersonExampleMap.FirstPersonExampleMap_C' with ClassGeneratedBy '/Game/FirstPersonCPP/Maps/FirstPersonExampleMap.FirstPersonExampleMap:PersistentLevel.FirstPersonExampleMap'
[2020.03.22-03.57.38:932][437]LogBlueprintUserMessages: Early EndPlayMap Detection: Level '/Game/FirstPersonCPP/Maps/FirstPersonExampleMap.FirstPersonExampleMap:PersistentLevel' has LevelScriptBlueprint '/Game/FirstPersonCPP/Maps/FirstPersonExampleMap.FirstPersonExampleMap:PersistentLevel.FirstPersonExampleMap' with GeneratedClass '/Game/FirstPersonCPP/Maps/FirstPersonExampleMap.FirstPersonExampleMap_C' with ClassGeneratedBy '/Game/FirstPersonCPP/Maps/FirstPersonExampleMap.FirstPersonExampleMap:PersistentLevel.FirstPersonExampleMap'
[2020.03.22-03.57.38:933][437]LogSlate: Updating window title bar state: overlay mode, drag disabled, window buttons hidden, title bar hidden
[2020.03.22-03.57.38:976][437]LogPlayLevel: Display: Shutting down PIE online subsystems
[2020.03.22-03.57.38:977][437]LogBlueprintUserMessages: Late EndPlayMap Detection: Level '/Game/FirstPersonCPP/Maps/FirstPersonExampleMap.FirstPersonExampleMap:PersistentLevel' has LevelScriptBlueprint '/Game/FirstPersonCPP/Maps/FirstPersonExampleMap.FirstPersonExampleMap:PersistentLevel.FirstPersonExampleMap' with GeneratedClass '/Game/FirstPersonCPP/Maps/FirstPersonExampleMap.FirstPersonExampleMap_C' with ClassGeneratedBy '/Game/FirstPersonCPP/Maps/FirstPersonExampleMap.FirstPersonExampleMap:PersistentLevel.FirstPersonExampleMap'
[2020.03.22-03.57.39:046][437]LogSlate: Updating window title bar state: overlay mode, drag disabled, window buttons hidden, title bar hidden
[2020.03.22-03.57.39:055][437]LogUObjectHash: Compacting FUObjectHashTables data took   5.16ms
[2020.03.22-03.57.39:098][438]LogPlayLevel: Display: Destroying online subsystem :Context_10
[2020.03.22-03.57.50:607][770]BlueprintLog: New page: Compile HUD
[2020.03.22-03.57.50:669][770]LogBlueprint: Error: [Compiler HUD] Binding: Property ' Brush Delegate ' on Widget ' Image_57 ': Binding: 'None' : 'None' was not found on 'HUD'.
[2020.03.22-03.57.50:986][770]LogUObjectHash: Compacting FUObjectHashTables data took   7.65ms
[2020.03.22-03.57.51:011][770]LogBlueprint: Warning: [Compiler HUD] [0843.78] Compile of HUD failed. 1 Fatal Issue(s) 0 Warning(s) [in 402 ms] (/Game/InventorySystem/InventorySystem_HUD/HUD.HUD)
[2020.03.22-03.57.51:342][788]LogSavePackage: Moving '../../../../../../Users/Felipe L/Desktop/Games/TankGameGit/InventorySystem_V1/Saved/HUD4E1108574C59537B3E34CB9EA19B478B.tmp' to '../../../../../../Users/Felipe L/Desktop/Games/TankGameGit/InventorySystem_V1/Content/InventorySystem/InventorySystem_HUD/HUD.uasset'
[2020.03.22-03.57.57:876][527]LogHttp: Warning: 000001AD27E4F100: request failed, libcurl error: 6 (Couldn't resolve host name)
[2020.03.22-03.57.57:876][527]LogHttp: Warning: 000001AD27E4F100: libcurl info message cache 0 (Could not resolve host: datarouter.ol.epicgames.com)
[2020.03.22-03.57.57:876][527]LogHttp: Warning: 000001AD27E4F100: libcurl info message cache 1 (Closing connection 6)
[2020.03.22-03.57.57:885][528]LogHttp: Warning: Retry exhausted on https://datarouter.ol.epicgames.com/datarouter/api/v1/public/data?SessionID=%7B45188936-4FC4-21EC-A397-CE958F2FFC7E%7D&AppID=UEEditor.Rocket.Release&AppVersion=4.22.1-6063286%2B%2B%2BUE4%2BRelease-4.22&UserID=ea019f70480b82548ea166a37ba0cee2%7C15fbd41e3a1344ccb721ba07f1d86505%7C42aaecbe-6a04-48c9-a65c-5ffc34d338e4&AppEnvironment=datacollector-binary&UploadType=eteventstream
[2020.03.22-03.57.59:884][750]BlueprintLog: New page: Compile HUD
[2020.03.22-03.57.59:969][750]LogUObjectHash: Compacting FUObjectHashTables data took   7.49ms
[2020.03.22-03.58.00:548][791]LogSavePackage: Moving '../../../../../../Users/Felipe L/Desktop/Games/TankGameGit/InventorySystem_V1/Saved/HUD54D3EF9B4855FAB3C4C7018D994F3373.tmp' to '../../../../../../Users/Felipe L/Desktop/Games/TankGameGit/InventorySystem_V1/Content/InventorySystem/InventorySystem_HUD/HUD.uasset'
[2020.03.22-03.58.13:487][292]BlueprintLog: New page: Compile HUD
[2020.03.22-03.58.13:564][292]LogUObjectHash: Compacting FUObjectHashTables data took   5.43ms
[2020.03.22-03.58.14:096][342]LogSavePackage: Moving '../../../../../../Users/Felipe L/Desktop/Games/TankGameGit/InventorySystem_V1/Saved/HUD0F013954496B0058476723A4D3CF03F3.tmp' to '../../../../../../Users/Felipe L/Desktop/Games/TankGameGit/InventorySystem_V1/Content/InventorySystem/InventorySystem_HUD/HUD.uasset'
[2020.03.22-03.58.15:204][448]LogTemp: Repeating last play command: Selected Viewport
[2020.03.22-03.58.15:280][448]LogBlueprintUserMessages: Early PlayInEditor Detection: Level '/Game/FirstPersonCPP/Maps/FirstPersonExampleMap.FirstPersonExampleMap:PersistentLevel' has LevelScriptBlueprint '/Game/FirstPersonCPP/Maps/FirstPersonExampleMap.FirstPersonExampleMap:PersistentLevel.FirstPersonExampleMap' with GeneratedClass '/Game/FirstPersonCPP/Maps/FirstPersonExampleMap.FirstPersonExampleMap_C' with ClassGeneratedBy '/Game/FirstPersonCPP/Maps/FirstPersonExampleMap.FirstPersonExampleMap:PersistentLevel.FirstPersonExampleMap'
[2020.03.22-03.58.15:281][448]LogPlayLevel: PlayLevel: No blueprints needed recompiling
[2020.03.22-03.58.15:281][448]PIE: New page: PIE session: FirstPersonExampleMap (Mar 22, 2020, 5:58:15 AM)
[2020.03.22-03.58.15:281][448]LogPlayLevel: Creating play world package: /Game/FirstPersonCPP/Maps/UEDPIE_0_FirstPersonExampleMap
[2020.03.22-03.58.15:301][448]LogPlayLevel: PIE: StaticDuplicateObject took: (0.019210s)
[2020.03.22-03.58.15:302][448]LogAIModule: Creating AISystem for world FirstPersonExampleMap
[2020.03.22-03.58.15:302][448]LogPlayLevel: PIE: World Init took: (0.001610s)
[2020.03.22-03.58.15:303][448]LogPlayLevel: PIE: Created PIE world by copying editor world from /Game/FirstPersonCPP/Maps/FirstPersonExampleMap.FirstPersonExampleMap to /Game/FirstPersonCPP/Maps/UEDPIE_0_FirstPersonExampleMap.FirstPersonExampleMap (0.021791s)
[2020.03.22-03.58.15:360][448]LogUObjectHash: Compacting FUObjectHashTables data took   5.09ms
[2020.03.22-03.58.15:374][448]LogInit: XAudio2 using 'Altavoces (Realtek High Definition Audio)' : 2 channels at 48 kHz using 32 bits per sample (channel mask 0x3)
[2020.03.22-03.58.15:398][448]LogInit: FAudioDevice initialized.
[2020.03.22-03.58.15:435][448]LogLoad: Game class is 'Inventory_C'
[2020.03.22-03.58.15:439][448]LogWorld: Bringing World /Game/FirstPersonCPP/Maps/UEDPIE_0_FirstPersonExampleMap.FirstPersonExampleMap up for play (max tick rate 0) at 2020.03.22-04.58.15
[2020.03.22-03.58.15:440][448]LogWorld: Bringing up level for play took: 0.004631
[2020.03.22-03.58.15:456][448]PIE: Play in editor start time for /Game/FirstPersonCPP/Maps/UEDPIE_0_FirstPersonExampleMap 1.022
[2020.03.22-03.58.15:457][448]LogBlueprintUserMessages: Late PlayInEditor Detection: Level '/Game/FirstPersonCPP/Maps/FirstPersonExampleMap.FirstPersonExampleMap:PersistentLevel' has LevelScriptBlueprint '/Game/FirstPersonCPP/Maps/FirstPersonExampleMap.FirstPersonExampleMap:PersistentLevel.FirstPersonExampleMap' with GeneratedClass '/Game/FirstPersonCPP/Maps/FirstPersonExampleMap.FirstPersonExampleMap_C' with ClassGeneratedBy '/Game/FirstPersonCPP/Maps/FirstPersonExampleMap.FirstPersonExampleMap:PersistentLevel.FirstPersonExampleMap'
[2020.03.22-03.58.36:258][740]LogBlueprintUserMessages: Early EndPlayMap Detection: Level '/Game/FirstPersonCPP/Maps/FirstPersonExampleMap.FirstPersonExampleMap:PersistentLevel' has LevelScriptBlueprint '/Game/FirstPersonCPP/Maps/FirstPersonExampleMap.FirstPersonExampleMap:PersistentLevel.FirstPersonExampleMap' with GeneratedClass '/Game/FirstPersonCPP/Maps/FirstPersonExampleMap.FirstPersonExampleMap_C' with ClassGeneratedBy '/Game/FirstPersonCPP/Maps/FirstPersonExampleMap.FirstPersonExampleMap:PersistentLevel.FirstPersonExampleMap'
[2020.03.22-03.58.36:259][740]LogSlate: Updating window title bar state: overlay mode, drag disabled, window buttons hidden, title bar hidden
[2020.03.22-03.58.36:299][740]LogPlayLevel: Display: Shutting down PIE online subsystems
[2020.03.22-03.58.36:299][740]LogBlueprintUserMessages: Late EndPlayMap Detection: Level '/Game/FirstPersonCPP/Maps/FirstPersonExampleMap.FirstPersonExampleMap:PersistentLevel' has LevelScriptBlueprint '/Game/FirstPersonCPP/Maps/FirstPersonExampleMap.FirstPersonExampleMap:PersistentLevel.FirstPersonExampleMap' with GeneratedClass '/Game/FirstPersonCPP/Maps/FirstPersonExampleMap.FirstPersonExampleMap_C' with ClassGeneratedBy '/Game/FirstPersonCPP/Maps/FirstPersonExampleMap.FirstPersonExampleMap:PersistentLevel.FirstPersonExampleMap'
[2020.03.22-03.58.36:369][740]LogSlate: Updating window title bar state: overlay mode, drag disabled, window buttons hidden, title bar hidden
[2020.03.22-03.58.36:378][740]LogUObjectHash: Compacting FUObjectHashTables data took   4.85ms
[2020.03.22-03.58.36:416][741]LogPlayLevel: Display: Destroying online subsystem :Context_11
[2020.03.22-03.58.38:351][955]LogSlate: FSceneViewport::OnFocusLost() reason 0
[2020.03.22-03.58.38:500][964]LogUObjectHash: Compacting FUObjectHashTables data took   1.11ms
[2020.03.22-03.58.38:867][964]LogSavePackage: Moving '../../../../../../Users/Felipe L/Desktop/Games/TankGameGit/InventorySystem_V1/Saved/FirstPersonExampleMap15FEBF294FCF92E07658C5BF7E2BCCC2.tmp' to '../../../../../../Users/Felipe L/Desktop/Games/TankGameGit/InventorySystem_V1/Content/FirstPersonCPP/Maps/FirstPersonExampleMap.umap'
[2020.03.22-03.58.43:228][964]LogSavePackage: Moving '../../../../../../Users/Felipe L/Desktop/Games/TankGameGit/InventorySystem_V1/Saved/FirstPersonExampleMap_BuiltData87CCBFEA4C8A1EF17725D4B936DFE572.tmp' to '../../../../../../Users/Felipe L/Desktop/Games/TankGameGit/InventorySystem_V1/Content/FirstPersonCPP/Maps/FirstPersonExampleMap_BuiltData.uasset'
[2020.03.22-03.58.51:094][877]LogUObjectHash: Compacting FUObjectHashTables data took   5.32ms
[2020.03.22-03.58.51:609][877]LogSlate: Window 'InventorySystem_V1 - Unreal Editor' being destroyed
[2020.03.22-03.58.52:145][878]Cmd: QUIT_EDITOR
[2020.03.22-03.58.53:012][878]LogWindowsTextInputMethodSystem: Display: IME system now deactivated.
[2020.03.22-03.58.53:081][878]LogExit: Preparing to exit.
